#
# There is insufficient memory for the Java Runtime Environment to continue.
# Native memory allocation (malloc) failed to allocate 2442016 bytes for Chunk::new
# Possible reasons:
#   The system is out of physical RAM or swap space
#   The process is running with CompressedOops enabled, and the Java Heap may be blocking the growth of the native heap
# Possible solutions:
#   Reduce memory load on the system
#   Increase physical memory or swap space
#   Check if swap backing store is full
#   Decrease Java heap size (-Xmx/-Xms)
#   Decrease number of Java threads
#   Decrease Java thread stack sizes (-Xss)
#   Set larger code cache with -XX:ReservedCodeCacheSize=
#   JVM is running with Unscaled Compressed Oops mode in which the Java heap is
#     placed in the first 4GB address space. The Java Heap base address is the
#     maximum limit for the native heap growth. Please use -XX:HeapBaseMinAddress
#     to set the Java Heap base and to place the Java Heap above 4GB virtual address.
# This output file may be truncated or incomplete.
#
#  Out of Memory Error (arena.cpp:184), pid=14676, tid=17176
#
# JRE version: OpenJDK Runtime Environment (18.0.2.1+1) (build 18.0.2.1+1-1)
# Java VM: OpenJDK 64-Bit Server VM (18.0.2.1+1-1, mixed mode, sharing, tiered, compressed oops, compressed class ptrs, g1 gc, windows-amd64)
# No core dump will be written. Minidumps are not enabled by default on client versions of Windows
#

---------------  S U M M A R Y ------------

Command Line: -javaagent:C:\Program Files\JetBrains\IntelliJ IDEA Community Edition 2022.2.1\lib\idea_rt.jar=50851:C:\Program Files\JetBrains\IntelliJ IDEA Community Edition 2022.2.1\bin -Dfile.encoding=UTF-8 -Dsun.stdout.encoding=UTF-8 -Dsun.stderr.encoding=UTF-8 com.request.request.RequestApplication

Host: Intel(R) Celeron(R) N4020 CPU @ 1.10GHz, 2 cores, 3G,  Windows 11 , 64 bit Build 22000 (10.0.22000.1761)
Time: Fri Jun 23 09:16:35 2023 Hora oficial do Brasil elapsed time: 32.251252 seconds (0d 0h 0m 32s)

---------------  T H R E A D  ---------------

Current thread (0x0000019afbe30fd0):  JavaThread "C2 CompilerThread0" daemon [_thread_in_native, id=17176, stack(0x0000001075a00000,0x0000001075b00000)]


Current CompileTask:
C2:  32251 3817       4       org.springframework.core.ResolvableType::as (86 bytes)

Stack: [0x0000001075a00000,0x0000001075b00000]
Native frames: (J=compiled Java code, j=interpreted, Vv=VM code, C=native code)
V  [jvm.dll+0x6993aa]
V  [jvm.dll+0x7f46dd]
V  [jvm.dll+0x7f5fee]
V  [jvm.dll+0x7f66a3]
V  [jvm.dll+0x25cf1f]
V  [jvm.dll+0xb8c2f]
V  [jvm.dll+0xb8fa5]
V  [jvm.dll+0x3860cb]
V  [jvm.dll+0x34fe71]
V  [jvm.dll+0x34f30a]
V  [jvm.dll+0x230101]
V  [jvm.dll+0x22f4d1]
V  [jvm.dll+0x1ba01c]
V  [jvm.dll+0x23ee0a]
V  [jvm.dll+0x23d0f5]
V  [jvm.dll+0x7a6dd1]
V  [jvm.dll+0x7a120a]
V  [jvm.dll+0x698255]
C  [ucrtbase.dll+0x26c0c]
C  [KERNEL32.DLL+0x15590]
C  [ntdll.dll+0x485b]


---------------  P R O C E S S  ---------------

Threads class SMR info:
_java_thread_list=0x0000019a94aa27f0, length=15, elements={
0x0000019af0137500, 0x0000019afbe15020, 0x0000019afbe163e0, 0x0000019afbe2a5f0,
0x0000019afbe2af90, 0x0000019afbe2d940, 0x0000019afbe2e2e0, 0x0000019afbe30fd0,
0x0000019afbe9c7a0, 0x0000019afbe9d440, 0x0000019afbf1eb00, 0x0000019a935eec00,
0x0000019a935f54e0, 0x0000019a9381bb20, 0x0000019a93d2db70
}

Java Threads: ( => current thread )
  0x0000019af0137500 JavaThread "main" [_thread_blocked, id=18272, stack(0x0000001074d00000,0x0000001074e00000)]
  0x0000019afbe15020 JavaThread "Reference Handler" daemon [_thread_blocked, id=16548, stack(0x0000001075400000,0x0000001075500000)]
  0x0000019afbe163e0 JavaThread "Finalizer" daemon [_thread_blocked, id=9068, stack(0x0000001075500000,0x0000001075600000)]
  0x0000019afbe2a5f0 JavaThread "Signal Dispatcher" daemon [_thread_blocked, id=7960, stack(0x0000001075600000,0x0000001075700000)]
  0x0000019afbe2af90 JavaThread "Attach Listener" daemon [_thread_blocked, id=5568, stack(0x0000001075700000,0x0000001075800000)]
  0x0000019afbe2d940 JavaThread "Service Thread" daemon [_thread_blocked, id=7852, stack(0x0000001075800000,0x0000001075900000)]
  0x0000019afbe2e2e0 JavaThread "Monitor Deflation Thread" daemon [_thread_blocked, id=17980, stack(0x0000001075900000,0x0000001075a00000)]
=>0x0000019afbe30fd0 JavaThread "C2 CompilerThread0" daemon [_thread_in_native, id=17176, stack(0x0000001075a00000,0x0000001075b00000)]
  0x0000019afbe9c7a0 JavaThread "C1 CompilerThread0" daemon [_thread_blocked, id=10984, stack(0x0000001075b00000,0x0000001075c00000)]
  0x0000019afbe9d440 JavaThread "Sweeper thread" daemon [_thread_blocked, id=4228, stack(0x0000001075c00000,0x0000001075d00000)]
  0x0000019afbf1eb00 JavaThread "Common-Cleaner" daemon [_thread_blocked, id=5868, stack(0x0000001075d00000,0x0000001075e00000)]
  0x0000019a935eec00 JavaThread "Monitor Ctrl-Break" daemon [_thread_in_native, id=8624, stack(0x0000001075f00000,0x0000001076000000)]
  0x0000019a935f54e0 JavaThread "Notification Thread" daemon [_thread_blocked, id=15668, stack(0x0000001076000000,0x0000001076100000)]
  0x0000019a9381bb20 JavaThread "Thread-0" [_thread_blocked, id=14028, stack(0x0000001076200000,0x0000001076300000)]
  0x0000019a93d2db70 JavaThread "restartedMain" [_thread_in_vm, id=14140, stack(0x0000001076300000,0x0000001076400000)]

Other Threads:
  0x0000019afbe11c20 VMThread "VM Thread" [stack: 0x0000001075300000,0x0000001075400000] [id=6172]
  0x0000019af0138360 WatcherThread "VM Periodic Task Thread" [stack: 0x0000001076100000,0x0000001076200000] [id=9464]
  0x0000019af0174c90 WorkerThread "GC Thread#0" [stack: 0x0000001074e00000,0x0000001074f00000] [id=10612]
  0x0000019a932c25c0 WorkerThread "GC Thread#1" [stack: 0x0000001075e00000,0x0000001075f00000] [id=6224]
  0x0000019af017cc20 ConcurrentGCThread "G1 Main Marker" [stack: 0x0000001074f00000,0x0000001075000000] [id=2692]
  0x0000019aedf8ded0 WorkerThread "G1 Conc#0" [stack: 0x0000001075000000,0x0000001075100000] [id=4884]
  0x0000019af019b470 ConcurrentGCThread "G1 Refine#0" [stack: 0x0000001075100000,0x0000001075200000] [id=7020]
  0x0000019a93c64660 ConcurrentGCThread "G1 Refine#1" [stack: 0x0000001076400000,0x0000001076500000] [id=13732]
  0x0000019af019bd80 ConcurrentGCThread "G1 Service" [stack: 0x0000001075200000,0x0000001075300000] [id=7596]

Threads with active compile tasks:
C2 CompilerThread0    32313 3817       4       org.springframework.core.ResolvableType::as (86 bytes)

VM state: not at safepoint (normal execution)

VM Mutex/Monitor currently owned by a thread: None

Heap address: 0x00000000c2c00000, size: 980 MB, Compressed Oops mode: 32-bit

CDS archive(s) mapped at: [0x0000000800000000-0x0000000800ba0000-0x0000000800ba0000), size 12189696, SharedBaseAddress: 0x0000000800000000, ArchiveRelocationMode: 0.
Compressed class space mapped at: 0x0000000800c00000-0x0000000840c00000, reserved size: 1073741824
Narrow klass base: 0x0000000800000000, Narrow klass shift: 0, Narrow klass range: 0x100000000

GC Precious Log:
 CardTable entry size: 512
 Card Set container configuration: InlinePtr #cards 5 size 8 Array Of Cards #cards 12 size 40 Howl #buckets 4 coarsen threshold 1843 Howl Bitmap #cards 512 size 80 coarsen threshold 460 Card regions per heap region 1 cards per card region 2048
 CPUs: 2 total, 2 available
 Memory: 3918M
 Large Page Support: Disabled
 NUMA Support: Disabled
 Compressed Oops: Enabled (32-bit)
 Heap Region Size: 1M
 Heap Min Capacity: 8M
 Heap Initial Capacity: 62M
 Heap Max Capacity: 980M
 Pre-touch: Disabled
 Parallel Workers: 2
 Concurrent Workers: 1
 Concurrent Refinement Workers: 2
 Periodic GC: Disabled

Heap:
 garbage-first heap   total 48128K, used 27530K [0x00000000c2c00000, 0x0000000100000000)
  region size 1024K, 13 young (13312K), 3 survivors (3072K)
 Metaspace       used 32615K, committed 33088K, reserved 1114112K
  class space    used 4213K, committed 4416K, reserved 1048576K

Heap Regions: E=young(eden), S=young(survivor), O=old, HS=humongous(starts), HC=humongous(continues), CS=collection set, F=free, OA=open archive, CA=closed archive, TAMS=top-at-mark-start (previous, next)
|   0|0x00000000c2c00000, 0x00000000c2d00000, 0x00000000c2d00000|100%|HS|  |TAMS 0x00000000c2d00000, 0x00000000c2c00000| Complete 
|   1|0x00000000c2d00000, 0x00000000c2e00000, 0x00000000c2e00000|100%| O|  |TAMS 0x00000000c2e00000, 0x00000000c2d00000| Untracked 
|   2|0x00000000c2e00000, 0x00000000c2f00000, 0x00000000c2f00000|100%| O|  |TAMS 0x00000000c2f00000, 0x00000000c2e00000| Untracked 
|   3|0x00000000c2f00000, 0x00000000c3000000, 0x00000000c3000000|100%| O|  |TAMS 0x00000000c3000000, 0x00000000c2f00000| Untracked 
|   4|0x00000000c3000000, 0x00000000c3100000, 0x00000000c3100000|100%| O|  |TAMS 0x00000000c3100000, 0x00000000c3000000| Untracked 
|   5|0x00000000c3100000, 0x00000000c3200000, 0x00000000c3200000|100%| O|  |TAMS 0x00000000c3200000, 0x00000000c3100000| Untracked 
|   6|0x00000000c3200000, 0x00000000c3300000, 0x00000000c3300000|100%| O|  |TAMS 0x00000000c3300000, 0x00000000c3200000| Untracked 
|   7|0x00000000c3300000, 0x00000000c3400000, 0x00000000c3400000|100%| O|  |TAMS 0x00000000c3308c00, 0x00000000c3300000| Untracked 
|   8|0x00000000c3400000, 0x00000000c34b1e00, 0x00000000c3500000| 69%| O|  |TAMS 0x00000000c3400000, 0x00000000c3400000| Untracked 
|   9|0x00000000c3500000, 0x00000000c3600000, 0x00000000c3600000|100%| O|  |TAMS 0x00000000c3500000, 0x00000000c3500000| Untracked 
|  10|0x00000000c3600000, 0x00000000c3700000, 0x00000000c3700000|100%| O|  |TAMS 0x00000000c3600000, 0x00000000c3600000| Untracked 
|  11|0x00000000c3700000, 0x00000000c3800000, 0x00000000c3800000|100%| O|  |TAMS 0x00000000c3700000, 0x00000000c3700000| Untracked 
|  12|0x00000000c3800000, 0x00000000c3900000, 0x00000000c3900000|100%| O|  |TAMS 0x00000000c3800000, 0x00000000c3800000| Untracked 
|  13|0x00000000c3900000, 0x00000000c3a00000, 0x00000000c3a00000|100%| O|  |TAMS 0x00000000c3900000, 0x00000000c3900000| Untracked 
|  14|0x00000000c3a00000, 0x00000000c3b00000, 0x00000000c3b00000|100%| O|  |TAMS 0x00000000c3a00000, 0x00000000c3a00000| Untracked 
|  15|0x00000000c3b00000, 0x00000000c3b30c00, 0x00000000c3c00000| 19%| O|  |TAMS 0x00000000c3b00000, 0x00000000c3b00000| Untracked 
|  16|0x00000000c3c00000, 0x00000000c3c00000, 0x00000000c3d00000|  0%| F|  |TAMS 0x00000000c3c00000, 0x00000000c3c00000| Untracked 
|  17|0x00000000c3d00000, 0x00000000c3d00000, 0x00000000c3e00000|  0%| F|  |TAMS 0x00000000c3d00000, 0x00000000c3d00000| Untracked 
|  18|0x00000000c3e00000, 0x00000000c3e00000, 0x00000000c3f00000|  0%| F|  |TAMS 0x00000000c3e00000, 0x00000000c3e00000| Untracked 
|  19|0x00000000c3f00000, 0x00000000c3f00000, 0x00000000c4000000|  0%| F|  |TAMS 0x00000000c3f00000, 0x00000000c3f00000| Untracked 
|  20|0x00000000c4000000, 0x00000000c4000000, 0x00000000c4100000|  0%| F|  |TAMS 0x00000000c4000000, 0x00000000c4000000| Untracked 
|  21|0x00000000c4100000, 0x00000000c4100000, 0x00000000c4200000|  0%| F|  |TAMS 0x00000000c4100000, 0x00000000c4100000| Untracked 
|  22|0x00000000c4200000, 0x00000000c4200000, 0x00000000c4300000|  0%| F|  |TAMS 0x00000000c4200000, 0x00000000c4200000| Untracked 
|  23|0x00000000c4300000, 0x00000000c4400000, 0x00000000c4400000|100%| S|CS|TAMS 0x00000000c4300000, 0x00000000c4300000| Complete 
|  24|0x00000000c4400000, 0x00000000c4500000, 0x00000000c4500000|100%| S|CS|TAMS 0x00000000c4400000, 0x00000000c4400000| Complete 
|  25|0x00000000c4500000, 0x00000000c4600000, 0x00000000c4600000|100%| S|CS|TAMS 0x00000000c4500000, 0x00000000c4500000| Complete 
|  26|0x00000000c4600000, 0x00000000c4600000, 0x00000000c4700000|  0%| F|  |TAMS 0x00000000c4600000, 0x00000000c4600000| Untracked 
|  27|0x00000000c4700000, 0x00000000c4700000, 0x00000000c4800000|  0%| F|  |TAMS 0x00000000c4700000, 0x00000000c4700000| Untracked 
|  28|0x00000000c4800000, 0x00000000c4800000, 0x00000000c4900000|  0%| F|  |TAMS 0x00000000c4800000, 0x00000000c4800000| Untracked 
|  29|0x00000000c4900000, 0x00000000c4900000, 0x00000000c4a00000|  0%| F|  |TAMS 0x00000000c4900000, 0x00000000c4900000| Untracked 
|  30|0x00000000c4a00000, 0x00000000c4a00000, 0x00000000c4b00000|  0%| F|  |TAMS 0x00000000c4a00000, 0x00000000c4a00000| Untracked 
|  31|0x00000000c4b00000, 0x00000000c4b00000, 0x00000000c4c00000|  0%| F|  |TAMS 0x00000000c4b00000, 0x00000000c4b00000| Untracked 
|  32|0x00000000c4c00000, 0x00000000c4c00000, 0x00000000c4d00000|  0%| F|  |TAMS 0x00000000c4c00000, 0x00000000c4c00000| Untracked 
|  33|0x00000000c4d00000, 0x00000000c4d00000, 0x00000000c4e00000|  0%| F|  |TAMS 0x00000000c4d00000, 0x00000000c4d00000| Untracked 
|  34|0x00000000c4e00000, 0x00000000c4e00000, 0x00000000c4f00000|  0%| F|  |TAMS 0x00000000c4e00000, 0x00000000c4e00000| Untracked 
|  35|0x00000000c4f00000, 0x00000000c4f00000, 0x00000000c5000000|  0%| F|  |TAMS 0x00000000c4f00000, 0x00000000c4f00000| Untracked 
|  36|0x00000000c5000000, 0x00000000c5000000, 0x00000000c5100000|  0%| F|  |TAMS 0x00000000c5000000, 0x00000000c5000000| Untracked 
|  37|0x00000000c5100000, 0x00000000c51c21e8, 0x00000000c5200000| 75%| E|  |TAMS 0x00000000c5100000, 0x00000000c5100000| Complete 
|  38|0x00000000c5200000, 0x00000000c5300000, 0x00000000c5300000|100%| E|CS|TAMS 0x00000000c5200000, 0x00000000c5200000| Complete 
|  39|0x00000000c5300000, 0x00000000c5400000, 0x00000000c5400000|100%| E|CS|TAMS 0x00000000c5300000, 0x00000000c5300000| Complete 
|  40|0x00000000c5400000, 0x00000000c5500000, 0x00000000c5500000|100%| E|CS|TAMS 0x00000000c5400000, 0x00000000c5400000| Complete 
|  41|0x00000000c5500000, 0x00000000c5600000, 0x00000000c5600000|100%| E|CS|TAMS 0x00000000c5500000, 0x00000000c5500000| Complete 
|  42|0x00000000c5600000, 0x00000000c5700000, 0x00000000c5700000|100%| E|CS|TAMS 0x00000000c5600000, 0x00000000c5600000| Complete 
|  43|0x00000000c5700000, 0x00000000c5800000, 0x00000000c5800000|100%| E|CS|TAMS 0x00000000c5700000, 0x00000000c5700000| Complete 
|  44|0x00000000c5800000, 0x00000000c5900000, 0x00000000c5900000|100%| E|CS|TAMS 0x00000000c5800000, 0x00000000c5800000| Complete 
|  45|0x00000000c5900000, 0x00000000c5a00000, 0x00000000c5a00000|100%| E|CS|TAMS 0x00000000c5900000, 0x00000000c5900000| Complete 
|  46|0x00000000c5a00000, 0x00000000c5b00000, 0x00000000c5b00000|100%| E|CS|TAMS 0x00000000c5a00000, 0x00000000c5a00000| Complete 

Card table byte_map: [0x0000019aefee0000,0x0000019af00d0000] _byte_map_base: 0x0000019aef8ca000

Marking Bits (Prev, Next): (CMBitMap*) 0x0000019aedf8d200, (CMBitMap*) 0x0000019aedf8d1c0
 Prev Bits: [0x0000019af8ba0000, 0x0000019af9af0000)
 Next Bits: [0x0000019af7c50000, 0x0000019af8ba0000)

Polling page: 0x0000019aee080000

Metaspace:

Usage:
  Non-class:     27.74 MB used.
      Class:      4.11 MB used.
       Both:     31.85 MB used.

Virtual space:
  Non-class space:       64.00 MB reserved,      28.00 MB ( 44%) committed,  1 nodes.
      Class space:        1.00 GB reserved,       4.31 MB ( <1%) committed,  1 nodes.
             Both:        1.06 GB reserved,      32.31 MB (  3%) committed. 

Chunk freelists:
   Non-Class:  3.53 MB
       Class:  3.53 MB
        Both:  7.05 MB

MaxMetaspaceSize: unlimited
CompressedClassSpaceSize: 1.00 GB
Initial GC threshold: 21.00 MB
Current GC threshold: 35.12 MB
CDS: on
MetaspaceReclaimPolicy: balanced
 - commit_granule_bytes: 65536.
 - commit_granule_words: 8192.
 - virtual_space_node_default_size: 8388608.
 - enlarge_chunks_in_place: 1.
 - new_chunks_are_fully_committed: 0.
 - uncommit_free_chunks: 1.
 - use_allocation_guard: 0.


Internal statistics:

num_allocs_failed_limit: 3.
num_arena_births: 532.
num_arena_deaths: 0.
num_vsnodes_births: 2.
num_vsnodes_deaths: 0.
num_space_committed: 517.
num_space_uncommitted: 0.
num_chunks_returned_to_freelist: 3.
num_chunks_taken_from_freelist: 1688.
num_chunk_merges: 3.
num_chunk_splits: 1171.
num_chunks_enlarged: 912.
num_inconsistent_stats: 0.

CodeHeap 'non-profiled nmethods': size=120064Kb used=1990Kb max_used=1990Kb free=118073Kb
 bounds [0x0000019a87ac0000, 0x0000019a87d30000, 0x0000019a8f000000]
CodeHeap 'profiled nmethods': size=120000Kb used=8884Kb max_used=8884Kb free=111115Kb
 bounds [0x0000019a80590000, 0x0000019a80e40000, 0x0000019a87ac0000]
CodeHeap 'non-nmethods': size=5696Kb used=1210Kb max_used=1248Kb free=4485Kb
 bounds [0x0000019a80000000, 0x0000019a80270000, 0x0000019a80590000]
 total_blobs=4502 nmethods=4000 adapters=415
 compilation: enabled
              stopped_count=0, restarted_count=0
 full_count=0

Compilation events (20 events):
Event: 28.563 Thread 0x0000019afbe9c7a0 3826       3       java.lang.invoke.Invokers$Holder::linkToTargetMethod (13 bytes)
Event: 28.563 Thread 0x0000019afbe9c7a0 nmethod 3826 0x0000019a80dd0a10 code [0x0000019a80dd0bc0, 0x0000019a80dd0e78]
Event: 28.563 Thread 0x0000019afbe9c7a0 3827       3       java.lang.invoke.LambdaForm$DMH/0x0000000800c8a800::newInvokeSpecial (30 bytes)
Event: 28.563 Thread 0x0000019afbe9c7a0 nmethod 3827 0x0000019a80dd0f90 code [0x0000019a80dd1180, 0x0000019a80dd1748]
Event: 28.576 Thread 0x0000019afbe9c7a0 3828       3       ch.qos.logback.classic.Logger::createChildByName (99 bytes)
Event: 28.577 Thread 0x0000019afbe9c7a0 nmethod 3828 0x0000019a80dd1910 code [0x0000019a80dd1b60, 0x0000019a80dd2758]
Event: 28.579 Thread 0x0000019afbe9c7a0 3829       3       org.springframework.beans.factory.support.AbstractAutowireCapableBeanFactory$FactoryBeanMethodTypeFinder::isFactoryBeanMethod (32 bytes)
Event: 28.579 Thread 0x0000019afbe9c7a0 nmethod 3829 0x0000019a80dd2b90 code [0x0000019a80dd2d40, 0x0000019a80dd2f98]
Event: 28.579 Thread 0x0000019afbe9c7a0 3830       3       org.springframework.beans.factory.support.AbstractAutowireCapableBeanFactory$FactoryBeanMethodTypeFinder::doWith (84 bytes)
Event: 28.580 Thread 0x0000019afbe9c7a0 nmethod 3830 0x0000019a80dd3090 code [0x0000019a80dd3340, 0x0000019a80dd4198]
Event: 28.586 Thread 0x0000019afbe9c7a0 3832       3       java.lang.invoke.DirectMethodHandle$Holder::invokeStatic (22 bytes)
Event: 28.586 Thread 0x0000019afbe9c7a0 nmethod 3832 0x0000019a80dd4690 code [0x0000019a80dd4860, 0x0000019a80dd4dd8]
Event: 28.699 Thread 0x0000019afbe9c7a0 3833 %     3       java.util.Properties$LineReader::readLine @ 293 (584 bytes)
Event: 28.703 Thread 0x0000019afbe9c7a0 nmethod 3833% 0x0000019a80dd4f10 code [0x0000019a80dd5300, 0x0000019a80dd8338]
Event: 28.703 Thread 0x0000019afbe9c7a0 3834       3       java.util.Properties$LineReader::readLine (584 bytes)
Event: 28.707 Thread 0x0000019afbe9c7a0 nmethod 3834 0x0000019a80dd9190 code [0x0000019a80dd9560, 0x0000019a80ddc0d8]
Event: 28.798 Thread 0x0000019afbe9c7a0 3836       3       java.nio.charset.CoderResult::isUnderflow (13 bytes)
Event: 28.798 Thread 0x0000019afbe9c7a0 nmethod 3836 0x0000019a80ddcd90 code [0x0000019a80ddcf20, 0x0000019a80ddd098]
Event: 28.800 Thread 0x0000019afbe9c7a0 3837       3       java.nio.CharBuffer::arrayOffset (35 bytes)
Event: 28.801 Thread 0x0000019afbe9c7a0 nmethod 3837 0x0000019a80ddd110 code [0x0000019a80ddd2e0, 0x0000019a80ddd5b8]

GC Heap History (16 events):
Event: 3.401 GC heap before
{Heap before GC invocations=0 (full 0):
 garbage-first heap   total 63488K, used 6144K [0x00000000c2c00000, 0x0000000100000000)
  region size 1024K, 6 young (6144K), 0 survivors (0K)
 Metaspace       used 397K, committed 576K, reserved 1114112K
  class space    used 13K, committed 128K, reserved 1048576K
}
Event: 3.435 GC heap after
{Heap after GC invocations=1 (full 0):
 garbage-first heap   total 63488K, used 5480K [0x00000000c2c00000, 0x0000000100000000)
  region size 1024K, 1 young (1024K), 1 survivors (1024K)
 Metaspace       used 397K, committed 576K, reserved 1114112K
  class space    used 13K, committed 128K, reserved 1048576K
}
Event: 3.936 GC heap before
{Heap before GC invocations=1 (full 0):
 garbage-first heap   total 63488K, used 6504K [0x00000000c2c00000, 0x0000000100000000)
  region size 1024K, 3 young (3072K), 1 survivors (1024K)
 Metaspace       used 1422K, committed 1536K, reserved 1114112K
  class space    used 107K, committed 192K, reserved 1048576K
}
Event: 3.940 GC heap after
{Heap after GC invocations=2 (full 0):
 garbage-first heap   total 63488K, used 6276K [0x00000000c2c00000, 0x0000000100000000)
  region size 1024K, 1 young (1024K), 1 survivors (1024K)
 Metaspace       used 1422K, committed 1536K, reserved 1114112K
  class space    used 107K, committed 192K, reserved 1048576K
}
Event: 6.489 GC heap before
{Heap before GC invocations=2 (full 0):
 garbage-first heap   total 63488K, used 13444K [0x00000000c2c00000, 0x0000000100000000)
  region size 1024K, 8 young (8192K), 1 survivors (1024K)
 Metaspace       used 4277K, committed 4480K, reserved 1114112K
  class space    used 461K, committed 576K, reserved 1048576K
}
Event: 6.493 GC heap after
{Heap after GC invocations=3 (full 0):
 garbage-first heap   total 63488K, used 7259K [0x00000000c2c00000, 0x0000000100000000)
  region size 1024K, 1 young (1024K), 1 survivors (1024K)
 Metaspace       used 4277K, committed 4480K, reserved 1114112K
  class space    used 461K, committed 576K, reserved 1048576K
}
Event: 14.639 GC heap before
{Heap before GC invocations=3 (full 0):
 garbage-first heap   total 63488K, used 32859K [0x00000000c2c00000, 0x0000000100000000)
  region size 1024K, 26 young (26624K), 1 survivors (1024K)
 Metaspace       used 10619K, committed 10816K, reserved 1114112K
  class space    used 1302K, committed 1408K, reserved 1048576K
}
Event: 14.657 GC heap after
{Heap after GC invocations=4 (full 0):
 garbage-first heap   total 63488K, used 9091K [0x00000000c2c00000, 0x0000000100000000)
  region size 1024K, 3 young (3072K), 3 survivors (3072K)
 Metaspace       used 10619K, committed 10816K, reserved 1114112K
  class space    used 1302K, committed 1408K, reserved 1048576K
}
Event: 16.932 GC heap before
{Heap before GC invocations=4 (full 0):
 garbage-first heap   total 63488K, used 39811K [0x00000000c2c00000, 0x0000000100000000)
  region size 1024K, 34 young (34816K), 3 survivors (3072K)
 Metaspace       used 18539K, committed 18816K, reserved 1114112K
  class space    used 2325K, committed 2496K, reserved 1048576K
}
Event: 16.946 GC heap after
{Heap after GC invocations=5 (full 0):
 garbage-first heap   total 63488K, used 11522K [0x00000000c2c00000, 0x0000000100000000)
  region size 1024K, 5 young (5120K), 5 survivors (5120K)
 Metaspace       used 18539K, committed 18816K, reserved 1114112K
  class space    used 2325K, committed 2496K, reserved 1048576K
}
Event: 19.213 GC heap before
{Heap before GC invocations=5 (full 0):
 garbage-first heap   total 63488K, used 33026K [0x00000000c2c00000, 0x0000000100000000)
  region size 1024K, 27 young (27648K), 5 survivors (5120K)
 Metaspace       used 21224K, committed 21504K, reserved 1114112K
  class space    used 2595K, committed 2752K, reserved 1048576K
}
Event: 19.228 GC heap after
{Heap after GC invocations=6 (full 0):
 garbage-first heap   total 63488K, used 14023K [0x00000000c2c00000, 0x0000000100000000)
  region size 1024K, 5 young (5120K), 5 survivors (5120K)
 Metaspace       used 21224K, committed 21504K, reserved 1114112K
  class space    used 2595K, committed 2752K, reserved 1048576K
}
Event: 21.158 GC heap before
{Heap before GC invocations=7 (full 0):
 garbage-first heap   total 48128K, used 37575K [0x00000000c2c00000, 0x0000000100000000)
  region size 1024K, 28 young (28672K), 5 survivors (5120K)
 Metaspace       used 24552K, committed 24896K, reserved 1114112K
  class space    used 3084K, committed 3264K, reserved 1048576K
}
Event: 21.174 GC heap after
{Heap after GC invocations=8 (full 0):
 garbage-first heap   total 48128K, used 14763K [0x00000000c2c00000, 0x0000000100000000)
  region size 1024K, 2 young (2048K), 2 survivors (2048K)
 Metaspace       used 24552K, committed 24896K, reserved 1114112K
  class space    used 3084K, committed 3264K, reserved 1048576K
}
Event: 25.464 GC heap before
{Heap before GC invocations=8 (full 0):
 garbage-first heap   total 48128K, used 34219K [0x00000000c2c00000, 0x0000000100000000)
  region size 1024K, 21 young (21504K), 2 survivors (2048K)
 Metaspace       used 27210K, committed 27520K, reserved 1114112K
  class space    used 3451K, committed 3584K, reserved 1048576K
}
Event: 25.487 GC heap after
{Heap after GC invocations=9 (full 0):
 garbage-first heap   total 48128K, used 16123K [0x00000000c2c00000, 0x0000000100000000)
  region size 1024K, 2 young (2048K), 2 survivors (2048K)
 Metaspace       used 27210K, committed 27520K, reserved 1114112K
  class space    used 3451K, committed 3584K, reserved 1048576K
}

Deoptimization events (20 events):
Event: 27.730 Thread 0x0000019a93d2db70 DEOPT PACKING pc=0x0000019a87bc6960 sp=0x00000010763fc700
Event: 27.730 Thread 0x0000019a93d2db70 DEOPT UNPACKING pc=0x0000019a8005239d sp=0x00000010763fc548 mode 2
Event: 27.733 Thread 0x0000019a93d2db70 Uncommon trap: trap_request=0xffffff45 fr.pc=0x0000019a87bc7a10 relative=0x00000000000005b0
Event: 27.733 Thread 0x0000019a93d2db70 Uncommon trap: reason=unstable_if action=reinterpret pc=0x0000019a87bc7a10 method=org.springframework.util.ConcurrentReferenceHashMap$Segment.findInChain(Lorg/springframework/util/ConcurrentReferenceHashMap$Reference;Ljava/lang/Object;I)Lorg/springframewo
Event: 27.733 Thread 0x0000019a93d2db70 DEOPT PACKING pc=0x0000019a87bc7a10 sp=0x00000010763fc2f0
Event: 27.733 Thread 0x0000019a93d2db70 DEOPT UNPACKING pc=0x0000019a8005239d sp=0x00000010763fc1a0 mode 2
Event: 28.697 Thread 0x0000019a93d2db70 Uncommon trap: trap_request=0xffffff45 fr.pc=0x0000019a87b91220 relative=0x0000000000000a80
Event: 28.697 Thread 0x0000019a93d2db70 Uncommon trap: reason=unstable_if action=reinterpret pc=0x0000019a87b91220 method=java.util.Properties$LineReader.readLine()I @ 25 c2
Event: 28.697 Thread 0x0000019a93d2db70 DEOPT PACKING pc=0x0000019a87b91220 sp=0x00000010763fc850
Event: 28.697 Thread 0x0000019a93d2db70 DEOPT UNPACKING pc=0x0000019a8005239d sp=0x00000010763fc7e8 mode 2
Event: 28.704 Thread 0x0000019a93d2db70 Uncommon trap: trap_request=0xffffff76 fr.pc=0x0000019a87b862b0 relative=0x0000000000000170
Event: 28.704 Thread 0x0000019a93d2db70 Uncommon trap: reason=predicate action=maybe_recompile pc=0x0000019a87b862b0 method=java.util.Properties$LineReader.readLine()I @ 53 c2
Event: 28.707 Thread 0x0000019a93d2db70 DEOPT PACKING pc=0x0000019a87b862b0 sp=0x00000010763fc840
Event: 28.707 Thread 0x0000019a93d2db70 DEOPT UNPACKING pc=0x0000019a8005239d sp=0x00000010763fc7f0 mode 2
Event: 28.708 Thread 0x0000019a93d2db70 Uncommon trap: trap_request=0xffffff45 fr.pc=0x0000019a87c57ca0 relative=0x00000000000000a0
Event: 28.708 Thread 0x0000019a93d2db70 Uncommon trap: reason=unstable_if action=reinterpret pc=0x0000019a87c57ca0 method=java.nio.Buffer.position(I)Ljava/nio/Buffer; @ 37 c2
Event: 28.708 Thread 0x0000019a93d2db70 DEOPT PACKING pc=0x0000019a87c57ca0 sp=0x00000010763fc480
Event: 28.708 Thread 0x0000019a93d2db70 DEOPT UNPACKING pc=0x0000019a8005239d sp=0x00000010763fc408 mode 2
Event: 28.797 Thread 0x0000019a93d2db70 DEOPT PACKING pc=0x0000019a809dadb5 sp=0x00000010763fc8e0
Event: 28.797 Thread 0x0000019a93d2db70 DEOPT UNPACKING pc=0x0000019a80052b24 sp=0x00000010763fbdd8 mode 0

Classes loaded (20 events):
Event: 28.678 Loading class java/util/ResourceBundle$ResourceBundleControlProviderHolder
Event: 28.679 Loading class java/util/ResourceBundle$ResourceBundleControlProviderHolder done
Event: 28.680 Loading class java/util/spi/ResourceBundleControlProvider
Event: 28.681 Loading class java/util/spi/ResourceBundleControlProvider done
Event: 28.683 Loading class java/util/ResourceBundle$CacheKey
Event: 28.684 Loading class java/util/ResourceBundle$CacheKey done
Event: 28.684 Loading class java/util/ResourceBundle$KeyElementReference
Event: 28.684 Loading class java/util/ResourceBundle$CacheKeyReference
Event: 28.684 Loading class java/util/ResourceBundle$CacheKeyReference done
Event: 28.684 Loading class java/util/ResourceBundle$KeyElementReference done
Event: 28.685 Loading class java/util/ResourceBundle$Control$2
Event: 28.685 Loading class java/util/ResourceBundle$Control$2 done
Event: 28.686 Loading class java/util/PropertyResourceBundle
Event: 28.688 Loading class java/util/PropertyResourceBundle done
Event: 28.688 Loading class sun/util/PropertyResourceBundleCharset
Event: 28.692 Loading class sun/util/PropertyResourceBundleCharset done
Event: 28.692 Loading class sun/util/PropertyResourceBundleCharset$PropertiesFileDecoder
Event: 28.694 Loading class sun/util/PropertyResourceBundleCharset$PropertiesFileDecoder done
Event: 28.802 Loading class java/util/ResourceBundle$BundleReference
Event: 28.802 Loading class java/util/ResourceBundle$BundleReference done

Classes unloaded (0 events):
No events

Classes redefined (0 events):
No events

Internal exceptions (20 events):
Event: 26.054 Thread 0x0000019a93d2db70 Exception <a 'java/lang/NoSuchMethodError'{0x00000000c5577b80}: 'int java.lang.invoke.DirectMethodHandle$Holder.invokeSpecial(java.lang.Object, java.lang.Object, int)'> (0x00000000c5577b80) 
thrown [s\open\src\hotspot\share\interpreter\linkResolver.cpp, line 759]
Event: 26.055 Thread 0x0000019a93d2db70 Exception <a 'java/lang/NoSuchMethodError'{0x00000000c557f548}: 'int java.lang.invoke.Invokers$Holder.linkToTargetMethod(java.lang.Object, java.lang.Object)'> (0x00000000c557f548) 
thrown [s\open\src\hotspot\share\interpreter\linkResolver.cpp, line 759]
Event: 26.087 Thread 0x0000019a93d2db70 Exception <a 'java/lang/NoSuchMethodError'{0x00000000c55fd538}: 'java.lang.Object java.lang.invoke.DirectMethodHandle$Holder.invokeSpecial(java.lang.Object, java.lang.Object, java.lang.Object, java.lang.Object, java.lang.Object, java.lang.Object, java.lang.Object, java.lang.Object, java.lang.Object, java.lang.Object)'> (0x00000000c55fd538) 
thrown [s\open\src\hotspot\share\interpreter\linkResolver.cpp, line 759]
Event: 26.088 Thread 0x0000019a93d2db70 Exception <a 'java/lang/NoSuchMethodError'{0x00000000c5402478}: 'java.lang.Object java.lang.invoke.Invokers$Holder.invoke_MT(java.lang.Object, java.lang.Object, java.lang.Object, java.lang.Object, java.lang.Object, java.lang.Object, java.lang.Object, java.lang.Object, java.lang.Object, java.lang.Object)'> (0x00000000c5402478) 
thrown [s\open\src\hotspot\share\interpreter\linkResolver.cpp, line 759]
Event: 26.104 Thread 0x0000019a93d2db70 Exception <a 'java/lang/NoSuchMethodError'{0x00000000c543bc00}: 'java.lang.Object java.lang.invoke.DirectMethodHandle$Holder.invokeSpecial(java.lang.Object, java.lang.Object, int, java.lang.Object, java.lang.Object)'> (0x00000000c543bc00) 
thrown [s\open\src\hotspot\share\interpreter\linkResolver.cpp, line 759]
Event: 26.105 Thread 0x0000019a93d2db70 Exception <a 'java/lang/NoSuchMethodError'{0x00000000c543f8a8}: 'java.lang.Object java.lang.invoke.DelegatingMethodHandle$Holder.delegate(java.lang.Object, int, java.lang.Object, java.lang.Object)'> (0x00000000c543f8a8) 
thrown [s\open\src\hotspot\share\interpreter\linkResolver.cpp, line 759]
Event: 26.115 Thread 0x0000019a93d2db70 Exception <a 'java/lang/NoSuchMethodError'{0x00000000c544fd28}: 'int java.lang.invoke.Invokers$Holder.linkToTargetMethod(java.lang.Object, java.lang.Object, java.lang.Object)'> (0x00000000c544fd28) 
thrown [s\open\src\hotspot\share\interpreter\linkResolver.cpp, line 759]
Event: 26.151 Thread 0x0000019a93d2db70 Exception <a 'java/lang/NoSuchMethodError'{0x00000000c54d7ef8}: 'void java.lang.invoke.Invokers$Holder.invokeExact_MT(java.lang.Object, java.lang.Object, java.lang.Object)'> (0x00000000c54d7ef8) 
thrown [s\open\src\hotspot\share\interpreter\linkResolver.cpp, line 759]
Event: 26.188 Thread 0x0000019a93d2db70 Exception <a 'java/lang/NoClassDefFoundError'{0x00000000c5358a70}: org/flywaydb/core/Flyway> (0x00000000c5358a70) 
thrown [s\open\src\hotspot\share\classfile\systemDictionary.cpp, line 244]
Event: 26.189 Thread 0x0000019a93d2db70 Exception <a 'java/lang/NoClassDefFoundError'{0x00000000c5359a30}: liquibase/integration/spring/SpringLiquibase> (0x00000000c5359a30) 
thrown [s\open\src\hotspot\share\classfile\systemDictionary.cpp, line 244]
Event: 26.739 Thread 0x0000019a93d2db70 Exception <a 'java/lang/NoClassDefFoundError'{0x00000000c50af388}: org/jooq/DSLContext> (0x00000000c50af388) 
thrown [s\open\src\hotspot\share\classfile\systemDictionary.cpp, line 244]
Event: 26.742 Thread 0x0000019a93d2db70 Exception <a 'java/lang/NoClassDefFoundError'{0x00000000c50c0110}: org/springframework/batch/core/repository/JobRepository> (0x00000000c50c0110) 
thrown [s\open\src\hotspot\share\classfile\systemDictionary.cpp, line 244]
Event: 26.743 Thread 0x0000019a93d2db70 Exception <a 'java/lang/NoClassDefFoundError'{0x00000000c50c0ef8}: org/quartz/Scheduler> (0x00000000c50c0ef8) 
thrown [s\open\src\hotspot\share\classfile\systemDictionary.cpp, line 244]
Event: 26.743 Thread 0x0000019a93d2db70 Exception <a 'java/lang/NoClassDefFoundError'{0x00000000c50c2038}: org/springframework/session/jdbc/JdbcIndexedSessionRepository> (0x00000000c50c2038) 
thrown [s\open\src\hotspot\share\classfile\systemDictionary.cpp, line 244]
Event: 27.190 Thread 0x0000019a93d2db70 Exception <a 'java/lang/NoSuchMethodError'{0x00000000c4d82250}: 'void java.lang.invoke.DirectMethodHandle$Holder.invokeVirtual(java.lang.Object, java.lang.Object, int)'> (0x00000000c4d82250) 
thrown [s\open\src\hotspot\share\interpreter\linkResolver.cpp, line 759]
Event: 27.195 Thread 0x0000019a93d2db70 Exception <a 'java/lang/NoSuchMethodError'{0x00000000c4d863c0}: 'int java.lang.invoke.DirectMethodHandle$Holder.invokeSpecial(java.lang.Object, java.lang.Object, java.lang.Object, int)'> (0x00000000c4d863c0) 
thrown [s\open\src\hotspot\share\interpreter\linkResolver.cpp, line 759]
Event: 27.197 Thread 0x0000019a93d2db70 Exception <a 'java/lang/NoSuchMethodError'{0x00000000c4d983e8}: 'java.lang.Object java.lang.invoke.DirectMethodHandle$Holder.invokeStatic(java.lang.Object, java.lang.Object, java.lang.Object, java.lang.Object, int)'> (0x00000000c4d983e8) 
thrown [s\open\src\hotspot\share\interpreter\linkResolver.cpp, line 759]
Event: 27.198 Thread 0x0000019a93d2db70 Exception <a 'java/lang/NoSuchMethodError'{0x00000000c4da32f8}: 'void java.lang.invoke.DelegatingMethodHandle$Holder.reinvoke_L(java.lang.Object, java.lang.Object, int)'> (0x00000000c4da32f8) 
thrown [s\open\src\hotspot\share\interpreter\linkResolver.cpp, line 759]
Event: 28.555 Thread 0x0000019a93d2db70 Exception <a 'java/lang/NoSuchMethodError'{0x00000000c4a7a878}: 'java.lang.Object java.lang.invoke.DirectMethodHandle$Holder.invokeSpecialIFC(java.lang.Object, java.lang.Object, java.lang.Object)'> (0x00000000c4a7a878) 
thrown [s\open\src\hotspot\share\interpreter\linkResolver.cpp, line 759]
Event: 28.585 Thread 0x0000019a93d2db70 Exception <a 'java/lang/NoSuchMethodError'{0x00000000c4ab7a10}: 'java.lang.Object java.lang.invoke.DirectMethodHandle$Holder.invokeVirtual(java.lang.Object, java.lang.Object, java.lang.Object, java.lang.Object, java.lang.Object)'> (0x00000000c4ab7a10) 
thrown [s\open\src\hotspot\share\interpreter\linkResolver.cpp, line 759]

VM Operations (20 events):
Event: 25.036 Executing VM operation: HandshakeAllThreads
Event: 25.036 Executing VM operation: HandshakeAllThreads done
Event: 25.036 Executing VM operation: HandshakeAllThreads
Event: 25.036 Executing VM operation: HandshakeAllThreads done
Event: 25.046 Executing VM operation: HandshakeAllThreads
Event: 25.046 Executing VM operation: HandshakeAllThreads done
Event: 25.191 Executing VM operation: HandshakeAllThreads
Event: 25.191 Executing VM operation: HandshakeAllThreads done
Event: 25.464 Executing VM operation: G1CollectForAllocation
Event: 25.489 Executing VM operation: G1CollectForAllocation done
Event: 26.070 Executing VM operation: HandshakeAllThreads
Event: 26.070 Executing VM operation: HandshakeAllThreads done
Event: 27.077 Executing VM operation: Cleanup
Event: 27.077 Executing VM operation: Cleanup done
Event: 27.246 Executing VM operation: HandshakeAllThreads
Event: 27.246 Executing VM operation: HandshakeAllThreads done
Event: 28.261 Executing VM operation: Cleanup
Event: 28.261 Executing VM operation: Cleanup done
Event: 28.503 Executing VM operation: HandshakeAllThreads
Event: 28.503 Executing VM operation: HandshakeAllThreads done

Events (20 events):
Event: 0.779 Thread 0x0000019afbe9d440 Thread added: 0x0000019afbe9d440
Event: 1.185 Thread 0x0000019afbf1eb00 Thread added: 0x0000019afbf1eb00
Event: 1.245 Loaded shared library C:\Users\felip\.jdks\openjdk-18.0.2.1\bin\zip.dll
Event: 1.255 Loaded shared library C:\Users\felip\.jdks\openjdk-18.0.2.1\bin\instrument.dll
Event: 1.285 Loaded shared library C:\Users\felip\.jdks\openjdk-18.0.2.1\bin\net.dll
Event: 1.290 Loaded shared library C:\Users\felip\.jdks\openjdk-18.0.2.1\bin\nio.dll
Event: 1.300 Loaded shared library C:\Users\felip\.jdks\openjdk-18.0.2.1\bin\zip.dll
Event: 3.579 Loaded shared library C:\Program Files\JetBrains\IntelliJ IDEA Community Edition 2022.2.1\bin\breakgen64.dll
Event: 3.581 Thread 0x0000019a935eec00 Thread added: 0x0000019a935eec00
Event: 3.581 Thread 0x0000019a935f54e0 Thread added: 0x0000019a935f54e0
Event: 3.901 Loaded shared library C:\Users\felip\.jdks\openjdk-18.0.2.1\bin\jimage.dll
Event: 6.941 Loaded shared library C:\Users\felip\.jdks\openjdk-18.0.2.1\bin\management.dll
Event: 6.955 Loaded shared library C:\Users\felip\.jdks\openjdk-18.0.2.1\bin\management_ext.dll
Event: 7.778 Thread 0x0000019a9381bb20 Thread added: 0x0000019a9381bb20
Event: 7.926 Thread 0x0000019a93d2db70 Thread added: 0x0000019a93d2db70
Event: 13.177 Thread 0x0000019a937d2fc0 Thread added: 0x0000019a937d2fc0
Event: 14.603 Loaded shared library C:\Users\felip\.jdks\openjdk-18.0.2.1\bin\verify.dll
Event: 16.965 Thread 0x0000019a937d2fc0 Thread exited: 0x0000019a937d2fc0
Event: 17.134 Thread 0x0000019a937d3490 Thread added: 0x0000019a937d3490
Event: 17.457 Thread 0x0000019a937d3490 Thread exited: 0x0000019a937d3490


Dynamic libraries:
0x00007ff76a710000 - 0x00007ff76a71e000 	C:\Users\felip\.jdks\openjdk-18.0.2.1\bin\java.exe
0x00007ffd71fe0000 - 0x00007ffd721e9000 	C:\Windows\SYSTEM32\ntdll.dll
0x00007ffd71040000 - 0x00007ffd710fe000 	C:\Windows\System32\KERNEL32.DLL
0x00007ffd6f810000 - 0x00007ffd6fb93000 	C:\Windows\System32\KERNELBASE.dll
0x00007ffd6fc10000 - 0x00007ffd6fd21000 	C:\Windows\System32\ucrtbase.dll
0x00007ffd60170000 - 0x00007ffd60187000 	C:\Users\felip\.jdks\openjdk-18.0.2.1\bin\jli.dll
0x00007ffd600b0000 - 0x00007ffd600ca000 	C:\Users\felip\.jdks\openjdk-18.0.2.1\bin\VCRUNTIME140.dll
0x00007ffd6fe50000 - 0x00007ffd6fffd000 	C:\Windows\System32\USER32.dll
0x00007ffd6f7e0000 - 0x00007ffd6f806000 	C:\Windows\System32\win32u.dll
0x00007ffd71810000 - 0x00007ffd71839000 	C:\Windows\System32\GDI32.dll
0x00007ffd6fd30000 - 0x00007ffd6fe4a000 	C:\Windows\System32\gdi32full.dll
0x00007ffd6f5d0000 - 0x00007ffd6f66d000 	C:\Windows\System32\msvcp_win.dll
0x00007ffd5d4c0000 - 0x00007ffd5d765000 	C:\Windows\WinSxS\amd64_microsoft.windows.common-controls_6595b64144ccf1df_6.0.22000.120_none_9d947278b86cc467\COMCTL32.dll
0x00007ffd70ca0000 - 0x00007ffd70d43000 	C:\Windows\System32\msvcrt.dll
0x00007ffd70000000 - 0x00007ffd70031000 	C:\Windows\System32\IMM32.DLL
0x00007ffd6c130000 - 0x00007ffd6c13c000 	C:\Users\felip\.jdks\openjdk-18.0.2.1\bin\vcruntime140_1.dll
0x00007ffd25860000 - 0x00007ffd258ed000 	C:\Users\felip\.jdks\openjdk-18.0.2.1\bin\msvcp140.dll
0x00007ffcbce10000 - 0x00007ffcbda21000 	C:\Users\felip\.jdks\openjdk-18.0.2.1\bin\server\jvm.dll
0x00007ffd71100000 - 0x00007ffd711ae000 	C:\Windows\System32\ADVAPI32.dll
0x00007ffd71770000 - 0x00007ffd7180e000 	C:\Windows\System32\sechost.dll
0x00007ffd71400000 - 0x00007ffd71521000 	C:\Windows\System32\RPCRT4.dll
0x00007ffd713f0000 - 0x00007ffd713f8000 	C:\Windows\System32\PSAPI.DLL
0x00007ffd678f0000 - 0x00007ffd67923000 	C:\Windows\SYSTEM32\WINMM.dll
0x00007ffd4a870000 - 0x00007ffd4a879000 	C:\Windows\SYSTEM32\WSOCK32.dll
0x00007ffd711c0000 - 0x00007ffd7122f000 	C:\Windows\System32\WS2_32.dll
0x00007ffd6d160000 - 0x00007ffd6d16a000 	C:\Windows\SYSTEM32\VERSION.dll
0x00007ffd6e4d0000 - 0x00007ffd6e4e8000 	C:\Windows\SYSTEM32\kernel.appcore.dll
0x00007ffd5fc00000 - 0x00007ffd5fc0a000 	C:\Users\felip\.jdks\openjdk-18.0.2.1\bin\jimage.dll
0x00007ffd6c650000 - 0x00007ffd6c871000 	C:\Windows\SYSTEM32\DBGHELP.DLL
0x00007ffd547e0000 - 0x00007ffd54811000 	C:\Windows\SYSTEM32\dbgcore.DLL
0x00007ffd6f490000 - 0x00007ffd6f50f000 	C:\Windows\System32\bcryptPrimitives.dll
0x00007ffd6ac90000 - 0x00007ffd6ac9e000 	C:\Users\felip\.jdks\openjdk-18.0.2.1\bin\instrument.dll
0x00007ffd5f540000 - 0x00007ffd5f565000 	C:\Users\felip\.jdks\openjdk-18.0.2.1\bin\java.dll
0x00007ffd25780000 - 0x00007ffd25856000 	C:\Users\felip\.jdks\openjdk-18.0.2.1\bin\jsvml.dll
0x00007ffd704d0000 - 0x00007ffd70c95000 	C:\Windows\System32\SHELL32.dll
0x00007ffd6d530000 - 0x00007ffd6dd94000 	C:\Windows\SYSTEM32\windows.storage.dll
0x00007ffd70040000 - 0x00007ffd703b6000 	C:\Windows\System32\combase.dll
0x00007ffd6d3c0000 - 0x00007ffd6d527000 	C:\Windows\SYSTEM32\wintypes.dll
0x00007ffd703e0000 - 0x00007ffd704ca000 	C:\Windows\System32\SHCORE.dll
0x00007ffd70fe0000 - 0x00007ffd7103d000 	C:\Windows\System32\shlwapi.dll
0x00007ffd6f3c0000 - 0x00007ffd6f3e1000 	C:\Windows\SYSTEM32\profapi.dll
0x00007ffd5ee60000 - 0x00007ffd5ee78000 	C:\Users\felip\.jdks\openjdk-18.0.2.1\bin\zip.dll
0x00007ffd5f520000 - 0x00007ffd5f533000 	C:\Users\felip\.jdks\openjdk-18.0.2.1\bin\net.dll
0x00007ffd677d0000 - 0x00007ffd678e2000 	C:\Windows\SYSTEM32\WINHTTP.dll
0x00007ffd6e960000 - 0x00007ffd6e9c7000 	C:\Windows\system32\mswsock.dll
0x00007ffd5eea0000 - 0x00007ffd5eeb6000 	C:\Users\felip\.jdks\openjdk-18.0.2.1\bin\nio.dll
0x00007ffd6ac60000 - 0x00007ffd6ac7a000 	C:\Program Files\JetBrains\IntelliJ IDEA Community Edition 2022.2.1\bin\breakgen64.dll
0x00007ffd6c030000 - 0x00007ffd6c039000 	C:\Users\felip\.jdks\openjdk-18.0.2.1\bin\management.dll
0x00007ffd6ac80000 - 0x00007ffd6ac8b000 	C:\Users\felip\.jdks\openjdk-18.0.2.1\bin\management_ext.dll
0x00007ffd601d0000 - 0x00007ffd601e0000 	C:\Users\felip\.jdks\openjdk-18.0.2.1\bin\verify.dll
0x00007ffd6ec30000 - 0x00007ffd6ec48000 	C:\Windows\SYSTEM32\CRYPTSP.dll
0x00007ffd6e430000 - 0x00007ffd6e465000 	C:\Windows\system32\rsaenh.dll
0x00007ffd6ea00000 - 0x00007ffd6ea29000 	C:\Windows\SYSTEM32\USERENV.dll
0x00007ffd6edf0000 - 0x00007ffd6ee17000 	C:\Windows\SYSTEM32\bcrypt.dll
0x00007ffd6eb50000 - 0x00007ffd6eb5c000 	C:\Windows\SYSTEM32\CRYPTBASE.dll
0x00007ffd6e030000 - 0x00007ffd6e05d000 	C:\Windows\SYSTEM32\IPHLPAPI.DLL
0x00007ffd70fd0000 - 0x00007ffd70fd9000 	C:\Windows\System32\NSI.dll
0x00007ffd677b0000 - 0x00007ffd677c9000 	C:\Windows\SYSTEM32\dhcpcsvc6.DLL
0x00007ffd67c60000 - 0x00007ffd67c7e000 	C:\Windows\SYSTEM32\dhcpcsvc.DLL
0x00007ffd6e060000 - 0x00007ffd6e148000 	C:\Windows\SYSTEM32\DNSAPI.dll

dbghelp: loaded successfully - version: 4.0.5 - missing functions: none
symbol engine: initialized successfully - sym options: 0x614 - pdb path: .;C:\Users\felip\.jdks\openjdk-18.0.2.1\bin;C:\Windows\SYSTEM32;C:\Windows\WinSxS\amd64_microsoft.windows.common-controls_6595b64144ccf1df_6.0.22000.120_none_9d947278b86cc467;C:\Users\felip\.jdks\openjdk-18.0.2.1\bin\server;C:\Program Files\JetBrains\IntelliJ IDEA Community Edition 2022.2.1\bin

VM Arguments:
jvm_args: -javaagent:C:\Program Files\JetBrains\IntelliJ IDEA Community Edition 2022.2.1\lib\idea_rt.jar=50851:C:\Program Files\JetBrains\IntelliJ IDEA Community Edition 2022.2.1\bin -Dfile.encoding=UTF-8 -Dsun.stdout.encoding=UTF-8 -Dsun.stderr.encoding=UTF-8 
java_command: com.request.request.RequestApplication
java_class_path (initial): C:\Users\felip\Downloads\Projetos finais\idiota\request\request\target\classes;C:\Users\felip\.m2\repository\org\springframework\amqp\spring-amqp\3.0.2\spring-amqp-3.0.2.jar;C:\Users\felip\.m2\repository\org\springframework\spring-core\6.0.6\spring-core-6.0.6.jar;C:\Users\felip\.m2\repository\org\springframework\spring-jcl\6.0.6\spring-jcl-6.0.6.jar;C:\Users\felip\.m2\repository\org\springframework\retry\spring-retry\2.0.0\spring-retry-2.0.0.jar;C:\Users\felip\.m2\repository\org\springframework\amqp\spring-rabbit\3.0.2\spring-rabbit-3.0.2.jar;C:\Users\felip\.m2\repository\com\rabbitmq\amqp-client\5.16.0\amqp-client-5.16.0.jar;C:\Users\felip\.m2\repository\org\slf4j\slf4j-api\2.0.6\slf4j-api-2.0.6.jar;C:\Users\felip\.m2\repository\org\springframework\spring-context\6.0.6\spring-context-6.0.6.jar;C:\Users\felip\.m2\repository\org\springframework\spring-aop\6.0.6\spring-aop-6.0.6.jar;C:\Users\felip\.m2\repository\org\springframework\spring-beans\6.0.6\spring-beans-6.0.6.jar;C:\Users\felip\.m2\repository\org\springframework\spring-expression\6.0.6\spring-expression-6.0.6.jar;C:\Users\felip\.m2\repository\org\springframework\spring-messaging\6.0.6\spring-messaging-6.0.6.jar;C:\Users\felip\.m2\repository\org\springframework\spring-tx\6.0.6\spring-tx-6.0.6.jar;C:\Users\felip\.m2\repository\io\micrometer\micrometer-observation\1.10.4\micrometer-observation-1.10.4.jar;C:\Users\felip\.m2\repository\io\micrometer\micrometer-commons\1.10.4\micrometer-commons-1.10.4.jar;C:\Users\felip\.m2\repository\org\apache\logging\log4j\log4j-core\2.19.0\log4j-core-2.19.0.jar;C:\Users\felip\.m2\repository\org\apache\logging\log4j\log4j-api\2.19.0\log4j-api-2.19.0.jar;C:\Users\felip\.m2\repository\org\projectlombok\lombok\1.18.26\lombok-1.18.26.jar;C:\Users\felip\.m2\repository\org\springframework\boot\spring-boot-starter-actuator\3.0.4\spring-boot-starter-actuator-3.0.4.jar;C:\Users\felip\.m2\repository\org\springframework\boot\spring-boot-starter\3.0.4\spring-boot-starter-3.0.4.jar;C:\Users\felip\.m2\repository\org\springframework\boot\spring-boot-starter-logging\3.0.4\spring-boot-starter-logging-3.0.4.jar;C:\Users\felip\.m2\repository\ch\qos\logback\logback-classic\1.4.5\logback-classic-1.4.5.jar;C:\Users\felip\.m2\repository\ch\qos\logback\logback-core\1.4.5\logback-core-1.4.5.jar;C:\Users\felip\.m2\repository\org\apache\logging\log4j\log4j-to-slf4j\2.19.0\log4j-to-slf4j-2.19.0.jar;C:\Users\felip\.m2\repository\org\slf4j\jul-to-slf4j\2.0.6\jul-to-slf4j-2.0.6.jar;C:\Users\felip\.m2\repository\jakarta\annotation\jakarta.annotation-api\2.1.1\jakarta.annotation-api-2.1.1.jar;C:\Users\felip\.m2\repository\org\yaml\snakeyaml\1.33\snakeyaml-1.33.jar;C:\Users\felip\.m2\repository\org\springframework\boot\spring-boot-actuator-autoconfigure\3.0.4\spring-boot-actuator-autoconfigure-3.0.4.jar;C:\Users\felip\.m2\repository\org\springframework\boot\spring-boot-actuator\3.0.4\spring-boot-actuator-3.0.4.jar;C:\Users\felip\.m2\repository\com\fasterxml\jackson\datatype\jackson-datatype-jsr310\2.14.2\jackson-datatype-jsr310-2.14.2.jar;C:\Users\felip\.m2\repository\io\micrometer\micrometer-core\1.10.4\micrometer-core-1.10.4.jar;C:\Users\felip\.m2\repository\org\hdrhistogram\HdrHistogram\2.1.12\HdrHistogram-2.1.12.jar;C:\Users\felip\.m2\repository\org\latencyutils\LatencyUtils\2.0.3\LatencyUtils-2.0.3.jar;C:\Users\felip\.m2\repository\org\springframework\boot\spring-boot-starter-data-jpa\3.0.4\spring-boot-starter-data-jpa-3.0.4.jar;C:\Users\felip\.m2\repository\org\springframework\boot\spring-boot-starter-aop\3.0.4\spring-boot-starter-aop-3.0.4.jar;C:\Users\felip\.m2\repository\org\aspectj\aspectjweaver\1.9.19\aspectjweaver-1.9.19.jar;C:\Users\felip\.m2\repository\org\springframework\boot\spring-boot-starter-jdbc\3.0.4\spring-boot-starter-jdbc-3.0.4.jar;C:\Users\felip\.m2\repository\com\zaxxer\HikariCP\5.0.1\HikariCP-5.0.1.jar;C:\Users\felip\.m2\repository\org\springframework\spring-jdbc\6.0.6\spring-jdbc-6.0.6.jar;C:\Users\felip\.m2\repository\org\hibernate\orm\hibernate-core\6.1.7.Final\hibernate-core-6.1.7.Final.jar;C:\Users\felip\.m2\repository\jakarta\persistence\jakarta.persistence-api\3.1.0\jakarta.persistence-api-3.1.0.jar;C:\Users\felip\.m2\repository\jakarta\transaction\jakarta.transaction-api\2.0.1\jakarta.transaction-api-2.0.1.jar;C:\Users\felip\.m2\repository\org\jboss\logging\jboss-logging\3.5.0.Final\jboss-logging-3.5.0.Final.jar;C:\Users\felip\.m2\repository\org\hibernate\common\hibernate-commons-annotations\6.0.6.Final\hibernate-commons-annotations-6.0.6.Final.jar;C:\Users\felip\.m2\repository\org\jboss\jandex\2.4.2.Final\jandex-2.4.2.Final.jar;C:\Users\felip\.m2\repository\com\fasterxml\classmate\1.5.1\classmate-1.5.1.jar;C:\Users\felip\.m2\repository\net\bytebuddy\byte-buddy\1.12.23\byte-buddy-1.12.23.jar;C:\Users\felip\.m2\repository\org\glassfish\jaxb\jaxb-runtime\4.0.2\jaxb-runtime-4.0.2.jar;C:\Users\felip\.m2\repository\org\glassfish\jaxb\jaxb-core\4.0.2\jaxb-core-4.0.2.jar;C:\Users\felip\.m2\repository\org\eclipse\angus\angus-activation\2.0.0\angus-activation-2.0.0.jar;C:\Users\felip\.m2\repository\org\glassfish\jaxb\txw2\4.0.2\txw2-4.0.2.jar;C:\Users\felip\.m2\repository\com\sun\istack\istack-commons-runtime\4.1.1\istack-commons-runtime-4.1.1.jar;C:\Users\felip\.m2\repository\jakarta\inject\jakarta.inject-api\2.0.0\jakarta.inject-api-2.0.0.jar;C:\Users\felip\.m2\repository\org\antlr\antlr4-runtime\4.10.1\antlr4-runtime-4.10.1.jar;C:\Users\felip\.m2\repository\org\springframework\data\spring-data-jpa\3.0.3\spring-data-jpa-3.0.3.jar;C:\Users\felip\.m2\repository\org\springframework\data\spring-data-commons\3.0.3\spring-data-commons-3.0.3.jar;C:\Users\felip\.m2\repository\org\springframework\spring-orm\6.0.6\spring-orm-6.0.6.jar;C:\Users\felip\.m2\repository\org\springframework\spring-aspects\6.0.6\spring-aspects-6.0.6.jar;C:\Users\felip\.m2\repository\org\springframework\boot\spring-boot-starter-data-mongodb\3.0.4\spring-boot-starter-data-mongodb-3.0.4.jar;C:\Users\felip\.m2\repository\org\mongodb\mongodb-driver-sync\4.8.2\mongodb-driver-sync-4.8.2.jar;C:\Users\felip\.m2\repository\org\mongodb\bson\4.8.2\bson-4.8.2.jar;C:\Users\felip\.m2\repository\org\mongodb\mongodb-driver-core\4.8.2\mongodb-driver-core-4.8.2.jar;C:\Users\felip\.m2\repository\org\mongodb\bson-record-codec\4.8.2\bson-record-codec-4.8.2.jar;C:\Users\felip\.m2\repository\org\springframework\data\spring-data-mongodb\4.0.3\spring-data-mongodb-4.0.3.jar;C:\Users\felip\.m2\repository\org\springframework\boot\spring-boot-starter-web\3.0.4\spring-boot-starter-web-3.0.4.jar;C:\Users\felip\.m2\repository\org\springframework\boot\spring-boot-starter-json\3.0.4\spring-boot-starter-json-3.0.4.jar;C:\Users\felip\.m2\repository\com\fasterxml\jackson\datatype\jackson-datatype-jdk8\2.14.2\jackson-datatype-jdk8-2.14.2.jar;C:\Users\felip\.m2\repository\com\fasterxml\jackson\module\jackson-module-parameter-names\2.14.2\jackson-module-parameter-names-2.14.2.jar;C:\Users\felip\.m2\repository\org\springframework\boot\spring-boot-starter-tomcat\3.0.4\spring-boot-starter-tomcat-3.0.4.jar;C:\Users\felip\.m2\repository\org\apache\tomcat\embed\tomcat-embed-core\10.1.5\tomcat-embed-core-10.1.5.jar;C:\Users\felip\.m2\repository\org\apache\tomcat\embed\tomcat-embed-websocket\10.1.5\tomcat-embed-websocket-10.1.5.jar;C:\Users\felip\.m2\repository\org\springframework\spring-web\6.0.6\spring-web-6.0.6.jar;C:\Users\felip\.m2\repository\org\springframework\spring-webmvc\6.0.6\spring-webmvc-6.0.6.jar;C:\Users\felip\.m2\repository\org\springframework\boot\spring-boot-devtools\3.0.4\spring-boot-devtools-3.0.4.jar;C:\Users\felip\.m2\repository\org\springframework\boot\spring-boot\3.0.4\spring-boot-3.0.4.jar;C:\Users\felip\.m2\repository\org\springframework\boot\spring-boot-autoconfigure\3.0.4\spring-boot-autoconfigure-3.0.4.jar;C:\Users\felip\.m2\repository\com\mysql\mysql-connector-j\8.0.32\mysql-connector-j-8.0.32.jar;C:\Users\felip\.m2\repository\jakarta\xml\bind\jakarta.xml.bind-api\4.0.0\jakarta.xml.bind-api-4.0.0.jar;C:\Users\felip\.m2\repository\jakarta\activation\jakarta.activation-api\2.1.1\jakarta.activation-api-2.1.1.jar;C:\Users\felip\.m2\repository\org\springframework\boot\spring-boot-starter-validation\3.0.4\spring-boot-starter-validation-3.0.4.jar;C:\Users\felip\.m2\repository\org\apache\tomcat\embed\tomcat-embed-el\10.1.5\tomcat-embed-el-10.1.5.jar;C:\Users\felip\.m2\repository\org\hibernate\validator\hibernate-validator\8.0.0.Final\hibernate-validator-8.0.0.Final.jar;C:\Users\felip\.m2\repository\jakarta\validation\jakarta.validation-api\3.0.2\jakarta.validation-api-3.0.2.jar;C:\Users\felip\.m2\repository\io\jsonwebtoken\jjwt-api\0.11.5\jjwt-api-0.11.5.jar;C:\Users\felip\.m2\repository\io\jsonwebtoken\jjwt-impl\0.11.5\jjwt-impl-0.11.5.jar;C:\Users\felip\.m2\repository\io\jsonwebtoken\jjwt-jackson\0.11.5\jjwt-jackson-0.11.5.jar;C:\Users\felip\.m2\repository\com\fasterxml\jackson\core\jackson-databind\2.14.2\jackson-databind-2.14.2.jar;C:\Users\felip\.m2\repository\com\fasterxml\jackson\core\jackson-annotations\2.14.2\jackson-annotations-2.14.2.jar;C:\Users\felip\.m2\repository\com\fasterxml\jackson\core\jackson-core\2.14.2\jackson-core-2.14.2.jar
Launcher Type: SUN_STANDARD

[Global flags]
     intx CICompilerCount                          = 2                                         {product} {ergonomic}
     uint ConcGCThreads                            = 1                                         {product} {ergonomic}
     uint G1ConcRefinementThreads                  = 2                                         {product} {ergonomic}
   size_t G1HeapRegionSize                         = 1048576                                   {product} {ergonomic}
    uintx GCDrainStackTargetSize                   = 64                                        {product} {ergonomic}
   size_t InitialHeapSize                          = 65011712                                  {product} {ergonomic}
   size_t MarkStackSize                            = 4194304                                   {product} {ergonomic}
   size_t MaxHeapSize                              = 1027604480                                {product} {ergonomic}
   size_t MaxNewSize                               = 616562688                                 {product} {ergonomic}
   size_t MinHeapDeltaBytes                        = 1048576                                   {product} {ergonomic}
   size_t MinHeapSize                              = 8388608                                   {product} {ergonomic}
    uintx NonNMethodCodeHeapSize                   = 5826188                                {pd product} {ergonomic}
    uintx NonProfiledCodeHeapSize                  = 122916026                              {pd product} {ergonomic}
    uintx ProfiledCodeHeapSize                     = 122916026                              {pd product} {ergonomic}
    uintx ReservedCodeCacheSize                    = 251658240                              {pd product} {ergonomic}
     bool SegmentedCodeCache                       = true                                      {product} {ergonomic}
   size_t SoftMaxHeapSize                          = 1027604480                             {manageable} {ergonomic}
     bool UseCompressedClassPointers               = true                           {product lp64_product} {ergonomic}
     bool UseCompressedOops                        = true                           {product lp64_product} {ergonomic}
     bool UseG1GC                                  = true                                      {product} {ergonomic}
     bool UseLargePagesIndividualAllocation        = false                                  {pd product} {ergonomic}

Logging:
Log output configuration:
 #0: stdout all=warning uptime,level,tags foldmultilines=false
 #1: stderr all=off uptime,level,tags foldmultilines=false

Environment Variables:
PATH=C:\Program Files\Common Files\Oracle\Java\javapath;C:\Windows\system32;C:\Windows;C:\Windows\System32\Wbem;C:\Windows\System32\WindowsPowerShell\v1.0\;C:\Windows\System32\OpenSSH\;C:\Program Files\nodejs\;C:\Program Files (x86)\Microsoft SQL Server\150\Tools\Binn\;C:\Program Files\Microsoft SQL Server\150\Tools\Binn\;C:\Program Files (x86)\Microsoft SQL Server\150\DTS\Binn\;C:\Program Files\Microsoft SQL Server\150\DTS\Binn\;C:\Program Files\Microsoft SQL Server\Client SDK\ODBC\170\Tools\Binn\;C:\ProgramData\chocolatey\bin;C:\Program Files\Git\cmd;C:\Program Files\Git\mingw64\bin;C:\Program Files\Git\usr\bin;C:\Users\felip\Downloads\apache-maven-3.8.6;C:\Users\felip\Downloads\apache-maven-3.8.6\bin;C:\Program Files\MongoDB\Server\6.0\bin;;C:\Program Files\Docker\Docker\resources\bin;C:\Users\felip\AppData\Local\Programs\Python\Python310;C:\Users\felip\AppData\Local\Programs\Python\Python310\Scripts;C:\Program Files\Java\jdk-19\bin;C:\Users\felip\AppData\Local\Programs\Python\Python39;C:\Users\felip\AppData\Local\Programs\Microsoft VS Code\bin;C:\Users\felip\AppData\Local\Programs\mongosh\;C:\Program Files\MongoDB\Server\6.0\bin;C:\Program Files\Docker\Docker\resources\bin;
USERNAME=felip
OS=Windows_NT
PROCESSOR_IDENTIFIER=Intel64 Family 6 Model 122 Stepping 8, GenuineIntel



---------------  S Y S T E M  ---------------

OS:
 Windows 11 , 64 bit Build 22000 (10.0.22000.1761)
OS uptime: 2 days 23:32 hours
Hyper-V role detected

CPU: total 2 (initial active 2) (2 cores per cpu, 1 threads per core) family 6 model 122 stepping 8 microcode 0x18, cx8, cmov, fxsr, mmx, 3dnowpref, sse, sse2, sse3, ssse3, sse4.1, sse4.2, popcnt, tsc, tscinvbit, aes, erms, clmul, sha, clflush, clflushopt, hv

Memory: 4k page, system-wide physical 3918M (310M free)
TotalPageFile size 15694M (AvailPageFile size 14M)
current process WorkingSet (physical memory assigned to process): 147M, peak: 147M
current process commit charge ("private bytes"): 190M, peak: 190M

vm_info: OpenJDK 64-Bit Server VM (18.0.2.1+1-1) for windows-amd64 JRE (18.0.2.1+1-1), built on Aug 16 2022 01:44:29 by "mach5one" with MS VC++ 16.8 / 16.9 (VS2019)

END.
