#
# There is insufficient memory for the Java Runtime Environment to continue.
# Native memory allocation (malloc) failed to allocate 32744 bytes for Chunk::new
# Possible reasons:
#   The system is out of physical RAM or swap space
#   The process is running with CompressedOops enabled, and the Java Heap may be blocking the growth of the native heap
# Possible solutions:
#   Reduce memory load on the system
#   Increase physical memory or swap space
#   Check if swap backing store is full
#   Decrease Java heap size (-Xmx/-Xms)
#   Decrease number of Java threads
#   Decrease Java thread stack sizes (-Xss)
#   Set larger code cache with -XX:ReservedCodeCacheSize=
#   JVM is running with Unscaled Compressed Oops mode in which the Java heap is
#     placed in the first 4GB address space. The Java Heap base address is the
#     maximum limit for the native heap growth. Please use -XX:HeapBaseMinAddress
#     to set the Java Heap base and to place the Java Heap above 4GB virtual address.
# This output file may be truncated or incomplete.
#
#  Out of Memory Error (arena.cpp:184), pid=16320, tid=16756
#
# JRE version: OpenJDK Runtime Environment (18.0.2.1+1) (build 18.0.2.1+1-1)
# Java VM: OpenJDK 64-Bit Server VM (18.0.2.1+1-1, mixed mode, sharing, tiered, compressed oops, compressed class ptrs, g1 gc, windows-amd64)
# No core dump will be written. Minidumps are not enabled by default on client versions of Windows
#

---------------  S U M M A R Y ------------

Command Line: -javaagent:C:\Program Files\JetBrains\IntelliJ IDEA Community Edition 2022.2.1\lib\idea_rt.jar=50953:C:\Program Files\JetBrains\IntelliJ IDEA Community Edition 2022.2.1\bin -Dfile.encoding=UTF-8 -Dsun.stdout.encoding=UTF-8 -Dsun.stderr.encoding=UTF-8 com.registration.registration.RegistrationApplication

Host: Intel(R) Celeron(R) N4020 CPU @ 1.10GHz, 2 cores, 3G,  Windows 11 , 64 bit Build 22000 (10.0.22000.2124)
Time: Sun Aug  6 09:36:36 2023 Hora oficial do Brasil elapsed time: 64.621162 seconds (0d 0h 1m 4s)

---------------  T H R E A D  ---------------

Current thread (0x00000126dfe73750):  JavaThread "C2 CompilerThread0" daemon [_thread_in_native, id=16756, stack(0x0000000101200000,0x0000000101300000)]


Current CompileTask:
C2:  64621 12207       4       org.springframework.core.SerializableTypeWrapper::forTypeProvider (178 bytes)

Stack: [0x0000000101200000,0x0000000101300000]
Native frames: (J=compiled Java code, j=interpreted, Vv=VM code, C=native code)
V  [jvm.dll+0x6993aa]
V  [jvm.dll+0x7f46dd]
V  [jvm.dll+0x7f5fee]
V  [jvm.dll+0x7f66a3]
V  [jvm.dll+0x25cf1f]
V  [jvm.dll+0xb8c2f]
V  [jvm.dll+0xb8fa5]
V  [jvm.dll+0xb8d4b]
V  [jvm.dll+0x7de35c]
V  [jvm.dll+0x239c04]
V  [jvm.dll+0x6b11d9]
V  [jvm.dll+0x6a976b]
V  [jvm.dll+0x6a8da5]
V  [jvm.dll+0x6a6c5b]
V  [jvm.dll+0x1bd20c]
V  [jvm.dll+0x2c7038]
V  [jvm.dll+0x6b1688]
V  [jvm.dll+0x6a976b]
V  [jvm.dll+0x6a8da5]
V  [jvm.dll+0x6a6c5b]
V  [jvm.dll+0x1bd20c]
V  [jvm.dll+0x1bddd6]
V  [jvm.dll+0x1bddd6]
V  [jvm.dll+0x2c7038]
V  [jvm.dll+0x6b1688]
V  [jvm.dll+0x6a976b]
V  [jvm.dll+0x6a8da5]
V  [jvm.dll+0x6a6c5b]
V  [jvm.dll+0x1bd20c]
V  [jvm.dll+0x1bddd6]
V  [jvm.dll+0x2c7038]
V  [jvm.dll+0x6b1688]
V  [jvm.dll+0x6a976b]
V  [jvm.dll+0x6a8da5]
V  [jvm.dll+0x6a6c5b]
V  [jvm.dll+0x1bd20c]
V  [jvm.dll+0x1bddd6]
V  [jvm.dll+0x2c7038]
V  [jvm.dll+0x6b1688]
V  [jvm.dll+0x6a976b]
V  [jvm.dll+0x6a8da5]
V  [jvm.dll+0x6a6c5b]
V  [jvm.dll+0x1bd20c]
V  [jvm.dll+0x1bddd6]
V  [jvm.dll+0x2c7038]
V  [jvm.dll+0x6b1688]
V  [jvm.dll+0x6a976b]
V  [jvm.dll+0x6a8da5]
V  [jvm.dll+0x6a6c5b]
V  [jvm.dll+0x1bd20c]
V  [jvm.dll+0x1bddd6]
V  [jvm.dll+0x2c7038]
V  [jvm.dll+0x6b1688]
V  [jvm.dll+0x6a976b]
V  [jvm.dll+0x6a8da5]
V  [jvm.dll+0x6a6c5b]
V  [jvm.dll+0x1bd20c]
V  [jvm.dll+0x22f098]
V  [jvm.dll+0x1ba01c]
V  [jvm.dll+0x23ee0a]
V  [jvm.dll+0x23d0f5]
V  [jvm.dll+0x7a6dd1]
V  [jvm.dll+0x7a120a]
V  [jvm.dll+0x698255]
C  [ucrtbase.dll+0x26c0c]
C  [KERNEL32.DLL+0x155a0]
C  [ntdll.dll+0x485b]


---------------  P R O C E S S  ---------------

Threads class SMR info:
_java_thread_list=0x0000012680b019e0, length=36, elements={
0x00000126dfe55d90, 0x00000126dfe56ed0, 0x00000126dfe6e140, 0x00000126dfe71a10,
0x00000126dfe722c0, 0x00000126dfe72b70, 0x00000126dfe73750, 0x00000126dfe74040,
0x00000126dfe7e8b0, 0x00000126faabc8f0, 0x00000126fefb1930, 0x00000126fefb1df0,
0x0000012680a60ed0, 0x0000012680a63550, 0x0000012680a62210, 0x0000012680a62bb0,
0x0000012680a61870, 0x0000012680a61d40, 0x0000012680a613a0, 0x000001268123deb0,
0x000001268123ed20, 0x000001268123e380, 0x000001268123e850, 0x000001268123f1f0,
0x000001268123f6c0, 0x000001268123d040, 0x000001268123d510, 0x000001268123fb90,
0x0000012681240060, 0x0000012681240a00, 0x0000012681240530, 0x000001268123d9e0,
0x00000126ff5977c0, 0x00000126ff596480, 0x00000126ff595fb0, 0x00000126ff596e20
}

Java Threads: ( => current thread )
  0x00000126dfe55d90 JavaThread "Reference Handler" daemon [_thread_blocked, id=10540, stack(0x0000000100c00000,0x0000000100d00000)]
  0x00000126dfe56ed0 JavaThread "Finalizer" daemon [_thread_blocked, id=15320, stack(0x0000000100d00000,0x0000000100e00000)]
  0x00000126dfe6e140 JavaThread "Signal Dispatcher" daemon [_thread_blocked, id=16156, stack(0x0000000100e00000,0x0000000100f00000)]
  0x00000126dfe71a10 JavaThread "Attach Listener" daemon [_thread_blocked, id=17232, stack(0x0000000100f00000,0x0000000101000000)]
  0x00000126dfe722c0 JavaThread "Service Thread" daemon [_thread_blocked, id=8380, stack(0x0000000101000000,0x0000000101100000)]
  0x00000126dfe72b70 JavaThread "Monitor Deflation Thread" daemon [_thread_blocked, id=17228, stack(0x0000000101100000,0x0000000101200000)]
=>0x00000126dfe73750 JavaThread "C2 CompilerThread0" daemon [_thread_in_native, id=16756, stack(0x0000000101200000,0x0000000101300000)]
  0x00000126dfe74040 JavaThread "C1 CompilerThread0" daemon [_thread_blocked, id=9084, stack(0x0000000101300000,0x0000000101400000)]
  0x00000126dfe7e8b0 JavaThread "Sweeper thread" daemon [_thread_blocked, id=16160, stack(0x0000000101400000,0x0000000101500000)]
  0x00000126faabc8f0 JavaThread "Common-Cleaner" daemon [_thread_blocked, id=14280, stack(0x0000000101500000,0x0000000101600000)]
  0x00000126fefb1930 JavaThread "Monitor Ctrl-Break" daemon [_thread_in_native, id=7004, stack(0x0000000101700000,0x0000000101800000)]
  0x00000126fefb1df0 JavaThread "Notification Thread" daemon [_thread_blocked, id=9996, stack(0x0000000101800000,0x0000000101900000)]
  0x0000012680a60ed0 JavaThread "Catalina-utility-1" [_thread_blocked, id=14268, stack(0x0000000101d00000,0x0000000101e00000)]
  0x0000012680a63550 JavaThread "Catalina-utility-2" [_thread_blocked, id=10348, stack(0x0000000101e00000,0x0000000101f00000)]
  0x0000012680a62210 JavaThread "container-0" [_thread_blocked, id=12656, stack(0x0000000101f00000,0x0000000102000000)]
  0x0000012680a62bb0 JavaThread "mysql-cj-abandoned-connection-cleanup" daemon [_thread_blocked, id=17256, stack(0x0000000102000000,0x0000000102100000)]
  0x0000012680a61870 JavaThread "HikariPool-1 housekeeper" daemon [_thread_blocked, id=16664, stack(0x0000000102200000,0x0000000102300000)]
  0x0000012680a61d40 JavaThread "MessageBroker-1" [_thread_blocked, id=17064, stack(0x0000000102300000,0x0000000102400000)]
  0x0000012680a613a0 JavaThread "BufferPoolPruner-1-thread-1" daemon [_thread_blocked, id=13088, stack(0x0000000102400000,0x0000000102500000)]
  0x000001268123deb0 JavaThread "cluster-ClusterId{value='64cf93b444bffc707b2c5d2d', description='null'}-localhost:27017" daemon [_thread_in_native, id=14000, stack(0x0000000102500000,0x0000000102600000)]
  0x000001268123ed20 JavaThread "cluster-rtt-ClusterId{value='64cf93b444bffc707b2c5d2d', description='null'}-localhost:27017" daemon [_thread_blocked, id=2152, stack(0x0000000102600000,0x0000000102700000)]
  0x000001268123e380 JavaThread "MaintenanceTimer-2-thread-1" daemon [_thread_blocked, id=5684, stack(0x0000000102700000,0x0000000102800000)]
  0x000001268123e850 JavaThread "File Watcher" daemon [_thread_blocked, id=1388, stack(0x0000000102800000,0x0000000102900000)]
  0x000001268123f1f0 JavaThread "http-nio-8088-exec-1" daemon [_thread_blocked, id=15792, stack(0x0000000102900000,0x0000000102a00000)]
  0x000001268123f6c0 JavaThread "http-nio-8088-exec-2" daemon [_thread_in_vm, id=6108, stack(0x0000000102a00000,0x0000000102b00000)]
  0x000001268123d040 JavaThread "http-nio-8088-exec-3" daemon [_thread_blocked, id=13444, stack(0x0000000102b00000,0x0000000102c00000)]
  0x000001268123d510 JavaThread "http-nio-8088-exec-4" daemon [_thread_blocked, id=16276, stack(0x0000000102c00000,0x0000000102d00000)]
  0x000001268123fb90 JavaThread "http-nio-8088-exec-5" daemon [_thread_blocked, id=9272, stack(0x0000000102d00000,0x0000000102e00000)]
  0x0000012681240060 JavaThread "http-nio-8088-exec-6" daemon [_thread_in_Java, id=9548, stack(0x0000000102e00000,0x0000000102f00000)]
  0x0000012681240a00 JavaThread "http-nio-8088-exec-7" daemon [_thread_blocked, id=17088, stack(0x0000000102f00000,0x0000000103000000)]
  0x0000012681240530 JavaThread "http-nio-8088-exec-8" daemon [_thread_blocked, id=1140, stack(0x0000000103000000,0x0000000103100000)]
  0x000001268123d9e0 JavaThread "http-nio-8088-exec-9" daemon [_thread_blocked, id=4736, stack(0x0000000103100000,0x0000000103200000)]
  0x00000126ff5977c0 JavaThread "http-nio-8088-exec-10" daemon [_thread_blocked, id=12040, stack(0x0000000103200000,0x0000000103300000)]
  0x00000126ff596480 JavaThread "http-nio-8088-Poller" daemon [_thread_in_native, id=13504, stack(0x0000000103300000,0x0000000103400000)]
  0x00000126ff595fb0 JavaThread "http-nio-8088-Acceptor" daemon [_thread_in_native, id=11164, stack(0x0000000103400000,0x0000000103500000)]
  0x00000126ff596e20 JavaThread "DestroyJavaVM" [_thread_blocked, id=13544, stack(0x0000000100500000,0x0000000100600000)]

Other Threads:
  0x00000126dfe52bd0 VMThread "VM Thread" [stack: 0x0000000100b00000,0x0000000100c00000] [id=1748]
  0x00000126ff1727b0 WatcherThread "VM Periodic Task Thread" [stack: 0x0000000101900000,0x0000000101a00000] [id=14096]
  0x00000126dfe028e0 WorkerThread "GC Thread#0" [stack: 0x0000000100600000,0x0000000100700000] [id=15020]
  0x00000126ff1c0ea0 WorkerThread "GC Thread#1" [stack: 0x0000000101600000,0x0000000101700000] [id=17040]
  0x00000126dfe0b3f0 ConcurrentGCThread "G1 Main Marker" [stack: 0x0000000100700000,0x0000000100800000] [id=7608]
  0x00000126dfe0bde0 WorkerThread "G1 Conc#0" [stack: 0x0000000100800000,0x0000000100900000] [id=11024]
  0x00000126dfe2ae10 ConcurrentGCThread "G1 Refine#0" [stack: 0x0000000100900000,0x0000000100a00000] [id=5816]
  0x00000126fed78950 ConcurrentGCThread "G1 Refine#1" [stack: 0x0000000101c00000,0x0000000101d00000] [id=17220]
  0x00000126dfe2b880 ConcurrentGCThread "G1 Service" [stack: 0x0000000100a00000,0x0000000100b00000] [id=13976]

Threads with active compile tasks:
C2 CompilerThread0    64746 12207       4       org.springframework.core.SerializableTypeWrapper::forTypeProvider (178 bytes)

VM state: not at safepoint (normal execution)

VM Mutex/Monitor currently owned by a thread: None

Heap address: 0x00000000c2c00000, size: 980 MB, Compressed Oops mode: 32-bit

CDS archive(s) mapped at: [0x0000000800000000-0x0000000800ba0000-0x0000000800ba0000), size 12189696, SharedBaseAddress: 0x0000000800000000, ArchiveRelocationMode: 0.
Compressed class space mapped at: 0x0000000800c00000-0x0000000840c00000, reserved size: 1073741824
Narrow klass base: 0x0000000800000000, Narrow klass shift: 0, Narrow klass range: 0x100000000

GC Precious Log:
 CardTable entry size: 512
 Card Set container configuration: InlinePtr #cards 5 size 8 Array Of Cards #cards 12 size 40 Howl #buckets 4 coarsen threshold 1843 Howl Bitmap #cards 512 size 80 coarsen threshold 460 Card regions per heap region 1 cards per card region 2048
 CPUs: 2 total, 2 available
 Memory: 3918M
 Large Page Support: Disabled
 NUMA Support: Disabled
 Compressed Oops: Enabled (32-bit)
 Heap Region Size: 1M
 Heap Min Capacity: 8M
 Heap Initial Capacity: 62M
 Heap Max Capacity: 980M
 Pre-touch: Disabled
 Parallel Workers: 2
 Concurrent Workers: 1
 Concurrent Refinement Workers: 2
 Periodic GC: Disabled

Heap:
 garbage-first heap   total 72704K, used 41249K [0x00000000c2c00000, 0x0000000100000000)
  region size 1024K, 4 young (4096K), 1 survivors (1024K)
 Metaspace       used 85647K, committed 86464K, reserved 1179648K
  class space    used 11055K, committed 11456K, reserved 1048576K

Heap Regions: E=young(eden), S=young(survivor), O=old, HS=humongous(starts), HC=humongous(continues), CS=collection set, F=free, OA=open archive, CA=closed archive, TAMS=top-at-mark-start (previous, next)
|   0|0x00000000c2c00000, 0x00000000c2d00000, 0x00000000c2d00000|100%|HS|  |TAMS 0x00000000c2d00000, 0x00000000c2c00000| Complete 
|   1|0x00000000c2d00000, 0x00000000c2e00000, 0x00000000c2e00000|100%| O|  |TAMS 0x00000000c2e00000, 0x00000000c2d00000| Untracked 
|   2|0x00000000c2e00000, 0x00000000c2f00000, 0x00000000c2f00000|100%| O|  |TAMS 0x00000000c2f00000, 0x00000000c2e00000| Untracked 
|   3|0x00000000c2f00000, 0x00000000c3000000, 0x00000000c3000000|100%| O|  |TAMS 0x00000000c3000000, 0x00000000c2f00000| Untracked 
|   4|0x00000000c3000000, 0x00000000c3100000, 0x00000000c3100000|100%| O|  |TAMS 0x00000000c3100000, 0x00000000c3000000| Untracked 
|   5|0x00000000c3100000, 0x00000000c3200000, 0x00000000c3200000|100%| O|  |TAMS 0x00000000c3200000, 0x00000000c3100000| Untracked 
|   6|0x00000000c3200000, 0x00000000c3300000, 0x00000000c3300000|100%| O|  |TAMS 0x00000000c3300000, 0x00000000c3200000| Untracked 
|   7|0x00000000c3300000, 0x00000000c3400000, 0x00000000c3400000|100%| O|  |TAMS 0x00000000c3400000, 0x00000000c3300000| Untracked 
|   8|0x00000000c3400000, 0x00000000c3500000, 0x00000000c3500000|100%| O|  |TAMS 0x00000000c3500000, 0x00000000c3400000| Untracked 
|   9|0x00000000c3500000, 0x00000000c3600000, 0x00000000c3600000|100%| O|  |TAMS 0x00000000c3600000, 0x00000000c3500000| Untracked 
|  10|0x00000000c3600000, 0x00000000c3700000, 0x00000000c3700000|100%| O|  |TAMS 0x00000000c3700000, 0x00000000c3600000| Untracked 
|  11|0x00000000c3700000, 0x00000000c3800000, 0x00000000c3800000|100%| O|  |TAMS 0x00000000c3800000, 0x00000000c3700000| Untracked 
|  12|0x00000000c3800000, 0x00000000c3900000, 0x00000000c3900000|100%| O|  |TAMS 0x00000000c3900000, 0x00000000c3800000| Untracked 
|  13|0x00000000c3900000, 0x00000000c3a00000, 0x00000000c3a00000|100%| O|  |TAMS 0x00000000c3a00000, 0x00000000c3900000| Untracked 
|  14|0x00000000c3a00000, 0x00000000c3b00000, 0x00000000c3b00000|100%| O|  |TAMS 0x00000000c3b00000, 0x00000000c3a00000| Untracked 
|  15|0x00000000c3b00000, 0x00000000c3c00000, 0x00000000c3c00000|100%| O|  |TAMS 0x00000000c3c00000, 0x00000000c3b00000| Complete 
|  16|0x00000000c3c00000, 0x00000000c3c01400, 0x00000000c3d00000|  0%| O|  |TAMS 0x00000000c3c01400, 0x00000000c3c00000| Untracked 
|  17|0x00000000c3d00000, 0x00000000c3e00000, 0x00000000c3e00000|100%| O|  |TAMS 0x00000000c3e00000, 0x00000000c3d00000| Untracked 
|  18|0x00000000c3e00000, 0x00000000c3f00000, 0x00000000c3f00000|100%| O|  |TAMS 0x00000000c3f00000, 0x00000000c3e00000| Untracked 
|  19|0x00000000c3f00000, 0x00000000c4000000, 0x00000000c4000000|100%| O|  |TAMS 0x00000000c4000000, 0x00000000c3f00000| Untracked 
|  20|0x00000000c4000000, 0x00000000c4100000, 0x00000000c4100000|100%| O|  |TAMS 0x00000000c4100000, 0x00000000c4000000| Untracked 
|  21|0x00000000c4100000, 0x00000000c4200000, 0x00000000c4200000|100%| O|  |TAMS 0x00000000c4200000, 0x00000000c4100000| Untracked 
|  22|0x00000000c4200000, 0x00000000c4300000, 0x00000000c4300000|100%| O|  |TAMS 0x00000000c4300000, 0x00000000c4200000| Untracked 
|  23|0x00000000c4300000, 0x00000000c4400000, 0x00000000c4400000|100%| O|  |TAMS 0x00000000c4400000, 0x00000000c4300000| Untracked 
|  24|0x00000000c4400000, 0x00000000c4500000, 0x00000000c4500000|100%| O|  |TAMS 0x00000000c4500000, 0x00000000c4400000| Untracked 
|  25|0x00000000c4500000, 0x00000000c4600000, 0x00000000c4600000|100%| O|  |TAMS 0x00000000c4600000, 0x00000000c4500000| Untracked 
|  26|0x00000000c4600000, 0x00000000c4700000, 0x00000000c4700000|100%| O|  |TAMS 0x00000000c4700000, 0x00000000c4600000| Untracked 
|  27|0x00000000c4700000, 0x00000000c4800000, 0x00000000c4800000|100%| O|  |TAMS 0x00000000c4800000, 0x00000000c4700000| Untracked 
|  28|0x00000000c4800000, 0x00000000c4900000, 0x00000000c4900000|100%| O|  |TAMS 0x00000000c4900000, 0x00000000c4800000| Untracked 
|  29|0x00000000c4900000, 0x00000000c4a00000, 0x00000000c4a00000|100%| O|  |TAMS 0x00000000c4a00000, 0x00000000c4900000| Untracked 
|  30|0x00000000c4a00000, 0x00000000c4b00000, 0x00000000c4b00000|100%| O|  |TAMS 0x00000000c4b00000, 0x00000000c4a00000| Untracked 
|  31|0x00000000c4b00000, 0x00000000c4c00000, 0x00000000c4c00000|100%| O|  |TAMS 0x00000000c4c00000, 0x00000000c4b00000| Untracked 
|  32|0x00000000c4c00000, 0x00000000c4d00000, 0x00000000c4d00000|100%| O|  |TAMS 0x00000000c4d00000, 0x00000000c4c00000| Untracked 
|  33|0x00000000c4d00000, 0x00000000c4e00000, 0x00000000c4e00000|100%| O|  |TAMS 0x00000000c4e00000, 0x00000000c4d00000| Untracked 
|  34|0x00000000c4e00000, 0x00000000c4f00000, 0x00000000c4f00000|100%| O|  |TAMS 0x00000000c4f00000, 0x00000000c4e00000| Untracked 
|  35|0x00000000c4f00000, 0x00000000c4f00000, 0x00000000c5000000|  0%| F|  |TAMS 0x00000000c4f00000, 0x00000000c4f00000| Untracked 
|  36|0x00000000c5000000, 0x00000000c5100000, 0x00000000c5100000|100%| O|  |TAMS 0x00000000c5100000, 0x00000000c5000000| Untracked 
|  37|0x00000000c5100000, 0x00000000c5200000, 0x00000000c5200000|100%| O|  |TAMS 0x00000000c5200000, 0x00000000c5100000| Untracked 
|  38|0x00000000c5200000, 0x00000000c5200000, 0x00000000c5300000|  0%| F|  |TAMS 0x00000000c5200000, 0x00000000c5200000| Untracked 
|  39|0x00000000c5300000, 0x00000000c5400000, 0x00000000c5400000|100%| O|  |TAMS 0x00000000c5400000, 0x00000000c5300000| Untracked 
|  40|0x00000000c5400000, 0x00000000c5500000, 0x00000000c5500000|100%| O|  |TAMS 0x00000000c5500000, 0x00000000c5400000| Untracked 
|  41|0x00000000c5500000, 0x00000000c5500000, 0x00000000c5600000|  0%| F|  |TAMS 0x00000000c5500000, 0x00000000c5500000| Untracked 
|  42|0x00000000c5600000, 0x00000000c5600000, 0x00000000c5700000|  0%| F|  |TAMS 0x00000000c5600000, 0x00000000c5600000| Untracked 
|  43|0x00000000c5700000, 0x00000000c5700000, 0x00000000c5800000|  0%| F|  |TAMS 0x00000000c5700000, 0x00000000c5700000| Untracked 
|  44|0x00000000c5800000, 0x00000000c5800000, 0x00000000c5900000|  0%| F|  |TAMS 0x00000000c5800000, 0x00000000c5800000| Untracked 
|  45|0x00000000c5900000, 0x00000000c5900000, 0x00000000c5a00000|  0%| F|  |TAMS 0x00000000c5900000, 0x00000000c5900000| Untracked 
|  46|0x00000000c5a00000, 0x00000000c5a00000, 0x00000000c5b00000|  0%| F|  |TAMS 0x00000000c5a00000, 0x00000000c5a00000| Untracked 
|  47|0x00000000c5b00000, 0x00000000c5b00000, 0x00000000c5c00000|  0%| F|  |TAMS 0x00000000c5b00000, 0x00000000c5b00000| Untracked 
|  48|0x00000000c5c00000, 0x00000000c5c00000, 0x00000000c5d00000|  0%| F|  |TAMS 0x00000000c5c00000, 0x00000000c5c00000| Untracked 
|  49|0x00000000c5d00000, 0x00000000c5d471f0, 0x00000000c5e00000| 27%| S|CS|TAMS 0x00000000c5d00000, 0x00000000c5d00000| Complete 
|  50|0x00000000c5e00000, 0x00000000c5e00000, 0x00000000c5f00000|  0%| F|  |TAMS 0x00000000c5e00000, 0x00000000c5e00000| Untracked 
|  51|0x00000000c5f00000, 0x00000000c5f00000, 0x00000000c6000000|  0%| F|  |TAMS 0x00000000c5f00000, 0x00000000c5f00000| Untracked 
|  52|0x00000000c6000000, 0x00000000c6000000, 0x00000000c6100000|  0%| F|  |TAMS 0x00000000c6000000, 0x00000000c6000000| Untracked 
|  53|0x00000000c6100000, 0x00000000c6100000, 0x00000000c6200000|  0%| F|  |TAMS 0x00000000c6100000, 0x00000000c6100000| Untracked 
|  54|0x00000000c6200000, 0x00000000c6200000, 0x00000000c6300000|  0%| F|  |TAMS 0x00000000c6200000, 0x00000000c6200000| Untracked 
|  55|0x00000000c6300000, 0x00000000c6300000, 0x00000000c6400000|  0%| F|  |TAMS 0x00000000c6300000, 0x00000000c6300000| Untracked 
|  56|0x00000000c6400000, 0x00000000c6400000, 0x00000000c6500000|  0%| F|  |TAMS 0x00000000c6400000, 0x00000000c6400000| Untracked 
|  57|0x00000000c6500000, 0x00000000c6500000, 0x00000000c6600000|  0%| F|  |TAMS 0x00000000c6500000, 0x00000000c6500000| Untracked 
|  58|0x00000000c6600000, 0x00000000c6600000, 0x00000000c6700000|  0%| F|  |TAMS 0x00000000c6600000, 0x00000000c6600000| Untracked 
|  59|0x00000000c6700000, 0x00000000c6700000, 0x00000000c6800000|  0%| F|  |TAMS 0x00000000c6700000, 0x00000000c6700000| Untracked 
|  60|0x00000000c6800000, 0x00000000c6800000, 0x00000000c6900000|  0%| F|  |TAMS 0x00000000c6800000, 0x00000000c6800000| Untracked 
|  61|0x00000000c6900000, 0x00000000c6900000, 0x00000000c6a00000|  0%| F|  |TAMS 0x00000000c6900000, 0x00000000c6900000| Untracked 
|  62|0x00000000c6a00000, 0x00000000c6a00000, 0x00000000c6b00000|  0%| F|  |TAMS 0x00000000c6a00000, 0x00000000c6a00000| Untracked 
|  63|0x00000000c6b00000, 0x00000000c6b00000, 0x00000000c6c00000|  0%| F|  |TAMS 0x00000000c6b00000, 0x00000000c6b00000| Untracked 
|  64|0x00000000c6c00000, 0x00000000c6c00000, 0x00000000c6d00000|  0%| F|  |TAMS 0x00000000c6c00000, 0x00000000c6c00000| Untracked 
|  65|0x00000000c6d00000, 0x00000000c6d00000, 0x00000000c6e00000|  0%| F|  |TAMS 0x00000000c6d00000, 0x00000000c6d00000| Untracked 
|  66|0x00000000c6e00000, 0x00000000c6e00000, 0x00000000c6f00000|  0%| F|  |TAMS 0x00000000c6e00000, 0x00000000c6e00000| Untracked 
|  67|0x00000000c6f00000, 0x00000000c6f00000, 0x00000000c7000000|  0%| F|  |TAMS 0x00000000c6f00000, 0x00000000c6f00000| Untracked 
|  68|0x00000000c7000000, 0x00000000c7043b88, 0x00000000c7100000| 26%| E|  |TAMS 0x00000000c7000000, 0x00000000c7000000| Complete 
|  69|0x00000000c7100000, 0x00000000c7200000, 0x00000000c7200000|100%| E|CS|TAMS 0x00000000c7100000, 0x00000000c7100000| Complete 
|  70|0x00000000c7200000, 0x00000000c7300000, 0x00000000c7300000|100%| E|CS|TAMS 0x00000000c7200000, 0x00000000c7200000| Complete 

Card table byte_map: [0x00000126dfb70000,0x00000126dfd60000] _byte_map_base: 0x00000126df55a000

Marking Bits (Prev, Next): (CMBitMap*) 0x00000126dfe02f20, (CMBitMap*) 0x00000126dfe02ee0
 Prev Bits: [0x00000126f7830000, 0x00000126f8780000)
 Next Bits: [0x00000126f68e0000, 0x00000126f7830000)

Polling page: 0x00000126ddd00000

Metaspace:

Usage:
  Non-class:     72.84 MB used.
      Class:     10.80 MB used.
       Both:     83.64 MB used.

Virtual space:
  Non-class space:      128.00 MB reserved,      73.25 MB ( 57%) committed,  2 nodes.
      Class space:        1.00 GB reserved,      11.19 MB (  1%) committed,  1 nodes.
             Both:        1.12 GB reserved,      84.44 MB (  7%) committed. 

Chunk freelists:
   Non-Class:  2.48 MB
       Class:  717.00 KB
        Both:  3.18 MB

MaxMetaspaceSize: unlimited
CompressedClassSpaceSize: 1.00 GB
Initial GC threshold: 21.00 MB
Current GC threshold: 140.62 MB
CDS: on
MetaspaceReclaimPolicy: balanced
 - commit_granule_bytes: 65536.
 - commit_granule_words: 8192.
 - virtual_space_node_default_size: 8388608.
 - enlarge_chunks_in_place: 1.
 - new_chunks_are_fully_committed: 0.
 - uncommit_free_chunks: 1.
 - use_allocation_guard: 0.


Internal statistics:

num_allocs_failed_limit: 9.
num_arena_births: 1254.
num_arena_deaths: 6.
num_vsnodes_births: 3.
num_vsnodes_deaths: 0.
num_space_committed: 1351.
num_space_uncommitted: 0.
num_chunks_returned_to_freelist: 18.
num_chunks_taken_from_freelist: 4344.
num_chunk_merges: 7.
num_chunk_splits: 3086.
num_chunks_enlarged: 2420.
num_inconsistent_stats: 0.

CodeHeap 'non-profiled nmethods': size=120064Kb used=5533Kb max_used=5533Kb free=114530Kb
 bounds [0x00000126ef1b0000, 0x00000126ef720000, 0x00000126f66f0000]
CodeHeap 'profiled nmethods': size=120000Kb used=23579Kb max_used=23579Kb free=96420Kb
 bounds [0x00000126e7c80000, 0x00000126e9390000, 0x00000126ef1b0000]
CodeHeap 'non-nmethods': size=5696Kb used=1395Kb max_used=1442Kb free=4300Kb
 bounds [0x00000126e76f0000, 0x00000126e7960000, 0x00000126e7c80000]
 total_blobs=11422 nmethods=10697 adapters=637
 compilation: enabled
              stopped_count=0, restarted_count=0
 full_count=0

Compilation events (20 events):
Event: 63.995 Thread 0x00000126dfe73750 nmethod 12197 0x00000126ef711f90 code [0x00000126ef712120, 0x00000126ef7121e8]
Event: 64.001 Thread 0x00000126dfe73750 12198       4       org.hibernate.query.results.FromClauseAccessImpl::findTableGroup (29 bytes)
Event: 64.007 Thread 0x00000126dfe73750 nmethod 12198 0x00000126ef712310 code [0x00000126ef7124c0, 0x00000126ef712738]
Event: 64.008 Thread 0x00000126dfe73750 12199       4       org.springframework.util.LinkedCaseInsensitiveMap::get (43 bytes)
Event: 64.015 Thread 0x00000126dfe74040 12200  s    3       org.apache.tomcat.util.collections.SynchronizedStack::push (71 bytes)
Event: 64.016 Thread 0x00000126dfe74040 nmethod 12200 0x00000126e9386590 code [0x00000126e9386760, 0x00000126e9386c48]
Event: 64.039 Thread 0x00000126dfe73750 nmethod 12199 0x00000126ef712a10 code [0x00000126ef712c20, 0x00000126ef713770]
Event: 64.039 Thread 0x00000126dfe73750 12201       4       java.util.Collections$EmptyMap::forEach (6 bytes)
Event: 64.040 Thread 0x00000126dfe73750 nmethod 12201 0x00000126ef714010 code [0x00000126ef714180, 0x00000126ef714218]
Event: 64.050 Thread 0x00000126dfe73750 12202       4       com.mysql.cj.result.Field::adjustFlagsByMysqlType (149 bytes)
Event: 64.052 Thread 0x00000126dfe73750 nmethod 12202 0x00000126ef714310 code [0x00000126ef714480, 0x00000126ef714578]
Event: 64.054 Thread 0x00000126dfe73750 12203       4       java.util.stream.StreamOpFlag::fromCharacteristics (37 bytes)
Event: 64.056 Thread 0x00000126dfe73750 nmethod 12203 0x00000126ef714690 code [0x00000126ef714820, 0x00000126ef7148f8]
Event: 64.511 Thread 0x00000126dfe73750 12204       4       java.util.Arrays::sort (24 bytes)
Event: 64.537 Thread 0x00000126dfe74040 12205       3       org.apache.coyote.http11.Http11Processor::recycle (56 bytes)
Event: 64.537 Thread 0x00000126dfe74040 nmethod 12205 0x00000126e9386d90 code [0x00000126e9386fa0, 0x00000126e9387538]
Event: 64.575 Thread 0x00000126dfe73750 nmethod 12204 0x00000126ef714a10 code [0x00000126ef714c40, 0x00000126ef716698]
Event: 64.576 Thread 0x00000126dfe73750 12206       4       com.mysql.cj.protocol.a.PacketSplitter::nextPacket (99 bytes)
Event: 64.577 Thread 0x00000126dfe73750 nmethod 12206 0x00000126ef717210 code [0x00000126ef717380, 0x00000126ef717478]
Event: 64.585 Thread 0x00000126dfe73750 12207       4       org.springframework.core.SerializableTypeWrapper::forTypeProvider (178 bytes)

GC Heap History (20 events):
Event: 36.454 GC heap before
{Heap before GC invocations=23 (full 0):
 garbage-first heap   total 72704K, used 56220K [0x00000000c2c00000, 0x0000000100000000)
  region size 1024K, 23 young (23552K), 3 survivors (3072K)
 Metaspace       used 79439K, committed 80128K, reserved 1179648K
  class space    used 10672K, committed 11008K, reserved 1048576K
}
Event: 36.471 GC heap after
{Heap after GC invocations=24 (full 0):
 garbage-first heap   total 72704K, used 39629K [0x00000000c2c00000, 0x0000000100000000)
  region size 1024K, 3 young (3072K), 3 survivors (3072K)
 Metaspace       used 79439K, committed 80128K, reserved 1179648K
  class space    used 10672K, committed 11008K, reserved 1048576K
}
Event: 38.991 GC heap before
{Heap before GC invocations=25 (full 0):
 garbage-first heap   total 72704K, used 57037K [0x00000000c2c00000, 0x0000000100000000)
  region size 1024K, 21 young (21504K), 3 survivors (3072K)
 Metaspace       used 82333K, committed 83136K, reserved 1179648K
  class space    used 11033K, committed 11456K, reserved 1048576K
}
Event: 39.002 GC heap after
{Heap after GC invocations=26 (full 0):
 garbage-first heap   total 72704K, used 40909K [0x00000000c2c00000, 0x0000000100000000)
  region size 1024K, 2 young (2048K), 2 survivors (2048K)
 Metaspace       used 82333K, committed 83136K, reserved 1179648K
  class space    used 11033K, committed 11456K, reserved 1048576K
}
Event: 39.325 GC heap before
{Heap before GC invocations=26 (full 0):
 garbage-first heap   total 72704K, used 41933K [0x00000000c2c00000, 0x0000000100000000)
  region size 1024K, 3 young (3072K), 2 survivors (2048K)
 Metaspace       used 82423K, committed 83264K, reserved 1179648K
  class space    used 11033K, committed 11456K, reserved 1048576K
}
Event: 39.341 GC heap after
{Heap after GC invocations=27 (full 0):
 garbage-first heap   total 72704K, used 40303K [0x00000000c2c00000, 0x0000000100000000)
  region size 1024K, 1 young (1024K), 1 survivors (1024K)
 Metaspace       used 82423K, committed 83264K, reserved 1179648K
  class space    used 11033K, committed 11456K, reserved 1048576K
}
Event: 43.213 GC heap before
{Heap before GC invocations=27 (full 0):
 garbage-first heap   total 72704K, used 56687K [0x00000000c2c00000, 0x0000000100000000)
  region size 1024K, 18 young (18432K), 1 survivors (1024K)
 Metaspace       used 83189K, committed 84032K, reserved 1179648K
  class space    used 11046K, committed 11456K, reserved 1048576K
}
Event: 43.217 GC heap after
{Heap after GC invocations=28 (full 0):
 garbage-first heap   total 72704K, used 40336K [0x00000000c2c00000, 0x0000000100000000)
  region size 1024K, 1 young (1024K), 1 survivors (1024K)
 Metaspace       used 83189K, committed 84032K, reserved 1179648K
  class space    used 11046K, committed 11456K, reserved 1048576K
}
Event: 48.296 GC heap before
{Heap before GC invocations=29 (full 0):
 garbage-first heap   total 72704K, used 57744K [0x00000000c2c00000, 0x0000000100000000)
  region size 1024K, 19 young (19456K), 1 survivors (1024K)
 Metaspace       used 83973K, committed 84800K, reserved 1179648K
  class space    used 11050K, committed 11456K, reserved 1048576K
}
Event: 48.303 GC heap after
{Heap after GC invocations=30 (full 0):
 garbage-first heap   total 72704K, used 40365K [0x00000000c2c00000, 0x0000000100000000)
  region size 1024K, 1 young (1024K), 1 survivors (1024K)
 Metaspace       used 83973K, committed 84800K, reserved 1179648K
  class space    used 11050K, committed 11456K, reserved 1048576K
}
Event: 48.459 GC heap before
{Heap before GC invocations=30 (full 0):
 garbage-first heap   total 72704K, used 42413K [0x00000000c2c00000, 0x0000000100000000)
  region size 1024K, 3 young (3072K), 1 survivors (1024K)
 Metaspace       used 84087K, committed 84928K, reserved 1179648K
  class space    used 11051K, committed 11456K, reserved 1048576K
}
Event: 48.466 GC heap after
{Heap after GC invocations=31 (full 0):
 garbage-first heap   total 72704K, used 39554K [0x00000000c2c00000, 0x0000000100000000)
  region size 1024K, 1 young (1024K), 1 survivors (1024K)
 Metaspace       used 84087K, committed 84928K, reserved 1179648K
  class space    used 11051K, committed 11456K, reserved 1048576K
}
Event: 50.943 GC heap before
{Heap before GC invocations=31 (full 0):
 garbage-first heap   total 72704K, used 57986K [0x00000000c2c00000, 0x0000000100000000)
  region size 1024K, 20 young (20480K), 1 survivors (1024K)
 Metaspace       used 84363K, committed 85184K, reserved 1179648K
  class space    used 11052K, committed 11456K, reserved 1048576K
}
Event: 50.947 GC heap after
{Heap after GC invocations=32 (full 0):
 garbage-first heap   total 72704K, used 39526K [0x00000000c2c00000, 0x0000000100000000)
  region size 1024K, 1 young (1024K), 1 survivors (1024K)
 Metaspace       used 84363K, committed 85184K, reserved 1179648K
  class space    used 11052K, committed 11456K, reserved 1048576K
}
Event: 58.680 GC heap before
{Heap before GC invocations=33 (full 0):
 garbage-first heap   total 72704K, used 60006K [0x00000000c2c00000, 0x0000000100000000)
  region size 1024K, 21 young (21504K), 1 survivors (1024K)
 Metaspace       used 85268K, committed 86080K, reserved 1179648K
  class space    used 11054K, committed 11456K, reserved 1048576K
}
Event: 58.685 GC heap after
{Heap after GC invocations=34 (full 0):
 garbage-first heap   total 72704K, used 39588K [0x00000000c2c00000, 0x0000000100000000)
  region size 1024K, 1 young (1024K), 1 survivors (1024K)
 Metaspace       used 85268K, committed 86080K, reserved 1179648K
  class space    used 11054K, committed 11456K, reserved 1048576K
}
Event: 59.031 GC heap before
{Heap before GC invocations=34 (full 0):
 garbage-first heap   total 72704K, used 41636K [0x00000000c2c00000, 0x0000000100000000)
  region size 1024K, 3 young (3072K), 1 survivors (1024K)
 Metaspace       used 85306K, committed 86144K, reserved 1179648K
  class space    used 11055K, committed 11456K, reserved 1048576K
}
Event: 59.042 GC heap after
{Heap after GC invocations=35 (full 0):
 garbage-first heap   total 72704K, used 39198K [0x00000000c2c00000, 0x0000000100000000)
  region size 1024K, 1 young (1024K), 1 survivors (1024K)
 Metaspace       used 85306K, committed 86144K, reserved 1179648K
  class space    used 11055K, committed 11456K, reserved 1048576K
}
Event: 63.574 GC heap before
{Heap before GC invocations=35 (full 0):
 garbage-first heap   total 72704K, used 58654K [0x00000000c2c00000, 0x0000000100000000)
  region size 1024K, 21 young (21504K), 1 survivors (1024K)
 Metaspace       used 85641K, committed 86400K, reserved 1179648K
  class space    used 11055K, committed 11456K, reserved 1048576K
}
Event: 63.578 GC heap after
{Heap after GC invocations=36 (full 0):
 garbage-first heap   total 72704K, used 39201K [0x00000000c2c00000, 0x0000000100000000)
  region size 1024K, 1 young (1024K), 1 survivors (1024K)
 Metaspace       used 85641K, committed 86400K, reserved 1179648K
  class space    used 11055K, committed 11456K, reserved 1048576K
}

Deoptimization events (20 events):
Event: 63.967 Thread 0x00000126ff5977c0 Uncommon trap: trap_request=0xffffff76 fr.pc=0x00000126ef70ec70 relative=0x00000000000014b0
Event: 63.967 Thread 0x00000126ff5977c0 Uncommon trap: reason=predicate action=maybe_recompile pc=0x00000126ef70ec70 method=java.util.ComparableTimSort.reverseRange([Ljava/lang/Object;II)V @ 5 c2
Event: 63.967 Thread 0x00000126ff5977c0 DEOPT PACKING pc=0x00000126ef70ec70 sp=0x00000001032fb040
Event: 63.967 Thread 0x00000126ff5977c0 DEOPT UNPACKING pc=0x00000126e774239d sp=0x00000001032fae80 mode 2
Event: 64.578 Thread 0x0000012681240060 Uncommon trap: trap_request=0xffffffbe fr.pc=0x00000126ef7160dc relative=0x000000000000149c
Event: 64.578 Thread 0x0000012681240060 Uncommon trap: reason=profile_predicate action=maybe_recompile pc=0x00000126ef7160dc method=java.util.ComparableTimSort.binarySort([Ljava/lang/Object;III)V @ 34 c2
Event: 64.578 Thread 0x0000012681240060 DEOPT PACKING pc=0x00000126ef7160dc sp=0x0000000102efd960
Event: 64.578 Thread 0x0000012681240060 DEOPT UNPACKING pc=0x00000126e774239d sp=0x0000000102efd7e8 mode 2
Event: 64.583 Thread 0x0000012681240060 Uncommon trap: trap_request=0xffffffd6 fr.pc=0x00000126ef7161d4 relative=0x0000000000001594
Event: 64.583 Thread 0x0000012681240060 Uncommon trap: reason=array_check action=maybe_recompile pc=0x00000126ef7161d4 method=java.util.ComparableTimSort.reverseRange([Ljava/lang/Object;II)V @ 20 c2
Event: 64.583 Thread 0x0000012681240060 DEOPT PACKING pc=0x00000126ef7161d4 sp=0x0000000102efabb0
Event: 64.583 Thread 0x0000012681240060 DEOPT UNPACKING pc=0x00000126e774239d sp=0x0000000102efa9d8 mode 2
Event: 64.583 Thread 0x0000012681240060 Uncommon trap: trap_request=0xffffffbe fr.pc=0x00000126ef7160dc relative=0x000000000000149c
Event: 64.583 Thread 0x0000012681240060 Uncommon trap: reason=profile_predicate action=maybe_recompile pc=0x00000126ef7160dc method=java.util.ComparableTimSort.binarySort([Ljava/lang/Object;III)V @ 34 c2
Event: 64.583 Thread 0x0000012681240060 DEOPT PACKING pc=0x00000126ef7160dc sp=0x0000000102eface0
Event: 64.583 Thread 0x0000012681240060 DEOPT UNPACKING pc=0x00000126e774239d sp=0x0000000102efab68 mode 2
Event: 64.588 Thread 0x0000012681240060 Uncommon trap: trap_request=0xffffffbe fr.pc=0x00000126ef7160dc relative=0x000000000000149c
Event: 64.588 Thread 0x0000012681240060 Uncommon trap: reason=profile_predicate action=maybe_recompile pc=0x00000126ef7160dc method=java.util.ComparableTimSort.binarySort([Ljava/lang/Object;III)V @ 34 c2
Event: 64.588 Thread 0x0000012681240060 DEOPT PACKING pc=0x00000126ef7160dc sp=0x0000000102efda20
Event: 64.589 Thread 0x0000012681240060 DEOPT UNPACKING pc=0x00000126e774239d sp=0x0000000102efd8a8 mode 2

Classes loaded (20 events):
Event: 36.956 Loading class com/sun/beans/util/Cache$Kind
Event: 36.958 Loading class com/sun/beans/util/Cache$Kind done
Event: 36.958 Loading class com/sun/beans/util/Cache$Kind$1
Event: 36.961 Loading class com/sun/beans/util/Cache$Kind$1 done
Event: 36.961 Loading class com/sun/beans/util/Cache$Kind$2
Event: 36.961 Loading class com/sun/beans/util/Cache$Kind$2 done
Event: 36.961 Loading class com/sun/beans/util/Cache$Kind$3
Event: 36.961 Loading class com/sun/beans/util/Cache$Kind$3 done
Event: 36.961 Loading class com/sun/beans/util/Cache$CacheEntry
Event: 36.961 Loading class com/sun/beans/util/Cache$CacheEntry done
Event: 37.113 Loading class java/lang/Throwable$WrappedPrintWriter
Event: 37.121 Loading class java/lang/Throwable$PrintStreamOrWriter
Event: 37.121 Loading class java/lang/Throwable$PrintStreamOrWriter done
Event: 37.121 Loading class java/lang/Throwable$WrappedPrintWriter done
Event: 37.311 Loading class org/w3c/dom/Node
Event: 37.315 Loading class org/w3c/dom/Node done
Event: 37.315 Loading class org/w3c/dom/Document
Event: 37.322 Loading class org/w3c/dom/Document done
Event: 40.745 Loading class java/util/concurrent/ConcurrentLinkedQueue$Itr
Event: 40.762 Loading class java/util/concurrent/ConcurrentLinkedQueue$Itr done

Classes unloaded (3 events):
Event: 36.584 Thread 0x00000126dfe52bd0 Unloading class 0x00000008014cc800 'jdk/internal/reflect/GeneratedSerializationConstructorAccessor3'
Event: 36.584 Thread 0x00000126dfe52bd0 Unloading class 0x00000008014cc400 'jdk/internal/reflect/GeneratedSerializationConstructorAccessor2'
Event: 36.584 Thread 0x00000126dfe52bd0 Unloading class 0x00000008014cc000 'jdk/internal/reflect/GeneratedSerializationConstructorAccessor1'

Classes redefined (0 events):
No events

Internal exceptions (20 events):
Event: 34.523 Thread 0x00000126ff42b460 Exception <a 'java/net/BindException'{0x00000000c6d7c7a8}: Address already in use: bind> (0x00000000c6d7c7a8) 
thrown [s\open\src\hotspot\share\prims\jni.cpp, line 535]
Event: 34.524 Thread 0x00000126ff42b460 Exception <a 'java/net/SocketException'{0x00000000c6d7cbe8}: Socket is not connected: shutdown> (0x00000000c6d7cbe8) 
thrown [s\open\src\hotspot\share\prims\jni.cpp, line 535]
Event: 34.534 Thread 0x00000126ff42b460 Exception <a 'java/lang/NoSuchMethodError'{0x00000000c6c018b0}: 'java.lang.Object java.lang.invoke.DirectMethodHandle$Holder.invokeVirtual(java.lang.Object, java.lang.Object, java.lang.Object, java.lang.Object, java.lang.Object, java.lang.Object, java.lang.Object, java.lang.Object, java.lang.Object)'> (0x00000000c6c018b0) 
thrown [s\open\src\hotspot\share\interpreter\linkResolver.cpp, line 759]
Event: 34.655 Thread 0x00000126ff42b460 Exception <a 'java/lang/NoSuchMethodError'{0x00000000c6a6d3a0}: 'void java.lang.invoke.DirectMethodHandle$Holder.invokeStatic(java.lang.Object, java.lang.Object, double)'> (0x00000000c6a6d3a0) 
thrown [s\open\src\hotspot\share\interpreter\linkResolver.cpp, line 759]
Event: 34.707 Thread 0x00000126ff42b460 Exception <a 'java/lang/NoSuchMethodError'{0x00000000c6ab7ce0}: 'double java.lang.invoke.DirectMethodHandle$Holder.invokeStatic(java.lang.Object, java.lang.Object, java.lang.Object)'> (0x00000000c6ab7ce0) 
thrown [s\open\src\hotspot\share\interpreter\linkResolver.cpp, line 759]
Event: 34.808 Thread 0x00000126ff42b460 Exception <a 'java/lang/IncompatibleClassChangeError'{0x00000000c69a0a38}: Found class java.lang.Object, but interface was expected> (0x00000000c69a0a38) 
thrown [s\open\src\hotspot\share\interpreter\linkResolver.cpp, line 826]
Event: 34.816 Thread 0x00000126ff42b460 Exception <a 'java/lang/NoSuchMethodError'{0x00000000c69b50a0}: 'java.lang.Object java.lang.invoke.DirectMethodHandle$Holder.newInvokeSpecial(java.lang.Object, java.lang.Object, int, java.lang.Object, java.lang.Object)'> (0x00000000c69b50a0) 
thrown [s\open\src\hotspot\share\interpreter\linkResolver.cpp, line 759]
Event: 34.818 Thread 0x00000126ff42b460 Exception <a 'java/lang/NoSuchMethodError'{0x00000000c69c0160}: 'java.lang.Object java.lang.invoke.DirectMethodHandle$Holder.invokeSpecial(java.lang.Object, java.lang.Object, int, java.lang.Object, int, java.lang.Object)'> (0x00000000c69c0160) 
thrown [s\open\src\hotspot\share\interpreter\linkResolver.cpp, line 759]
Event: 34.818 Thread 0x00000126ff42b460 Exception <a 'java/lang/NoSuchMethodError'{0x00000000c69c8180}: 'java.lang.Object java.lang.invoke.DirectMethodHandle$Holder.newInvokeSpecial(java.lang.Object, java.lang.Object, int, java.lang.Object, int)'> (0x00000000c69c8180) 
thrown [s\open\src\hotspot\share\interpreter\linkResolver.cpp, line 759]
Event: 34.819 Thread 0x00000126ff42b460 Exception <a 'java/lang/NoSuchMethodError'{0x00000000c69cc288}: 'java.lang.Object java.lang.invoke.DirectMethodHandle$Holder.invokeSpecial(java.lang.Object, java.lang.Object, java.lang.Object, int, java.lang.Object, int)'> (0x00000000c69cc288) 
thrown [s\open\src\hotspot\share\interpreter\linkResolver.cpp, line 759]
Event: 35.261 Thread 0x000001268123f1f0 Exception <a 'java/lang/NoSuchMethodError'{0x00000000c653f8c8}: 'java.lang.Object java.lang.invoke.DirectMethodHandle$Holder.invokeSpecial(java.lang.Object, java.lang.Object, java.lang.Object, java.lang.Object, java.lang.Object, long)'> (0x00000000c653f8c8) 
thrown [s\open\src\hotspot\share\interpreter\linkResolver.cpp, line 759]
Event: 35.262 Thread 0x000001268123f1f0 Exception <a 'java/lang/NoSuchMethodError'{0x00000000c6543310}: 'java.lang.Object java.lang.invoke.Invokers$Holder.linkToTargetMethod(java.lang.Object, java.lang.Object, java.lang.Object, long, java.lang.Object)'> (0x00000000c6543310) 
thrown [s\open\src\hotspot\share\interpreter\linkResolver.cpp, line 759]
Event: 35.314 Thread 0x00000126ff42b460 Exception <a 'java/lang/IncompatibleClassChangeError'{0x00000000c67c68a8}: Found class java.lang.Object, but interface was expected> (0x00000000c67c68a8) 
thrown [s\open\src\hotspot\share\interpreter\linkResolver.cpp, line 826]
Event: 36.358 Thread 0x00000126ff42b460 Implicit null exception at 0x00000126ef3bbc55 to 0x00000126ef3bbed8
Event: 36.811 Thread 0x000001268123fb90 Exception <a 'java/lang/NoSuchMethodError'{0x00000000c6f009a0}: 'java.lang.Object java.lang.invoke.DirectMethodHandle$Holder.invokeInterface(java.lang.Object, java.lang.Object, int)'> (0x00000000c6f009a0) 
thrown [s\open\src\hotspot\share\interpreter\linkResolver.cpp, line 759]
Event: 36.822 Thread 0x000001268123fb90 Exception <a 'java/lang/IncompatibleClassChangeError'{0x00000000c6f35010}: Found class java.lang.Object, but interface was expected> (0x00000000c6f35010) 
thrown [s\open\src\hotspot\share\interpreter\linkResolver.cpp, line 826]
Event: 36.870 Thread 0x00000126fefb1df0 Exception <a 'java/lang/NoSuchMethodError'{0x00000000c7218680}: 'long java.lang.invoke.DirectMethodHandle$Holder.invokeStatic(java.lang.Object, java.lang.Object, java.lang.Object)'> (0x00000000c7218680) 
thrown [s\open\src\hotspot\share\interpreter\linkResolver.cpp, line 759]
Event: 36.882 Thread 0x000001268123d510 Exception <a 'java/lang/NoSuchMethodError'{0x00000000c6e2b6c8}: 'java.lang.Object java.lang.invoke.DirectMethodHandle$Holder.newInvokeSpecial(java.lang.Object, java.lang.Object, java.lang.Object, long)'> (0x00000000c6e2b6c8) 
thrown [s\open\src\hotspot\share\interpreter\linkResolver.cpp, line 759]
Event: 36.882 Thread 0x000001268123d510 Exception <a 'java/lang/NoSuchMethodError'{0x00000000c6e2fc60}: 'java.lang.Object java.lang.invoke.DirectMethodHandle$Holder.invokeSpecial(java.lang.Object, java.lang.Object, java.lang.Object, java.lang.Object, long)'> (0x00000000c6e2fc60) 
thrown [s\open\src\hotspot\share\interpreter\linkResolver.cpp, line 759]
Event: 36.883 Thread 0x000001268123d510 Exception <a 'java/lang/NoSuchMethodError'{0x00000000c6e33dc8}: 'java.lang.Object java.lang.invoke.Invokers$Holder.linkToTargetMethod(java.lang.Object, java.lang.Object, long, java.lang.Object)'> (0x00000000c6e33dc8) 
thrown [s\open\src\hotspot\share\interpreter\linkResolver.cpp, line 759]

VM Operations (20 events):
Event: 57.948 Executing VM operation: Cleanup
Event: 58.102 Executing VM operation: Cleanup done
Event: 58.679 Executing VM operation: G1CollectForAllocation
Event: 58.749 Executing VM operation: G1CollectForAllocation done
Event: 59.031 Executing VM operation: G1CollectForAllocation
Event: 59.042 Executing VM operation: G1CollectForAllocation done
Event: 60.060 Executing VM operation: Cleanup
Event: 60.060 Executing VM operation: Cleanup done
Event: 61.100 Executing VM operation: Cleanup
Event: 61.492 Executing VM operation: Cleanup done
Event: 62.497 Executing VM operation: Cleanup
Event: 62.497 Executing VM operation: Cleanup done
Event: 63.512 Executing VM operation: Cleanup
Event: 63.571 Executing VM operation: Cleanup done
Event: 63.573 Executing VM operation: G1CollectForAllocation
Event: 63.600 Executing VM operation: G1CollectForAllocation done
Event: 63.724 Executing VM operation: G1Concurrent
Event: 63.738 Executing VM operation: G1Concurrent done
Event: 63.787 Executing VM operation: G1Concurrent
Event: 63.787 Executing VM operation: G1Concurrent done

Events (20 events):
Event: 45.116 Thread 0x00000126dfe7e8b0 flushing nmethod 0x00000126e896b290
Event: 45.116 Thread 0x00000126dfe7e8b0 flushing nmethod 0x00000126e896e310
Event: 45.116 Thread 0x00000126dfe7e8b0 flushing nmethod 0x00000126e896eb90
Event: 45.117 Thread 0x00000126dfe7e8b0 flushing nmethod 0x00000126e8971d10
Event: 45.117 Thread 0x00000126dfe7e8b0 flushing nmethod 0x00000126e8974f10
Event: 45.117 Thread 0x00000126dfe7e8b0 flushing nmethod 0x00000126e89ac690
Event: 45.117 Thread 0x00000126dfe7e8b0 flushing nmethod 0x00000126e89b1110
Event: 45.117 Thread 0x00000126dfe7e8b0 flushing nmethod 0x00000126e89b8110
Event: 45.117 Thread 0x00000126dfe7e8b0 flushing nmethod 0x00000126e89d5790
Event: 45.117 Thread 0x00000126dfe7e8b0 flushing nmethod 0x00000126e89df510
Event: 45.117 Thread 0x00000126dfe7e8b0 flushing nmethod 0x00000126e89fa910
Event: 45.117 Thread 0x00000126dfe7e8b0 flushing nmethod 0x00000126e8a11010
Event: 45.117 Thread 0x00000126dfe7e8b0 flushing nmethod 0x00000126e8a13e90
Event: 45.117 Thread 0x00000126dfe7e8b0 flushing nmethod 0x00000126e8a1ce90
Event: 45.117 Thread 0x00000126dfe7e8b0 flushing nmethod 0x00000126e8a2ba10
Event: 45.117 Thread 0x00000126dfe7e8b0 flushing nmethod 0x00000126e8a4b190
Event: 45.117 Thread 0x00000126dfe7e8b0 flushing nmethod 0x00000126e8a7eb90
Event: 45.117 Thread 0x00000126dfe7e8b0 flushing nmethod 0x00000126e8ab6090
Event: 45.118 Thread 0x00000126dfe7e8b0 flushing nmethod 0x00000126e8aebb10
Event: 45.118 Thread 0x00000126dfe7e8b0 flushing nmethod 0x00000126e8af9b90


Dynamic libraries:
0x00007ff7f8c80000 - 0x00007ff7f8c8e000 	C:\Users\felip\.jdks\openjdk-18.0.2.1\bin\java.exe
0x00007fffed4c0000 - 0x00007fffed6c9000 	C:\Windows\SYSTEM32\ntdll.dll
0x00007fffec350000 - 0x00007fffec40e000 	C:\Windows\System32\KERNEL32.DLL
0x00007fffeace0000 - 0x00007fffeb064000 	C:\Windows\System32\KERNELBASE.dll
0x00007fffea950000 - 0x00007fffeaa61000 	C:\Windows\System32\ucrtbase.dll
0x00007fffe67c0000 - 0x00007fffe67d7000 	C:\Users\felip\.jdks\openjdk-18.0.2.1\bin\jli.dll
0x00007fffe31b0000 - 0x00007fffe31ca000 	C:\Users\felip\.jdks\openjdk-18.0.2.1\bin\VCRUNTIME140.dll
0x00007fffecff0000 - 0x00007fffed19d000 	C:\Windows\System32\USER32.dll
0x00007fffeaa70000 - 0x00007fffeaa96000 	C:\Windows\System32\win32u.dll
0x00007fffed1a0000 - 0x00007fffed1ca000 	C:\Windows\System32\GDI32.dll
0x00007fffeab20000 - 0x00007fffeac3f000 	C:\Windows\System32\gdi32full.dll
0x00007fffeac40000 - 0x00007fffeacdd000 	C:\Windows\System32\msvcp_win.dll
0x00007fffd8bb0000 - 0x00007fffd8e55000 	C:\Windows\WinSxS\amd64_microsoft.windows.common-controls_6595b64144ccf1df_6.0.22000.120_none_9d947278b86cc467\COMCTL32.dll
0x00007fffebe00000 - 0x00007fffebea3000 	C:\Windows\System32\msvcrt.dll
0x00007fffecfb0000 - 0x00007fffecfe1000 	C:\Windows\System32\IMM32.DLL
0x00007fffe8670000 - 0x00007fffe867c000 	C:\Users\felip\.jdks\openjdk-18.0.2.1\bin\vcruntime140_1.dll
0x00007fff9dca0000 - 0x00007fff9dd2d000 	C:\Users\felip\.jdks\openjdk-18.0.2.1\bin\msvcp140.dll
0x00007fff691d0000 - 0x00007fff69de1000 	C:\Users\felip\.jdks\openjdk-18.0.2.1\bin\server\jvm.dll
0x00007fffeb6c0000 - 0x00007fffeb76f000 	C:\Windows\System32\ADVAPI32.dll
0x00007fffed1d0000 - 0x00007fffed26e000 	C:\Windows\System32\sechost.dll
0x00007fffebc60000 - 0x00007fffebd81000 	C:\Windows\System32\RPCRT4.dll
0x00007fffed320000 - 0x00007fffed328000 	C:\Windows\System32\PSAPI.DLL
0x00007fffe0bb0000 - 0x00007fffe0bb9000 	C:\Windows\SYSTEM32\WSOCK32.dll
0x00007fffed330000 - 0x00007fffed39f000 	C:\Windows\System32\WS2_32.dll
0x00007fffe2cd0000 - 0x00007fffe2d03000 	C:\Windows\SYSTEM32\WINMM.dll
0x00007fffe85e0000 - 0x00007fffe85ea000 	C:\Windows\SYSTEM32\VERSION.dll
0x00007fffe9970000 - 0x00007fffe9988000 	C:\Windows\SYSTEM32\kernel.appcore.dll
0x00007fffd88c0000 - 0x00007fffd88ca000 	C:\Users\felip\.jdks\openjdk-18.0.2.1\bin\jimage.dll
0x00007fffe7d40000 - 0x00007fffe7f61000 	C:\Windows\SYSTEM32\DBGHELP.DLL
0x00007fffce060000 - 0x00007fffce091000 	C:\Windows\SYSTEM32\dbgcore.DLL
0x00007fffeaaa0000 - 0x00007fffeab1f000 	C:\Windows\System32\bcryptPrimitives.dll
0x00007fffd8650000 - 0x00007fffd865e000 	C:\Users\felip\.jdks\openjdk-18.0.2.1\bin\instrument.dll
0x00007fffbedc0000 - 0x00007fffbede5000 	C:\Users\felip\.jdks\openjdk-18.0.2.1\bin\java.dll
0x00007fff9c3c0000 - 0x00007fff9c496000 	C:\Users\felip\.jdks\openjdk-18.0.2.1\bin\jsvml.dll
0x00007fffec5b0000 - 0x00007fffecd75000 	C:\Windows\System32\SHELL32.dll
0x00007fffe89d0000 - 0x00007fffe9234000 	C:\Windows\SYSTEM32\windows.storage.dll
0x00007fffeb8e0000 - 0x00007fffebc56000 	C:\Windows\System32\combase.dll
0x00007fffe8860000 - 0x00007fffe89c7000 	C:\Windows\SYSTEM32\wintypes.dll
0x00007fffec430000 - 0x00007fffec51a000 	C:\Windows\System32\SHCORE.dll
0x00007fffebda0000 - 0x00007fffebdfd000 	C:\Windows\System32\shlwapi.dll
0x00007fffea880000 - 0x00007fffea8a5000 	C:\Windows\SYSTEM32\profapi.dll
0x00007fffd6470000 - 0x00007fffd6488000 	C:\Users\felip\.jdks\openjdk-18.0.2.1\bin\zip.dll
0x00007fffd64b0000 - 0x00007fffd64c3000 	C:\Users\felip\.jdks\openjdk-18.0.2.1\bin\net.dll
0x00007fffe3290000 - 0x00007fffe33a3000 	C:\Windows\SYSTEM32\WINHTTP.dll
0x00007fffe9e10000 - 0x00007fffe9e77000 	C:\Windows\system32\mswsock.dll
0x00007fffd6490000 - 0x00007fffd64a6000 	C:\Users\felip\.jdks\openjdk-18.0.2.1\bin\nio.dll
0x00007fffd7d30000 - 0x00007fffd7d4a000 	C:\Program Files\JetBrains\IntelliJ IDEA Community Edition 2022.2.1\bin\breakgen64.dll
0x00007fffd8ec0000 - 0x00007fffd8ec9000 	C:\Users\felip\.jdks\openjdk-18.0.2.1\bin\management.dll
0x00007fffd7ec0000 - 0x00007fffd7ecb000 	C:\Users\felip\.jdks\openjdk-18.0.2.1\bin\management_ext.dll
0x00007fffbee30000 - 0x00007fffbee40000 	C:\Users\felip\.jdks\openjdk-18.0.2.1\bin\verify.dll
0x00007fffea0e0000 - 0x00007fffea0f8000 	C:\Windows\SYSTEM32\CRYPTSP.dll
0x00007fffe98d0000 - 0x00007fffe9905000 	C:\Windows\system32\rsaenh.dll
0x00007fffe9eb0000 - 0x00007fffe9edc000 	C:\Windows\SYSTEM32\USERENV.dll
0x00007fffea2a0000 - 0x00007fffea2c7000 	C:\Windows\SYSTEM32\bcrypt.dll
0x00007fffea000000 - 0x00007fffea00c000 	C:\Windows\SYSTEM32\CRYPTBASE.dll
0x00007fffe94d0000 - 0x00007fffe94fd000 	C:\Windows\SYSTEM32\IPHLPAPI.DLL
0x00007fffebd90000 - 0x00007fffebd99000 	C:\Windows\System32\NSI.dll
0x00007fffe31f0000 - 0x00007fffe3209000 	C:\Windows\SYSTEM32\dhcpcsvc6.DLL
0x00007fffe3790000 - 0x00007fffe37ae000 	C:\Windows\SYSTEM32\dhcpcsvc.DLL
0x00007fffe9500000 - 0x00007fffe95e7000 	C:\Windows\SYSTEM32\DNSAPI.dll
0x00007fffd7e90000 - 0x00007fffd7e9e000 	C:\Users\felip\.jdks\openjdk-18.0.2.1\bin\sunmscapi.dll
0x00007fffeb1a0000 - 0x00007fffeb30a000 	C:\Windows\System32\CRYPT32.dll
0x00007fffea270000 - 0x00007fffea29a000 	C:\Windows\SYSTEM32\ncrypt.dll
0x00007fffea230000 - 0x00007fffea267000 	C:\Windows\SYSTEM32\NTASN1.dll
0x00007fffd4920000 - 0x00007fffd492a000 	C:\Windows\System32\rasadhlp.dll
0x00007fffe17a0000 - 0x00007fffe1822000 	C:\Windows\System32\fwpuclnt.dll

dbghelp: loaded successfully - version: 4.0.5 - missing functions: none
symbol engine: initialized successfully - sym options: 0x614 - pdb path: .;C:\Users\felip\.jdks\openjdk-18.0.2.1\bin;C:\Windows\SYSTEM32;C:\Windows\WinSxS\amd64_microsoft.windows.common-controls_6595b64144ccf1df_6.0.22000.120_none_9d947278b86cc467;C:\Users\felip\.jdks\openjdk-18.0.2.1\bin\server;C:\Program Files\JetBrains\IntelliJ IDEA Community Edition 2022.2.1\bin

VM Arguments:
jvm_args: -javaagent:C:\Program Files\JetBrains\IntelliJ IDEA Community Edition 2022.2.1\lib\idea_rt.jar=50953:C:\Program Files\JetBrains\IntelliJ IDEA Community Edition 2022.2.1\bin -Dfile.encoding=UTF-8 -Dsun.stdout.encoding=UTF-8 -Dsun.stderr.encoding=UTF-8 
java_command: com.registration.registration.RegistrationApplication
java_class_path (initial): C:\Users\felip\Downloads\SUBIRGIT\java-system\backend\Chat\registration\target\classes;C:\Users\felip\.m2\repository\org\springframework\amqp\spring-amqp\3.0.2\spring-amqp-3.0.2.jar;C:\Users\felip\.m2\repository\org\springframework\spring-core\6.0.6\spring-core-6.0.6.jar;C:\Users\felip\.m2\repository\org\springframework\spring-jcl\6.0.6\spring-jcl-6.0.6.jar;C:\Users\felip\.m2\repository\org\springframework\retry\spring-retry\2.0.0\spring-retry-2.0.0.jar;C:\Users\felip\.m2\repository\org\springframework\amqp\spring-rabbit\3.0.2\spring-rabbit-3.0.2.jar;C:\Users\felip\.m2\repository\com\rabbitmq\amqp-client\5.16.0\amqp-client-5.16.0.jar;C:\Users\felip\.m2\repository\org\slf4j\slf4j-api\2.0.6\slf4j-api-2.0.6.jar;C:\Users\felip\.m2\repository\org\springframework\spring-context\6.0.6\spring-context-6.0.6.jar;C:\Users\felip\.m2\repository\org\springframework\spring-aop\6.0.6\spring-aop-6.0.6.jar;C:\Users\felip\.m2\repository\org\springframework\spring-beans\6.0.6\spring-beans-6.0.6.jar;C:\Users\felip\.m2\repository\org\springframework\spring-expression\6.0.6\spring-expression-6.0.6.jar;C:\Users\felip\.m2\repository\org\springframework\spring-messaging\6.0.6\spring-messaging-6.0.6.jar;C:\Users\felip\.m2\repository\org\springframework\spring-tx\6.0.6\spring-tx-6.0.6.jar;C:\Users\felip\.m2\repository\io\micrometer\micrometer-observation\1.10.4\micrometer-observation-1.10.4.jar;C:\Users\felip\.m2\repository\io\micrometer\micrometer-commons\1.10.4\micrometer-commons-1.10.4.jar;C:\Users\felip\.m2\repository\org\apache\logging\log4j\log4j-core\2.19.0\log4j-core-2.19.0.jar;C:\Users\felip\.m2\repository\org\apache\logging\log4j\log4j-api\2.19.0\log4j-api-2.19.0.jar;C:\Users\felip\.m2\repository\org\projectlombok\lombok\1.18.26\lombok-1.18.26.jar;C:\Users\felip\.m2\repository\org\springframework\boot\spring-boot-starter-actuator\3.0.4\spring-boot-starter-actuator-3.0.4.jar;C:\Users\felip\.m2\repository\org\springframework\boot\spring-boot-starter\3.0.4\spring-boot-starter-3.0.4.jar;C:\Users\felip\.m2\repository\org\springframework\boot\spring-boot-starter-logging\3.0.4\spring-boot-starter-logging-3.0.4.jar;C:\Users\felip\.m2\repository\ch\qos\logback\logback-classic\1.4.5\logback-classic-1.4.5.jar;C:\Users\felip\.m2\repository\ch\qos\logback\logback-core\1.4.5\logback-core-1.4.5.jar;C:\Users\felip\.m2\repository\org\apache\logging\log4j\log4j-to-slf4j\2.19.0\log4j-to-slf4j-2.19.0.jar;C:\Users\felip\.m2\repository\org\slf4j\jul-to-slf4j\2.0.6\jul-to-slf4j-2.0.6.jar;C:\Users\felip\.m2\repository\jakarta\annotation\jakarta.annotation-api\2.1.1\jakarta.annotation-api-2.1.1.jar;C:\Users\felip\.m2\repository\org\yaml\snakeyaml\1.33\snakeyaml-1.33.jar;C:\Users\felip\.m2\repository\org\springframework\boot\spring-boot-actuator-autoconfigure\3.0.4\spring-boot-actuator-autoconfigure-3.0.4.jar;C:\Users\felip\.m2\repository\org\springframework\boot\spring-boot-actuator\3.0.4\spring-boot-actuator-3.0.4.jar;C:\Users\felip\.m2\repository\com\fasterxml\jackson\datatype\jackson-datatype-jsr310\2.14.2\jackson-datatype-jsr310-2.14.2.jar;C:\Users\felip\.m2\repository\io\micrometer\micrometer-core\1.10.4\micrometer-core-1.10.4.jar;C:\Users\felip\.m2\repository\org\hdrhistogram\HdrHistogram\2.1.12\HdrHistogram-2.1.12.jar;C:\Users\felip\.m2\repository\org\latencyutils\LatencyUtils\2.0.3\LatencyUtils-2.0.3.jar;C:\Users\felip\.m2\repository\org\springframework\boot\spring-boot-starter-data-jpa\3.0.4\spring-boot-starter-data-jpa-3.0.4.jar;C:\Users\felip\.m2\repository\org\springframework\boot\spring-boot-starter-aop\3.0.4\spring-boot-starter-aop-3.0.4.jar;C:\Users\felip\.m2\repository\org\aspectj\aspectjweaver\1.9.19\aspectjweaver-1.9.19.jar;C:\Users\felip\.m2\repository\org\springframework\boot\spring-boot-starter-jdbc\3.0.4\spring-boot-starter-jdbc-3.0.4.jar;C:\Users\felip\.m2\repository\com\zaxxer\HikariCP\5.0.1\HikariCP-5.0.1.jar;C:\Users\felip\.m2\repository\org\springframework\spring-jdbc\6.0.6\spring-jdbc-6.0.6.jar;C:\Users\felip\.m2\repository\org\hibernate\orm\hibernate-core\6.1.7.Final\hibernate-core-6.1.7.Final.jar;C:\Users\felip\.m2\repository\jakarta\persistence\jakarta.persistence-api\3.1.0\jakarta.persistence-api-3.1.0.jar;C:\Users\felip\.m2\repository\jakarta\transaction\jakarta.transaction-api\2.0.1\jakarta.transaction-api-2.0.1.jar;C:\Users\felip\.m2\repository\org\jboss\logging\jboss-logging\3.5.0.Final\jboss-logging-3.5.0.Final.jar;C:\Users\felip\.m2\repository\org\hibernate\common\hibernate-commons-annotations\6.0.6.Final\hibernate-commons-annotations-6.0.6.Final.jar;C:\Users\felip\.m2\repository\org\jboss\jandex\2.4.2.Final\jandex-2.4.2.Final.jar;C:\Users\felip\.m2\repository\com\fasterxml\classmate\1.5.1\classmate-1.5.1.jar;C:\Users\felip\.m2\repository\net\bytebuddy\byte-buddy\1.12.23\byte-buddy-1.12.23.jar;C:\Users\felip\.m2\repository\org\glassfish\jaxb\jaxb-runtime\4.0.2\jaxb-runtime-4.0.2.jar;C:\Users\felip\.m2\repository\org\glassfish\jaxb\jaxb-core\4.0.2\jaxb-core-4.0.2.jar;C:\Users\felip\.m2\repository\org\eclipse\angus\angus-activation\2.0.0\angus-activation-2.0.0.jar;C:\Users\felip\.m2\repository\org\glassfish\jaxb\txw2\4.0.2\txw2-4.0.2.jar;C:\Users\felip\.m2\repository\com\sun\istack\istack-commons-runtime\4.1.1\istack-commons-runtime-4.1.1.jar;C:\Users\felip\.m2\repository\jakarta\inject\jakarta.inject-api\2.0.0\jakarta.inject-api-2.0.0.jar;C:\Users\felip\.m2\repository\org\antlr\antlr4-runtime\4.10.1\antlr4-runtime-4.10.1.jar;C:\Users\felip\.m2\repository\org\springframework\data\spring-data-jpa\3.0.3\spring-data-jpa-3.0.3.jar;C:\Users\felip\.m2\repository\org\springframework\data\spring-data-commons\3.0.3\spring-data-commons-3.0.3.jar;C:\Users\felip\.m2\repository\org\springframework\spring-orm\6.0.6\spring-orm-6.0.6.jar;C:\Users\felip\.m2\repository\org\springframework\spring-aspects\6.0.6\spring-aspects-6.0.6.jar;C:\Users\felip\.m2\repository\org\springframework\boot\spring-boot-starter-data-mongodb\3.0.4\spring-boot-starter-data-mongodb-3.0.4.jar;C:\Users\felip\.m2\repository\org\mongodb\mongodb-driver-sync\4.8.2\mongodb-driver-sync-4.8.2.jar;C:\Users\felip\.m2\repository\org\mongodb\bson\4.8.2\bson-4.8.2.jar;C:\Users\felip\.m2\repository\org\mongodb\mongodb-driver-core\4.8.2\mongodb-driver-core-4.8.2.jar;C:\Users\felip\.m2\repository\org\mongodb\bson-record-codec\4.8.2\bson-record-codec-4.8.2.jar;C:\Users\felip\.m2\repository\org\springframework\data\spring-data-mongodb\4.0.3\spring-data-mongodb-4.0.3.jar;C:\Users\felip\.m2\repository\org\springframework\boot\spring-boot-starter-web\3.0.4\spring-boot-starter-web-3.0.4.jar;C:\Users\felip\.m2\repository\org\springframework\boot\spring-boot-starter-json\3.0.4\spring-boot-starter-json-3.0.4.jar;C:\Users\felip\.m2\repository\com\fasterxml\jackson\datatype\jackson-datatype-jdk8\2.14.2\jackson-datatype-jdk8-2.14.2.jar;C:\Users\felip\.m2\repository\com\fasterxml\jackson\module\jackson-module-parameter-names\2.14.2\jackson-module-parameter-names-2.14.2.jar;C:\Users\felip\.m2\repository\org\springframework\boot\spring-boot-starter-tomcat\3.0.4\spring-boot-starter-tomcat-3.0.4.jar;C:\Users\felip\.m2\repository\org\apache\tomcat\embed\tomcat-embed-core\10.1.5\tomcat-embed-core-10.1.5.jar;C:\Users\felip\.m2\repository\org\apache\tomcat\embed\tomcat-embed-websocket\10.1.5\tomcat-embed-websocket-10.1.5.jar;C:\Users\felip\.m2\repository\org\springframework\spring-web\6.0.6\spring-web-6.0.6.jar;C:\Users\felip\.m2\repository\org\springframework\spring-webmvc\6.0.6\spring-webmvc-6.0.6.jar;C:\Users\felip\.m2\repository\org\springframework\boot\spring-boot-devtools\3.0.4\spring-boot-devtools-3.0.4.jar;C:\Users\felip\.m2\repository\org\springframework\boot\spring-boot\3.0.4\spring-boot-3.0.4.jar;C:\Users\felip\.m2\repository\org\springframework\boot\spring-boot-autoconfigure\3.0.4\spring-boot-autoconfigure-3.0.4.jar;C:\Users\felip\.m2\repository\com\mysql\mysql-connector-j\8.0.32\mysql-connector-j-8.0.32.jar;C:\Users\felip\.m2\repository\jakarta\xml\bind\jakarta.xml.bind-api\4.0.0\jakarta.xml.bind-api-4.0.0.jar;C:\Users\felip\.m2\repository\jakarta\activation\jakarta.activation-api\2.1.1\jakarta.activation-api-2.1.1.jar;C:\Users\felip\.m2\repository\org\springframework\boot\spring-boot-starter-validation\3.0.4\spring-boot-starter-validation-3.0.4.jar;C:\Users\felip\.m2\repository\org\apache\tomcat\embed\tomcat-embed-el\10.1.5\tomcat-embed-el-10.1.5.jar;C:\Users\felip\.m2\repository\org\hibernate\validator\hibernate-validator\8.0.0.Final\hibernate-validator-8.0.0.Final.jar;C:\Users\felip\.m2\repository\jakarta\validation\jakarta.validation-api\3.0.2\jakarta.validation-api-3.0.2.jar;C:\Users\felip\.m2\repository\io\jsonwebtoken\jjwt-api\0.11.5\jjwt-api-0.11.5.jar;C:\Users\felip\.m2\repository\io\jsonwebtoken\jjwt-impl\0.11.5\jjwt-impl-0.11.5.jar;C:\Users\felip\.m2\repository\io\jsonwebtoken\jjwt-jackson\0.11.5\jjwt-jackson-0.11.5.jar;C:\Users\felip\.m2\repository\com\fasterxml\jackson\core\jackson-databind\2.14.2\jackson-databind-2.14.2.jar;C:\Users\felip\.m2\repository\com\fasterxml\jackson\core\jackson-annotations\2.14.2\jackson-annotations-2.14.2.jar;C:\Users\felip\.m2\repository\com\fasterxml\jackson\core\jackson-core\2.14.2\jackson-core-2.14.2.jar;C:\Users\felip\.m2\repository\org\springframework\boot\spring-boot-starter-websocket\3.0.4\spring-boot-starter-websocket-3.0.4.jar;C:\Users\felip\.m2\repository\org\springframework\spring-websocket\6.0.6\spring-websocket-6.0.6.jar
Launcher Type: SUN_STANDARD

[Global flags]
     intx CICompilerCount                          = 2                                         {product} {ergonomic}
     uint ConcGCThreads                            = 1                                         {product} {ergonomic}
     uint G1ConcRefinementThreads                  = 2                                         {product} {ergonomic}
   size_t G1HeapRegionSize                         = 1048576                                   {product} {ergonomic}
    uintx GCDrainStackTargetSize                   = 64                                        {product} {ergonomic}
   size_t InitialHeapSize                          = 65011712                                  {product} {ergonomic}
   size_t MarkStackSize                            = 4194304                                   {product} {ergonomic}
   size_t MaxHeapSize                              = 1027604480                                {product} {ergonomic}
   size_t MaxNewSize                               = 616562688                                 {product} {ergonomic}
   size_t MinHeapDeltaBytes                        = 1048576                                   {product} {ergonomic}
   size_t MinHeapSize                              = 8388608                                   {product} {ergonomic}
    uintx NonNMethodCodeHeapSize                   = 5826188                                {pd product} {ergonomic}
    uintx NonProfiledCodeHeapSize                  = 122916026                              {pd product} {ergonomic}
    uintx ProfiledCodeHeapSize                     = 122916026                              {pd product} {ergonomic}
    uintx ReservedCodeCacheSize                    = 251658240                              {pd product} {ergonomic}
     bool SegmentedCodeCache                       = true                                      {product} {ergonomic}
   size_t SoftMaxHeapSize                          = 1027604480                             {manageable} {ergonomic}
     bool UseCompressedClassPointers               = true                           {product lp64_product} {ergonomic}
     bool UseCompressedOops                        = true                           {product lp64_product} {ergonomic}
     bool UseG1GC                                  = true                                      {product} {ergonomic}
     bool UseLargePagesIndividualAllocation        = false                                  {pd product} {ergonomic}

Logging:
Log output configuration:
 #0: stdout all=warning uptime,level,tags foldmultilines=false
 #1: stderr all=off uptime,level,tags foldmultilines=false

Environment Variables:
PATH=C:\Program Files\Common Files\Oracle\Java\javapath;C:\Windows\system32;C:\Windows;C:\Windows\System32\Wbem;C:\Windows\System32\WindowsPowerShell\v1.0\;C:\Windows\System32\OpenSSH\;C:\Program Files\nodejs\;C:\Program Files (x86)\Microsoft SQL Server\150\Tools\Binn\;C:\Program Files\Microsoft SQL Server\150\Tools\Binn\;C:\Program Files (x86)\Microsoft SQL Server\150\DTS\Binn\;C:\Program Files\Microsoft SQL Server\150\DTS\Binn\;C:\Program Files\Microsoft SQL Server\Client SDK\ODBC\170\Tools\Binn\;C:\ProgramData\chocolatey\bin;C:\Program Files\Git\cmd;C:\Program Files\Git\mingw64\bin;C:\Program Files\Git\usr\bin;C:\Users\felip\Downloads\apache-maven-3.8.6;C:\Users\felip\Downloads\apache-maven-3.8.6\bin;C:\Program Files\MongoDB\Server\6.0\bin;;C:\Program Files\Docker\Docker\resources\bin;C:\Users\felip\AppData\Local\Programs\Python\Python310;C:\Users\felip\AppData\Local\Programs\Python\Python310\Scripts;C:\Program Files\Java\jdk-19\bin;C:\Users\felip\AppData\Local\Programs\Python\Python39;C:\Users\felip\AppData\Local\Programs\Microsoft VS Code\bin;C:\Users\felip\AppData\Local\Programs\mongosh\;C:\Program Files\MongoDB\Server\6.0\bin;C:\Program Files\Docker\Docker\resources\bin;
USERNAME=felip
OS=Windows_NT
PROCESSOR_IDENTIFIER=Intel64 Family 6 Model 122 Stepping 8, GenuineIntel



---------------  S Y S T E M  ---------------

OS:
 Windows 11 , 64 bit Build 22000 (10.0.22000.2124)
OS uptime: 1 days 9:09 hours
Hyper-V role detected

CPU: total 2 (initial active 2) (2 cores per cpu, 1 threads per core) family 6 model 122 stepping 8 microcode 0x18, cx8, cmov, fxsr, mmx, 3dnowpref, sse, sse2, sse3, ssse3, sse4.1, sse4.2, popcnt, tsc, tscinvbit, aes, erms, clmul, sha, clflush, clflushopt, hv

Memory: 4k page, system-wide physical 3918M (285M free)
TotalPageFile size 15694M (AvailPageFile size 2M)
current process WorkingSet (physical memory assigned to process): 206M, peak: 262M
current process commit charge ("private bytes"): 302M, peak: 317M

vm_info: OpenJDK 64-Bit Server VM (18.0.2.1+1-1) for windows-amd64 JRE (18.0.2.1+1-1), built on Aug 16 2022 01:44:29 by "mach5one" with MS VC++ 16.8 / 16.9 (VS2019)

END.
