#
# There is insufficient memory for the Java Runtime Environment to continue.
# Native memory allocation (malloc) failed to allocate 1275488 bytes for Chunk::new
# Possible reasons:
#   The system is out of physical RAM or swap space
#   The process is running with CompressedOops enabled, and the Java Heap may be blocking the growth of the native heap
# Possible solutions:
#   Reduce memory load on the system
#   Increase physical memory or swap space
#   Check if swap backing store is full
#   Decrease Java heap size (-Xmx/-Xms)
#   Decrease number of Java threads
#   Decrease Java thread stack sizes (-Xss)
#   Set larger code cache with -XX:ReservedCodeCacheSize=
#   JVM is running with Unscaled Compressed Oops mode in which the Java heap is
#     placed in the first 4GB address space. The Java Heap base address is the
#     maximum limit for the native heap growth. Please use -XX:HeapBaseMinAddress
#     to set the Java Heap base and to place the Java Heap above 4GB virtual address.
# This output file may be truncated or incomplete.
#
#  Out of Memory Error (arena.cpp:184), pid=9164, tid=9800
#
# JRE version: OpenJDK Runtime Environment (18.0.2.1+1) (build 18.0.2.1+1-1)
# Java VM: OpenJDK 64-Bit Server VM (18.0.2.1+1-1, mixed mode, sharing, tiered, compressed oops, compressed class ptrs, g1 gc, windows-amd64)
# No core dump will be written. Minidumps are not enabled by default on client versions of Windows
#

---------------  S U M M A R Y ------------

Command Line: -javaagent:C:\Program Files\JetBrains\IntelliJ IDEA Community Edition 2022.2.1\lib\idea_rt.jar=50686:C:\Program Files\JetBrains\IntelliJ IDEA Community Edition 2022.2.1\bin -Dfile.encoding=UTF-8 -Dsun.stdout.encoding=UTF-8 -Dsun.stderr.encoding=UTF-8 com.registration.registration.RegistrationApplication

Host: Intel(R) Celeron(R) N4020 CPU @ 1.10GHz, 2 cores, 3G,  Windows 11 , 64 bit Build 22000 (10.0.22000.2124)
Time: Sun Aug  6 09:18:39 2023 Hora oficial do Brasil elapsed time: 6606.668130 seconds (0d 1h 50m 6s)

---------------  T H R E A D  ---------------

Current thread (0x000001d0ad5836d0):  JavaThread "C2 CompilerThread0" daemon [_thread_in_native, id=9800, stack(0x0000009500500000,0x0000009500600000)]


Current CompileTask:
C2:6606669 15868       4       com.mysql.cj.jdbc.result.ResultSetImpl::<init> (814 bytes)

Stack: [0x0000009500500000,0x0000009500600000]
Native frames: (J=compiled Java code, j=interpreted, Vv=VM code, C=native code)
V  [jvm.dll+0x6993aa]
V  [jvm.dll+0x7f46dd]
V  [jvm.dll+0x7f5fee]
V  [jvm.dll+0x7f66a3]
V  [jvm.dll+0x25cf1f]
V  [jvm.dll+0xb8c2f]
V  [jvm.dll+0xb8fa5]
V  [jvm.dll+0x3860cb]
V  [jvm.dll+0x1d2d58]
V  [jvm.dll+0x230259]
V  [jvm.dll+0x22f4d1]
V  [jvm.dll+0x1ba01c]
V  [jvm.dll+0x23ee0a]
V  [jvm.dll+0x23d0f5]
V  [jvm.dll+0x7a6dd1]
V  [jvm.dll+0x7a120a]
V  [jvm.dll+0x698255]
C  [ucrtbase.dll+0x26c0c]
C  [KERNEL32.DLL+0x155a0]
C  [ntdll.dll+0x485b]


---------------  P R O C E S S  ---------------

Threads class SMR info:
_java_thread_list=0x000001d0cef488a0, length=37, elements={
0x000001d0ad565690, 0x000001d0ad566030, 0x000001d0ad57fef0, 0x000001d0ad5807a0,
0x000001d0ad581140, 0x000001d0ad581ae0, 0x000001d0ad5836d0, 0x000001d0ad585fd0,
0x000001d0ad58e450, 0x000001d0cc415a00, 0x000001d0cc93d260, 0x000001d0cc86ba50,
0x000001d0cdc73220, 0x000001d0cdc71ee0, 0x000001d0cef36230, 0x000001d0cef37570,
0x000001d0cef38d80, 0x000001d0cef37f10, 0x000001d0cef36bd0, 0x000001d0cef35d60,
0x000001d0cef37a40, 0x000001d0cef36700, 0x000001d0cef32d40, 0x000001d0cef383e0,
0x000001d0cef370a0, 0x000001d0cef39250, 0x000001d0cef388b0, 0x000001d0cef353c0,
0x000001d0cef35890, 0x000001d0cef39720, 0x000001d0cef39bf0, 0x000001d0cef3a590,
0x000001d0cef33210, 0x000001d0cef336e0, 0x000001d0cef33bb0, 0x000001d0cef34080,
0x000001d0cef34550
}

Java Threads: ( => current thread )
  0x000001d0ad565690 JavaThread "Reference Handler" daemon [_thread_blocked, id=13288, stack(0x000000957ff00000,0x0000009580000000)]
  0x000001d0ad566030 JavaThread "Finalizer" daemon [_thread_blocked, id=15732, stack(0x0000009500000000,0x0000009500100000)]
  0x000001d0ad57fef0 JavaThread "Signal Dispatcher" daemon [_thread_blocked, id=14432, stack(0x0000009500100000,0x0000009500200000)]
  0x000001d0ad5807a0 JavaThread "Attach Listener" daemon [_thread_blocked, id=10864, stack(0x0000009500200000,0x0000009500300000)]
  0x000001d0ad581140 JavaThread "Service Thread" daemon [_thread_blocked, id=12324, stack(0x0000009500300000,0x0000009500400000)]
  0x000001d0ad581ae0 JavaThread "Monitor Deflation Thread" daemon [_thread_blocked, id=15148, stack(0x0000009500400000,0x0000009500500000)]
=>0x000001d0ad5836d0 JavaThread "C2 CompilerThread0" daemon [_thread_in_native, id=9800, stack(0x0000009500500000,0x0000009500600000)]
  0x000001d0ad585fd0 JavaThread "C1 CompilerThread0" daemon [_thread_blocked, id=15768, stack(0x0000009500600000,0x0000009500700000)]
  0x000001d0ad58e450 JavaThread "Sweeper thread" daemon [_thread_blocked, id=10560, stack(0x0000009500700000,0x0000009500800000)]
  0x000001d0cc415a00 JavaThread "Common-Cleaner" daemon [_thread_blocked, id=16344, stack(0x0000009500800000,0x0000009500900000)]
  0x000001d0cc93d260 JavaThread "Monitor Ctrl-Break" daemon [_thread_in_native, id=15788, stack(0x0000009500a00000,0x0000009500b00000)]
  0x000001d0cc86ba50 JavaThread "Notification Thread" daemon [_thread_blocked, id=8972, stack(0x0000009500b00000,0x0000009500c00000)]
  0x000001d0cdc73220 JavaThread "Catalina-utility-1" [_thread_blocked, id=15824, stack(0x0000009500f00000,0x0000009501000000)]
  0x000001d0cdc71ee0 JavaThread "Catalina-utility-2" [_thread_blocked, id=9976, stack(0x0000009501000000,0x0000009501100000)]
  0x000001d0cef36230 JavaThread "container-0" [_thread_blocked, id=15908, stack(0x0000009501100000,0x0000009501200000)]
  0x000001d0cef37570 JavaThread "mysql-cj-abandoned-connection-cleanup" daemon [_thread_blocked, id=16212, stack(0x0000009501200000,0x0000009501300000)]
  0x000001d0cef38d80 JavaThread "HikariPool-1 housekeeper" daemon [_thread_blocked, id=11976, stack(0x0000009501400000,0x0000009501500000)]
  0x000001d0cef37f10 JavaThread "MessageBroker-1" [_thread_blocked, id=16520, stack(0x0000009501500000,0x0000009501600000)]
  0x000001d0cef36bd0 JavaThread "BufferPoolPruner-1-thread-1" daemon [_thread_blocked, id=16536, stack(0x0000009501600000,0x0000009501700000)]
  0x000001d0cef35d60 JavaThread "cluster-ClusterId{value='64cf75f2334c9c2a05c47864', description='null'}-localhost:27017" daemon [_thread_in_native, id=16540, stack(0x0000009501700000,0x0000009501800000)]
  0x000001d0cef37a40 JavaThread "cluster-rtt-ClusterId{value='64cf75f2334c9c2a05c47864', description='null'}-localhost:27017" daemon [_thread_blocked, id=16544, stack(0x0000009501800000,0x0000009501900000)]
  0x000001d0cef36700 JavaThread "MaintenanceTimer-2-thread-1" daemon [_thread_blocked, id=16556, stack(0x0000009501900000,0x0000009501a00000)]
  0x000001d0cef32d40 JavaThread "File Watcher" daemon [_thread_blocked, id=16564, stack(0x0000009501a00000,0x0000009501b00000)]
  0x000001d0cef383e0 JavaThread "http-nio-8088-exec-1" daemon [_thread_blocked, id=16568, stack(0x0000009501b00000,0x0000009501c00000)]
  0x000001d0cef370a0 JavaThread "http-nio-8088-exec-2" daemon [_thread_blocked, id=16572, stack(0x0000009501c00000,0x0000009501d00000)]
  0x000001d0cef39250 JavaThread "http-nio-8088-exec-3" daemon [_thread_blocked, id=16576, stack(0x0000009501d00000,0x0000009501e00000)]
  0x000001d0cef388b0 JavaThread "http-nio-8088-exec-4" daemon [_thread_blocked, id=16580, stack(0x0000009501e00000,0x0000009501f00000)]
  0x000001d0cef353c0 JavaThread "http-nio-8088-exec-5" daemon [_thread_blocked, id=16584, stack(0x0000009501f00000,0x0000009502000000)]
  0x000001d0cef35890 JavaThread "http-nio-8088-exec-6" daemon [_thread_blocked, id=16588, stack(0x0000009502000000,0x0000009502100000)]
  0x000001d0cef39720 JavaThread "http-nio-8088-exec-7" daemon [_thread_blocked, id=16592, stack(0x0000009502100000,0x0000009502200000)]
  0x000001d0cef39bf0 JavaThread "http-nio-8088-exec-8" daemon [_thread_blocked, id=16596, stack(0x0000009502200000,0x0000009502300000)]
  0x000001d0cef3a590 JavaThread "http-nio-8088-exec-9" daemon [_thread_blocked, id=16600, stack(0x0000009502300000,0x0000009502400000)]
  0x000001d0cef33210 JavaThread "http-nio-8088-exec-10" daemon [_thread_blocked, id=16604, stack(0x0000009502400000,0x0000009502500000)]
  0x000001d0cef336e0 JavaThread "http-nio-8088-Poller" daemon [_thread_in_native, id=16608, stack(0x0000009502500000,0x0000009502600000)]
  0x000001d0cef33bb0 JavaThread "http-nio-8088-Acceptor" daemon [_thread_in_native, id=16612, stack(0x0000009502600000,0x0000009502700000)]
  0x000001d0cef34080 JavaThread "DestroyJavaVM" [_thread_blocked, id=8020, stack(0x000000957f800000,0x000000957f900000)]
  0x000001d0cef34550 JavaThread "MessageBroker-2" [_thread_blocked, id=17272, stack(0x0000009502700000,0x0000009502800000)]

Other Threads:
  0x000001d0ad5628d0 VMThread "VM Thread" [stack: 0x000000957fe00000,0x000000957ff00000] [id=8560]
  0x000001d0cc93dcf0 WatcherThread "VM Periodic Task Thread" [stack: 0x0000009500c00000,0x0000009500d00000] [id=16216]
  0x000001d0ad5128e0 WorkerThread "GC Thread#0" [stack: 0x000000957f900000,0x000000957fa00000] [id=16200]
  0x000001d0cc66b5e0 WorkerThread "GC Thread#1" [stack: 0x0000009500900000,0x0000009500a00000] [id=15784]
  0x000001d0ad51b290 ConcurrentGCThread "G1 Main Marker" [stack: 0x000000957fa00000,0x000000957fb00000] [id=13672]
  0x000001d0ad51bde0 WorkerThread "G1 Conc#0" [stack: 0x000000957fb00000,0x000000957fc00000] [id=15984]
  0x000001d0ad53ab00 ConcurrentGCThread "G1 Refine#0" [stack: 0x000000957fc00000,0x000000957fd00000] [id=15796]
  0x000001d0ad53b410 ConcurrentGCThread "G1 Service" [stack: 0x000000957fd00000,0x000000957fe00000] [id=992]

Threads with active compile tasks:
C2 CompilerThread0  6606795 15868       4       com.mysql.cj.jdbc.result.ResultSetImpl::<init> (814 bytes)

VM state: not at safepoint (normal execution)

VM Mutex/Monitor currently owned by a thread: None

Heap address: 0x00000000c2c00000, size: 980 MB, Compressed Oops mode: 32-bit

CDS archive(s) mapped at: [0x0000000800000000-0x0000000800ba0000-0x0000000800ba0000), size 12189696, SharedBaseAddress: 0x0000000800000000, ArchiveRelocationMode: 0.
Compressed class space mapped at: 0x0000000800c00000-0x0000000840c00000, reserved size: 1073741824
Narrow klass base: 0x0000000800000000, Narrow klass shift: 0, Narrow klass range: 0x100000000

GC Precious Log:
 CardTable entry size: 512
 Card Set container configuration: InlinePtr #cards 5 size 8 Array Of Cards #cards 12 size 40 Howl #buckets 4 coarsen threshold 1843 Howl Bitmap #cards 512 size 80 coarsen threshold 460 Card regions per heap region 1 cards per card region 2048
 CPUs: 2 total, 2 available
 Memory: 3918M
 Large Page Support: Disabled
 NUMA Support: Disabled
 Compressed Oops: Enabled (32-bit)
 Heap Region Size: 1M
 Heap Min Capacity: 8M
 Heap Initial Capacity: 62M
 Heap Max Capacity: 980M
 Pre-touch: Disabled
 Parallel Workers: 2
 Concurrent Workers: 1
 Concurrent Refinement Workers: 2
 Periodic GC: Disabled

Heap:
 garbage-first heap   total 126976K, used 97797K [0x00000000c2c00000, 0x0000000100000000)
  region size 1024K, 63 young (64512K), 1 survivors (1024K)
 Metaspace       used 87585K, committed 88384K, reserved 1179648K
  class space    used 11130K, committed 11648K, reserved 1048576K

Heap Regions: E=young(eden), S=young(survivor), O=old, HS=humongous(starts), HC=humongous(continues), CS=collection set, F=free, OA=open archive, CA=closed archive, TAMS=top-at-mark-start (previous, next)
|   0|0x00000000c2c00000, 0x00000000c2d00000, 0x00000000c2d00000|100%|HS|  |TAMS 0x00000000c2d00000, 0x00000000c2c00000| Complete 
|   1|0x00000000c2d00000, 0x00000000c2e00000, 0x00000000c2e00000|100%| O|  |TAMS 0x00000000c2e00000, 0x00000000c2d00000| Untracked 
|   2|0x00000000c2e00000, 0x00000000c2f00000, 0x00000000c2f00000|100%| O|  |TAMS 0x00000000c2f00000, 0x00000000c2e00000| Untracked 
|   3|0x00000000c2f00000, 0x00000000c3000000, 0x00000000c3000000|100%| O|  |TAMS 0x00000000c3000000, 0x00000000c2f00000| Untracked 
|   4|0x00000000c3000000, 0x00000000c3100000, 0x00000000c3100000|100%| O|  |TAMS 0x00000000c3100000, 0x00000000c3000000| Untracked 
|   5|0x00000000c3100000, 0x00000000c3200000, 0x00000000c3200000|100%| O|  |TAMS 0x00000000c3200000, 0x00000000c3100000| Untracked 
|   6|0x00000000c3200000, 0x00000000c3300000, 0x00000000c3300000|100%| O|  |TAMS 0x00000000c3300000, 0x00000000c3200000| Untracked 
|   7|0x00000000c3300000, 0x00000000c3400000, 0x00000000c3400000|100%| O|  |TAMS 0x00000000c3400000, 0x00000000c3300000| Untracked 
|   8|0x00000000c3400000, 0x00000000c3500000, 0x00000000c3500000|100%| O|  |TAMS 0x00000000c3500000, 0x00000000c3400000| Untracked 
|   9|0x00000000c3500000, 0x00000000c3600000, 0x00000000c3600000|100%| O|  |TAMS 0x00000000c3600000, 0x00000000c3500000| Untracked 
|  10|0x00000000c3600000, 0x00000000c3700000, 0x00000000c3700000|100%| O|  |TAMS 0x00000000c3700000, 0x00000000c3600000| Untracked 
|  11|0x00000000c3700000, 0x00000000c3800000, 0x00000000c3800000|100%| O|  |TAMS 0x00000000c3800000, 0x00000000c3700000| Untracked 
|  12|0x00000000c3800000, 0x00000000c3900000, 0x00000000c3900000|100%| O|  |TAMS 0x00000000c3900000, 0x00000000c3800000| Untracked 
|  13|0x00000000c3900000, 0x00000000c3a00000, 0x00000000c3a00000|100%| O|  |TAMS 0x00000000c3a00000, 0x00000000c3900000| Untracked 
|  14|0x00000000c3a00000, 0x00000000c3b00000, 0x00000000c3b00000|100%| O|  |TAMS 0x00000000c3b00000, 0x00000000c3a00000| Untracked 
|  15|0x00000000c3b00000, 0x00000000c3c00000, 0x00000000c3c00000|100%| O|  |TAMS 0x00000000c3c00000, 0x00000000c3b00000| Untracked 
|  16|0x00000000c3c00000, 0x00000000c3d00000, 0x00000000c3d00000|100%| O|  |TAMS 0x00000000c3d00000, 0x00000000c3c00000| Untracked 
|  17|0x00000000c3d00000, 0x00000000c3e00000, 0x00000000c3e00000|100%| O|  |TAMS 0x00000000c3e00000, 0x00000000c3d00000| Untracked 
|  18|0x00000000c3e00000, 0x00000000c3f00000, 0x00000000c3f00000|100%| O|  |TAMS 0x00000000c3f00000, 0x00000000c3e00000| Untracked 
|  19|0x00000000c3f00000, 0x00000000c4000000, 0x00000000c4000000|100%| O|  |TAMS 0x00000000c4000000, 0x00000000c3f00000| Untracked 
|  20|0x00000000c4000000, 0x00000000c4100000, 0x00000000c4100000|100%| O|  |TAMS 0x00000000c4100000, 0x00000000c4000000| Untracked 
|  21|0x00000000c4100000, 0x00000000c4200000, 0x00000000c4200000|100%| O|  |TAMS 0x00000000c4100000, 0x00000000c4100000| Untracked 
|  22|0x00000000c4200000, 0x00000000c4300000, 0x00000000c4300000|100%| O|  |TAMS 0x00000000c4300000, 0x00000000c4200000| Untracked 
|  23|0x00000000c4300000, 0x00000000c4300000, 0x00000000c4400000|  0%| F|  |TAMS 0x00000000c4300000, 0x00000000c4300000| Untracked 
|  24|0x00000000c4400000, 0x00000000c4500000, 0x00000000c4500000|100%| O|  |TAMS 0x00000000c4500000, 0x00000000c4400000| Untracked 
|  25|0x00000000c4500000, 0x00000000c4500000, 0x00000000c4600000|  0%| F|  |TAMS 0x00000000c4500000, 0x00000000c4500000| Untracked 
|  26|0x00000000c4600000, 0x00000000c4700000, 0x00000000c4700000|100%| O|  |TAMS 0x00000000c4700000, 0x00000000c4600000| Untracked 
|  27|0x00000000c4700000, 0x00000000c4800000, 0x00000000c4800000|100%| O|  |TAMS 0x00000000c4800000, 0x00000000c4700000| Untracked 
|  28|0x00000000c4800000, 0x00000000c48ea000, 0x00000000c4900000| 91%| O|  |TAMS 0x00000000c48ea000, 0x00000000c4800000| Untracked 
|  29|0x00000000c4900000, 0x00000000c4a00000, 0x00000000c4a00000|100%| O|  |TAMS 0x00000000c4a00000, 0x00000000c4900000| Untracked 
|  30|0x00000000c4a00000, 0x00000000c4b00000, 0x00000000c4b00000|100%| O|  |TAMS 0x00000000c4b00000, 0x00000000c4a00000| Untracked 
|  31|0x00000000c4b00000, 0x00000000c4c00000, 0x00000000c4c00000|100%| O|  |TAMS 0x00000000c4c00000, 0x00000000c4b00000| Untracked 
|  32|0x00000000c4c00000, 0x00000000c4d00000, 0x00000000c4d00000|100%| O|  |TAMS 0x00000000c4cdc600, 0x00000000c4c00000| Untracked 
|  33|0x00000000c4d00000, 0x00000000c4e00000, 0x00000000c4e00000|100%| O|  |TAMS 0x00000000c4e00000, 0x00000000c4d00000| Untracked 
|  34|0x00000000c4e00000, 0x00000000c4f00000, 0x00000000c4f00000|100%| O|  |TAMS 0x00000000c4f00000, 0x00000000c4e00000| Untracked 
|  35|0x00000000c4f00000, 0x00000000c5000000, 0x00000000c5000000|100%| O|  |TAMS 0x00000000c5000000, 0x00000000c4f00000| Untracked 
|  36|0x00000000c5000000, 0x00000000c5075000, 0x00000000c5100000| 45%| O|  |TAMS 0x00000000c5000000, 0x00000000c5000000| Untracked 
|  37|0x00000000c5100000, 0x00000000c5100000, 0x00000000c5200000|  0%| F|  |TAMS 0x00000000c5100000, 0x00000000c5100000| Untracked 
|  38|0x00000000c5200000, 0x00000000c5200000, 0x00000000c5300000|  0%| F|  |TAMS 0x00000000c5200000, 0x00000000c5200000| Untracked 
|  39|0x00000000c5300000, 0x00000000c5300000, 0x00000000c5400000|  0%| F|  |TAMS 0x00000000c5300000, 0x00000000c5300000| Untracked 
|  40|0x00000000c5400000, 0x00000000c5500000, 0x00000000c5500000|100%| O|  |TAMS 0x00000000c5500000, 0x00000000c5400000| Untracked 
|  41|0x00000000c5500000, 0x00000000c5500000, 0x00000000c5600000|  0%| F|  |TAMS 0x00000000c5500000, 0x00000000c5500000| Untracked 
|  42|0x00000000c5600000, 0x00000000c5600000, 0x00000000c5700000|  0%| F|  |TAMS 0x00000000c5600000, 0x00000000c5600000| Untracked 
|  43|0x00000000c5700000, 0x00000000c5700000, 0x00000000c5800000|  0%| F|  |TAMS 0x00000000c5700000, 0x00000000c5700000| Untracked 
|  44|0x00000000c5800000, 0x00000000c5800000, 0x00000000c5900000|  0%| F|  |TAMS 0x00000000c5800000, 0x00000000c5800000| Untracked 
|  45|0x00000000c5900000, 0x00000000c5900000, 0x00000000c5a00000|  0%| F|  |TAMS 0x00000000c5900000, 0x00000000c5900000| Untracked 
|  46|0x00000000c5a00000, 0x00000000c5a00000, 0x00000000c5b00000|  0%| F|  |TAMS 0x00000000c5a00000, 0x00000000c5a00000| Untracked 
|  47|0x00000000c5b00000, 0x00000000c5b00000, 0x00000000c5c00000|  0%| F|  |TAMS 0x00000000c5b00000, 0x00000000c5b00000| Untracked 
|  48|0x00000000c5c00000, 0x00000000c5c00000, 0x00000000c5d00000|  0%| F|  |TAMS 0x00000000c5c00000, 0x00000000c5c00000| Untracked 
|  49|0x00000000c5d00000, 0x00000000c5d00000, 0x00000000c5e00000|  0%| F|  |TAMS 0x00000000c5d00000, 0x00000000c5d00000| Untracked 
|  50|0x00000000c5e00000, 0x00000000c5e00000, 0x00000000c5f00000|  0%| F|  |TAMS 0x00000000c5e00000, 0x00000000c5e00000| Untracked 
|  51|0x00000000c5f00000, 0x00000000c5f00000, 0x00000000c6000000|  0%| F|  |TAMS 0x00000000c5f00000, 0x00000000c5f00000| Untracked 
|  52|0x00000000c6000000, 0x00000000c6000000, 0x00000000c6100000|  0%| F|  |TAMS 0x00000000c6000000, 0x00000000c6000000| Untracked 
|  53|0x00000000c6100000, 0x00000000c6100000, 0x00000000c6200000|  0%| F|  |TAMS 0x00000000c6100000, 0x00000000c6100000| Untracked 
|  54|0x00000000c6200000, 0x00000000c6200000, 0x00000000c6300000|  0%| F|  |TAMS 0x00000000c6200000, 0x00000000c6200000| Untracked 
|  55|0x00000000c6300000, 0x00000000c6300000, 0x00000000c6400000|  0%| F|  |TAMS 0x00000000c6300000, 0x00000000c6300000| Untracked 
|  56|0x00000000c6400000, 0x00000000c6400000, 0x00000000c6500000|  0%| F|  |TAMS 0x00000000c6400000, 0x00000000c6400000| Untracked 
|  57|0x00000000c6500000, 0x00000000c6500000, 0x00000000c6600000|  0%| F|  |TAMS 0x00000000c6500000, 0x00000000c6500000| Untracked 
|  58|0x00000000c6600000, 0x00000000c6600000, 0x00000000c6700000|  0%| F|  |TAMS 0x00000000c6600000, 0x00000000c6600000| Untracked 
|  59|0x00000000c6700000, 0x00000000c6700000, 0x00000000c6800000|  0%| F|  |TAMS 0x00000000c6700000, 0x00000000c6700000| Untracked 
|  60|0x00000000c6800000, 0x00000000c6800000, 0x00000000c6900000|  0%| F|  |TAMS 0x00000000c6800000, 0x00000000c6800000| Untracked 
|  61|0x00000000c6900000, 0x00000000c69d4018, 0x00000000c6a00000| 82%| E|  |TAMS 0x00000000c6900000, 0x00000000c6900000| Complete 
|  62|0x00000000c6a00000, 0x00000000c6b00000, 0x00000000c6b00000|100%| E|CS|TAMS 0x00000000c6a00000, 0x00000000c6a00000| Complete 
|  63|0x00000000c6b00000, 0x00000000c6c00000, 0x00000000c6c00000|100%| E|CS|TAMS 0x00000000c6b00000, 0x00000000c6b00000| Complete 
|  64|0x00000000c6c00000, 0x00000000c6d00000, 0x00000000c6d00000|100%| E|CS|TAMS 0x00000000c6c00000, 0x00000000c6c00000| Complete 
|  65|0x00000000c6d00000, 0x00000000c6e00000, 0x00000000c6e00000|100%| E|CS|TAMS 0x00000000c6d00000, 0x00000000c6d00000| Complete 
|  66|0x00000000c6e00000, 0x00000000c6f00000, 0x00000000c6f00000|100%| E|CS|TAMS 0x00000000c6e00000, 0x00000000c6e00000| Complete 
|  67|0x00000000c6f00000, 0x00000000c7000000, 0x00000000c7000000|100%| E|CS|TAMS 0x00000000c6f00000, 0x00000000c6f00000| Complete 
|  68|0x00000000c7000000, 0x00000000c7100000, 0x00000000c7100000|100%| E|CS|TAMS 0x00000000c7000000, 0x00000000c7000000| Complete 
|  69|0x00000000c7100000, 0x00000000c7200000, 0x00000000c7200000|100%| E|  |TAMS 0x00000000c7100000, 0x00000000c7100000| Complete 
|  70|0x00000000c7200000, 0x00000000c7300000, 0x00000000c7300000|100%| E|CS|TAMS 0x00000000c7200000, 0x00000000c7200000| Complete 
|  71|0x00000000c7300000, 0x00000000c7400000, 0x00000000c7400000|100%| E|CS|TAMS 0x00000000c7300000, 0x00000000c7300000| Complete 
|  72|0x00000000c7400000, 0x00000000c7500000, 0x00000000c7500000|100%| E|CS|TAMS 0x00000000c7400000, 0x00000000c7400000| Complete 
|  73|0x00000000c7500000, 0x00000000c7600000, 0x00000000c7600000|100%| E|CS|TAMS 0x00000000c7500000, 0x00000000c7500000| Complete 
|  74|0x00000000c7600000, 0x00000000c7700000, 0x00000000c7700000|100%| E|CS|TAMS 0x00000000c7600000, 0x00000000c7600000| Complete 
|  75|0x00000000c7700000, 0x00000000c7800000, 0x00000000c7800000|100%| E|CS|TAMS 0x00000000c7700000, 0x00000000c7700000| Complete 
|  76|0x00000000c7800000, 0x00000000c7900000, 0x00000000c7900000|100%| E|CS|TAMS 0x00000000c7800000, 0x00000000c7800000| Complete 
|  77|0x00000000c7900000, 0x00000000c7a00000, 0x00000000c7a00000|100%| E|CS|TAMS 0x00000000c7900000, 0x00000000c7900000| Complete 
|  78|0x00000000c7a00000, 0x00000000c7b00000, 0x00000000c7b00000|100%| E|CS|TAMS 0x00000000c7a00000, 0x00000000c7a00000| Complete 
|  79|0x00000000c7b00000, 0x00000000c7c00000, 0x00000000c7c00000|100%| E|CS|TAMS 0x00000000c7b00000, 0x00000000c7b00000| Complete 
|  80|0x00000000c7c00000, 0x00000000c7d00000, 0x00000000c7d00000|100%| E|CS|TAMS 0x00000000c7c00000, 0x00000000c7c00000| Complete 
|  81|0x00000000c7d00000, 0x00000000c7e00000, 0x00000000c7e00000|100%| E|CS|TAMS 0x00000000c7d00000, 0x00000000c7d00000| Complete 
|  82|0x00000000c7e00000, 0x00000000c7f00000, 0x00000000c7f00000|100%| E|CS|TAMS 0x00000000c7e00000, 0x00000000c7e00000| Complete 
|  83|0x00000000c7f00000, 0x00000000c8000000, 0x00000000c8000000|100%| E|CS|TAMS 0x00000000c7f00000, 0x00000000c7f00000| Complete 
|  84|0x00000000c8000000, 0x00000000c8100000, 0x00000000c8100000|100%| E|CS|TAMS 0x00000000c8000000, 0x00000000c8000000| Complete 
|  85|0x00000000c8100000, 0x00000000c8200000, 0x00000000c8200000|100%| E|CS|TAMS 0x00000000c8100000, 0x00000000c8100000| Complete 
|  86|0x00000000c8200000, 0x00000000c8300000, 0x00000000c8300000|100%| E|CS|TAMS 0x00000000c8200000, 0x00000000c8200000| Complete 
|  87|0x00000000c8300000, 0x00000000c8400000, 0x00000000c8400000|100%| E|CS|TAMS 0x00000000c8300000, 0x00000000c8300000| Complete 
|  88|0x00000000c8400000, 0x00000000c8500000, 0x00000000c8500000|100%| E|CS|TAMS 0x00000000c8400000, 0x00000000c8400000| Complete 
|  89|0x00000000c8500000, 0x00000000c8600000, 0x00000000c8600000|100%| E|CS|TAMS 0x00000000c8500000, 0x00000000c8500000| Complete 
|  90|0x00000000c8600000, 0x00000000c8700000, 0x00000000c8700000|100%| E|CS|TAMS 0x00000000c8600000, 0x00000000c8600000| Complete 
|  91|0x00000000c8700000, 0x00000000c8800000, 0x00000000c8800000|100%| E|CS|TAMS 0x00000000c8700000, 0x00000000c8700000| Complete 
|  92|0x00000000c8800000, 0x00000000c8900000, 0x00000000c8900000|100%| E|CS|TAMS 0x00000000c8800000, 0x00000000c8800000| Complete 
|  93|0x00000000c8900000, 0x00000000c8a00000, 0x00000000c8a00000|100%| E|CS|TAMS 0x00000000c8900000, 0x00000000c8900000| Complete 
|  94|0x00000000c8a00000, 0x00000000c8b00000, 0x00000000c8b00000|100%| E|CS|TAMS 0x00000000c8a00000, 0x00000000c8a00000| Complete 
|  95|0x00000000c8b00000, 0x00000000c8c00000, 0x00000000c8c00000|100%| E|CS|TAMS 0x00000000c8b00000, 0x00000000c8b00000| Complete 
|  96|0x00000000c8c00000, 0x00000000c8d00000, 0x00000000c8d00000|100%| E|CS|TAMS 0x00000000c8c00000, 0x00000000c8c00000| Complete 
|  97|0x00000000c8d00000, 0x00000000c8e00000, 0x00000000c8e00000|100%| E|CS|TAMS 0x00000000c8d00000, 0x00000000c8d00000| Complete 
|  98|0x00000000c8e00000, 0x00000000c8f00000, 0x00000000c8f00000|100%| E|CS|TAMS 0x00000000c8e00000, 0x00000000c8e00000| Complete 
|  99|0x00000000c8f00000, 0x00000000c9000000, 0x00000000c9000000|100%| E|CS|TAMS 0x00000000c8f00000, 0x00000000c8f00000| Complete 
| 100|0x00000000c9000000, 0x00000000c9100000, 0x00000000c9100000|100%| E|CS|TAMS 0x00000000c9000000, 0x00000000c9000000| Complete 
| 101|0x00000000c9100000, 0x00000000c9200000, 0x00000000c9200000|100%| E|CS|TAMS 0x00000000c9100000, 0x00000000c9100000| Complete 
| 102|0x00000000c9200000, 0x00000000c9300000, 0x00000000c9300000|100%| E|CS|TAMS 0x00000000c9200000, 0x00000000c9200000| Complete 
| 103|0x00000000c9300000, 0x00000000c9400000, 0x00000000c9400000|100%| E|CS|TAMS 0x00000000c9300000, 0x00000000c9300000| Complete 
| 104|0x00000000c9400000, 0x00000000c9500000, 0x00000000c9500000|100%| E|CS|TAMS 0x00000000c9400000, 0x00000000c9400000| Complete 
| 105|0x00000000c9500000, 0x00000000c9600000, 0x00000000c9600000|100%| E|CS|TAMS 0x00000000c9500000, 0x00000000c9500000| Complete 
| 106|0x00000000c9600000, 0x00000000c9700000, 0x00000000c9700000|100%| E|CS|TAMS 0x00000000c9600000, 0x00000000c9600000| Complete 
| 107|0x00000000c9700000, 0x00000000c9800000, 0x00000000c9800000|100%| E|CS|TAMS 0x00000000c9700000, 0x00000000c9700000| Complete 
| 108|0x00000000c9800000, 0x00000000c9900000, 0x00000000c9900000|100%| E|CS|TAMS 0x00000000c9800000, 0x00000000c9800000| Complete 
| 109|0x00000000c9900000, 0x00000000c9a00000, 0x00000000c9a00000|100%| E|CS|TAMS 0x00000000c9900000, 0x00000000c9900000| Complete 
| 110|0x00000000c9a00000, 0x00000000c9b00000, 0x00000000c9b00000|100%| E|CS|TAMS 0x00000000c9a00000, 0x00000000c9a00000| Complete 
| 111|0x00000000c9b00000, 0x00000000c9c00000, 0x00000000c9c00000|100%| E|CS|TAMS 0x00000000c9b00000, 0x00000000c9b00000| Complete 
| 112|0x00000000c9c00000, 0x00000000c9d00000, 0x00000000c9d00000|100%| E|CS|TAMS 0x00000000c9c00000, 0x00000000c9c00000| Complete 
| 113|0x00000000c9d00000, 0x00000000c9e00000, 0x00000000c9e00000|100%| E|CS|TAMS 0x00000000c9d00000, 0x00000000c9d00000| Complete 
| 114|0x00000000c9e00000, 0x00000000c9f00000, 0x00000000c9f00000|100%| E|CS|TAMS 0x00000000c9e00000, 0x00000000c9e00000| Complete 
| 115|0x00000000c9f00000, 0x00000000ca000000, 0x00000000ca000000|100%| E|CS|TAMS 0x00000000c9f00000, 0x00000000c9f00000| Complete 
| 116|0x00000000ca000000, 0x00000000ca100000, 0x00000000ca100000|100%| E|CS|TAMS 0x00000000ca000000, 0x00000000ca000000| Complete 
| 117|0x00000000ca100000, 0x00000000ca200000, 0x00000000ca200000|100%| E|CS|TAMS 0x00000000ca100000, 0x00000000ca100000| Complete 
| 118|0x00000000ca200000, 0x00000000ca222500, 0x00000000ca300000| 13%| S|CS|TAMS 0x00000000ca200000, 0x00000000ca200000| Complete 
| 119|0x00000000ca300000, 0x00000000ca400000, 0x00000000ca400000|100%| E|CS|TAMS 0x00000000ca300000, 0x00000000ca300000| Complete 
| 120|0x00000000ca400000, 0x00000000ca500000, 0x00000000ca500000|100%| E|CS|TAMS 0x00000000ca400000, 0x00000000ca400000| Complete 
| 121|0x00000000ca500000, 0x00000000ca600000, 0x00000000ca600000|100%| E|CS|TAMS 0x00000000ca500000, 0x00000000ca500000| Complete 
| 122|0x00000000ca600000, 0x00000000ca700000, 0x00000000ca700000|100%| E|CS|TAMS 0x00000000ca600000, 0x00000000ca600000| Complete 
| 274|0x00000000d3e00000, 0x00000000d3f00000, 0x00000000d3f00000|100%| E|CS|TAMS 0x00000000d3e00000, 0x00000000d3e00000| Complete 

Card table byte_map: [0x000001d0ad280000,0x000001d0ad470000] _byte_map_base: 0x000001d0acc6a000

Marking Bits (Prev, Next): (CMBitMap*) 0x000001d0ad512ee0, (CMBitMap*) 0x000001d0ad512f20
 Prev Bits: [0x000001d0c3ff0000, 0x000001d0c4f40000)
 Next Bits: [0x000001d0c4f40000, 0x000001d0c5e90000)

Polling page: 0x000001d0ab4a0000

Metaspace:

Usage:
  Non-class:     74.66 MB used.
      Class:     10.87 MB used.
       Both:     85.53 MB used.

Virtual space:
  Non-class space:      128.00 MB reserved,      74.94 MB ( 59%) committed,  2 nodes.
      Class space:        1.00 GB reserved,      11.38 MB (  1%) committed,  1 nodes.
             Both:        1.12 GB reserved,      86.31 MB (  7%) committed. 

Chunk freelists:
   Non-Class:  286.00 KB
       Class:  853.00 KB
        Both:  1.11 MB

MaxMetaspaceSize: unlimited
CompressedClassSpaceSize: 1.00 GB
Initial GC threshold: 21.00 MB
Current GC threshold: 143.88 MB
CDS: on
MetaspaceReclaimPolicy: balanced
 - commit_granule_bytes: 65536.
 - commit_granule_words: 8192.
 - virtual_space_node_default_size: 8388608.
 - enlarge_chunks_in_place: 1.
 - new_chunks_are_fully_committed: 0.
 - uncommit_free_chunks: 1.
 - use_allocation_guard: 0.


Internal statistics:

num_allocs_failed_limit: 6.
num_arena_births: 1370.
num_arena_deaths: 588.
num_vsnodes_births: 3.
num_vsnodes_deaths: 0.
num_space_committed: 1381.
num_space_uncommitted: 0.
num_chunks_returned_to_freelist: 656.
num_chunks_taken_from_freelist: 4706.
num_chunk_merges: 196.
num_chunk_splits: 3195.
num_chunks_enlarged: 2484.
num_inconsistent_stats: 0.

CodeHeap 'non-profiled nmethods': size=120064Kb used=11370Kb max_used=11469Kb free=108693Kb
 bounds [0x000001d0bc8c0000, 0x000001d0bd400000, 0x000001d0c3e00000]
CodeHeap 'profiled nmethods': size=120000Kb used=22751Kb max_used=26932Kb free=97248Kb
 bounds [0x000001d0b5390000, 0x000001d0b6de0000, 0x000001d0bc8c0000]
CodeHeap 'non-nmethods': size=5696Kb used=1401Kb max_used=1453Kb free=4295Kb
 bounds [0x000001d0b4e00000, 0x000001d0b5070000, 0x000001d0b5390000]
 total_blobs=13198 nmethods=12465 adapters=645
 compilation: enabled
              stopped_count=0, restarted_count=0
 full_count=0

Compilation events (20 events):
Event: 6605.604 Thread 0x000001d0ad5836d0 nmethod 15858 0x000001d0bd263110 code [0x000001d0bd2632c0, 0x000001d0bd263578]
Event: 6605.605 Thread 0x000001d0ad5836d0 15859       4       org.hibernate.sql.results.jdbc.internal.JdbcValuesSourceProcessingStateStandardImpl::postLoad (53 bytes)
Event: 6605.611 Thread 0x000001d0ad5836d0 nmethod 15859 0x000001d0bd262a90 code [0x000001d0bd262c40, 0x000001d0bd262e88]
Event: 6605.611 Thread 0x000001d0ad5836d0 15860   !   4       com.zaxxer.hikari.pool.HikariProxyPreparedStatement::getMaxRows (20 bytes)
Event: 6605.615 Thread 0x000001d0ad5836d0 nmethod 15860 0x000001d0bd262410 code [0x000001d0bd2625a0, 0x000001d0bd262838]
Event: 6605.618 Thread 0x000001d0ad5836d0 15861   !   4       com.zaxxer.hikari.pool.HikariProxyPreparedStatement::isClosed (20 bytes)
Event: 6605.621 Thread 0x000001d0ad5836d0 nmethod 15861 0x000001d0bd261c10 code [0x000001d0bd261da0, 0x000001d0bd262018]
Event: 6605.624 Thread 0x000001d0ad5836d0 15862       4       org.hibernate.sql.exec.internal.JdbcParameterBindingsImpl::addBinding (31 bytes)
Event: 6605.632 Thread 0x000001d0ad5836d0 nmethod 15862 0x000001d0bd22ee10 code [0x000001d0bd22efc0, 0x000001d0bd22f408]
Event: 6605.632 Thread 0x000001d0ad5836d0 15864       4       org.hibernate.sql.results.internal.ResultsHelper::createRowReader (79 bytes)
Event: 6605.750 Thread 0x000001d0ad5836d0 nmethod 15864 0x000001d0bd22c190 code [0x000001d0bd22c440, 0x000001d0bd22dec8]
Event: 6605.750 Thread 0x000001d0ad5836d0 15863   !   4       org.hibernate.resource.jdbc.internal.ResourceRegistryStandardImpl::close (54 bytes)
Event: 6605.769 Thread 0x000001d0ad5836d0 nmethod 15863 0x000001d0bd22b190 code [0x000001d0bd22b3c0, 0x000001d0bd22b970]
Event: 6605.769 Thread 0x000001d0ad5836d0 15865   !   4       org.hibernate.resource.jdbc.internal.ResourceRegistryStandardImpl::register (136 bytes)
Event: 6605.874 Thread 0x000001d0ad5836d0 nmethod 15865 0x000001d0bcc57c90 code [0x000001d0bcc57f80, 0x000001d0bcc59820]
Event: 6605.875 Thread 0x000001d0ad5836d0 15866   !   4       com.mysql.cj.jdbc.ClientPreparedStatement::<init> (100 bytes)
Event: 6605.989 Thread 0x000001d0ad5836d0 nmethod 15866 0x000001d0bd063390 code [0x000001d0bd063660, 0x000001d0bd065b00]
Event: 6606.112 Thread 0x000001d0ad5836d0 15867       4       org.hibernate.engine.spi.ActionQueue::prepareActions (39 bytes)
Event: 6606.113 Thread 0x000001d0ad5836d0 nmethod 15867 0x000001d0bd22ae10 code [0x000001d0bd22af80, 0x000001d0bd22b018]
Event: 6606.157 Thread 0x000001d0ad5836d0 15868       4       com.mysql.cj.jdbc.result.ResultSetImpl::<init> (814 bytes)

GC Heap History (20 events):
Event: 4236.503 GC heap before
{Heap before GC invocations=84 (full 0):
 garbage-first heap   total 126976K, used 41055K [0x00000000c2c00000, 0x0000000100000000)
  region size 1024K, 6 young (6144K), 1 survivors (1024K)
 Metaspace       used 86910K, committed 87872K, reserved 1179648K
  class space    used 11110K, committed 11648K, reserved 1048576K
}
Event: 4236.533 GC heap after
{Heap after GC invocations=85 (full 0):
 garbage-first heap   total 126976K, used 35918K [0x00000000c2c00000, 0x0000000100000000)
  region size 1024K, 1 young (1024K), 1 survivors (1024K)
 Metaspace       used 86910K, committed 87872K, reserved 1179648K
  class space    used 11110K, committed 11648K, reserved 1048576K
}
Event: 4262.807 GC heap before
{Heap before GC invocations=85 (full 0):
 garbage-first heap   total 126976K, used 109646K [0x00000000c2c00000, 0x0000000100000000)
  region size 1024K, 74 young (75776K), 1 survivors (1024K)
 Metaspace       used 86917K, committed 87872K, reserved 1179648K
  class space    used 11111K, committed 11648K, reserved 1048576K
}
Event: 4262.815 GC heap after
{Heap after GC invocations=86 (full 0):
 garbage-first heap   total 126976K, used 35913K [0x00000000c2c00000, 0x0000000100000000)
  region size 1024K, 1 young (1024K), 1 survivors (1024K)
 Metaspace       used 86917K, committed 87872K, reserved 1179648K
  class space    used 11111K, committed 11648K, reserved 1048576K
}
Event: 4289.518 GC heap before
{Heap before GC invocations=86 (full 0):
 garbage-first heap   total 126976K, used 109641K [0x00000000c2c00000, 0x0000000100000000)
  region size 1024K, 74 young (75776K), 1 survivors (1024K)
 Metaspace       used 86917K, committed 87872K, reserved 1179648K
  class space    used 11111K, committed 11648K, reserved 1048576K
}
Event: 4289.633 GC heap after
{Heap after GC invocations=87 (full 0):
 garbage-first heap   total 126976K, used 35943K [0x00000000c2c00000, 0x0000000100000000)
  region size 1024K, 1 young (1024K), 1 survivors (1024K)
 Metaspace       used 86917K, committed 87872K, reserved 1179648K
  class space    used 11111K, committed 11648K, reserved 1048576K
}
Event: 5414.835 GC heap before
{Heap before GC invocations=87 (full 0):
 garbage-first heap   total 126976K, used 110695K [0x00000000c2c00000, 0x0000000100000000)
  region size 1024K, 74 young (75776K), 1 survivors (1024K)
 Metaspace       used 87027K, committed 87936K, reserved 1179648K
  class space    used 11111K, committed 11648K, reserved 1048576K
}
Event: 5415.564 GC heap after
{Heap after GC invocations=88 (full 0):
 garbage-first heap   total 126976K, used 35923K [0x00000000c2c00000, 0x0000000100000000)
  region size 1024K, 1 young (1024K), 1 survivors (1024K)
 Metaspace       used 87027K, committed 87936K, reserved 1179648K
  class space    used 11111K, committed 11648K, reserved 1048576K
}
Event: 6509.764 GC heap before
{Heap before GC invocations=89 (full 0):
 garbage-first heap   total 126976K, used 110675K [0x00000000c2c00000, 0x0000000100000000)
  region size 1024K, 74 young (75776K), 1 survivors (1024K)
 Metaspace       used 87296K, committed 88128K, reserved 1179648K
  class space    used 11137K, committed 11648K, reserved 1048576K
}
Event: 6509.849 GC heap after
{Heap after GC invocations=90 (full 0):
 garbage-first heap   total 126976K, used 37073K [0x00000000c2c00000, 0x0000000100000000)
  region size 1024K, 2 young (2048K), 2 survivors (2048K)
 Metaspace       used 87296K, committed 88128K, reserved 1179648K
  class space    used 11137K, committed 11648K, reserved 1048576K
}
Event: 6512.163 GC heap before
{Heap before GC invocations=90 (full 0):
 garbage-first heap   total 126976K, used 41169K [0x00000000c2c00000, 0x0000000100000000)
  region size 1024K, 6 young (6144K), 2 survivors (2048K)
 Metaspace       used 87327K, committed 88128K, reserved 1179648K
  class space    used 11137K, committed 11648K, reserved 1048576K
}
Event: 6512.271 GC heap after
{Heap after GC invocations=91 (full 0):
 garbage-first heap   total 126976K, used 36819K [0x00000000c2c00000, 0x0000000100000000)
  region size 1024K, 1 young (1024K), 1 survivors (1024K)
 Metaspace       used 87327K, committed 88128K, reserved 1179648K
  class space    used 11137K, committed 11648K, reserved 1048576K
}
Event: 6535.303 GC heap before
{Heap before GC invocations=91 (full 0):
 garbage-first heap   total 126976K, used 109523K [0x00000000c2c00000, 0x0000000100000000)
  region size 1024K, 73 young (74752K), 1 survivors (1024K)
 Metaspace       used 87525K, committed 88320K, reserved 1179648K
  class space    used 11138K, committed 11648K, reserved 1048576K
}
Event: 6535.306 GC heap after
{Heap after GC invocations=92 (full 0):
 garbage-first heap   total 126976K, used 36893K [0x00000000c2c00000, 0x0000000100000000)
  region size 1024K, 1 young (1024K), 1 survivors (1024K)
 Metaspace       used 87525K, committed 88320K, reserved 1179648K
  class space    used 11138K, committed 11648K, reserved 1048576K
}
Event: 6564.950 GC heap before
{Heap before GC invocations=92 (full 0):
 garbage-first heap   total 126976K, used 109597K [0x00000000c2c00000, 0x0000000100000000)
  region size 1024K, 73 young (74752K), 1 survivors (1024K)
 Metaspace       used 87581K, committed 88384K, reserved 1179648K
  class space    used 11139K, committed 11648K, reserved 1048576K
}
Event: 6565.230 GC heap after
{Heap after GC invocations=93 (full 0):
 garbage-first heap   total 126976K, used 36828K [0x00000000c2c00000, 0x0000000100000000)
  region size 1024K, 1 young (1024K), 1 survivors (1024K)
 Metaspace       used 87581K, committed 88384K, reserved 1179648K
  class space    used 11139K, committed 11648K, reserved 1048576K
}
Event: 6586.676 GC heap before
{Heap before GC invocations=94 (full 0):
 garbage-first heap   total 126976K, used 109532K [0x00000000c2c00000, 0x0000000100000000)
  region size 1024K, 73 young (74752K), 1 survivors (1024K)
 Metaspace       used 87558K, committed 88384K, reserved 1179648K
  class space    used 11130K, committed 11648K, reserved 1048576K
}
Event: 6586.688 GC heap after
{Heap after GC invocations=95 (full 0):
 garbage-first heap   total 126976K, used 36767K [0x00000000c2c00000, 0x0000000100000000)
  region size 1024K, 1 young (1024K), 1 survivors (1024K)
 Metaspace       used 87558K, committed 88384K, reserved 1179648K
  class space    used 11130K, committed 11648K, reserved 1048576K
}
Event: 6586.986 GC heap before
{Heap before GC invocations=95 (full 0):
 garbage-first heap   total 126976K, used 41887K [0x00000000c2c00000, 0x0000000100000000)
  region size 1024K, 6 young (6144K), 1 survivors (1024K)
 Metaspace       used 87558K, committed 88384K, reserved 1179648K
  class space    used 11130K, committed 11648K, reserved 1048576K
}
Event: 6587.030 GC heap after
{Heap after GC invocations=96 (full 0):
 garbage-first heap   total 126976K, used 36357K [0x00000000c2c00000, 0x0000000100000000)
  region size 1024K, 1 young (1024K), 1 survivors (1024K)
 Metaspace       used 87558K, committed 88384K, reserved 1179648K
  class space    used 11130K, committed 11648K, reserved 1048576K
}

Deoptimization events (20 events):
Event: 6552.342 Thread 0x000001d0cef33210 DEOPT PACKING pc=0x000001d0b5ef107c sp=0x00000095024feb10
Event: 6552.342 Thread 0x000001d0cef33210 DEOPT UNPACKING pc=0x000001d0b4e52b24 sp=0x00000095024fdfb0 mode 0
Event: 6553.582 Thread 0x000001d0cef35890 Uncommon trap: trap_request=0xffffffd6 fr.pc=0x000001d0bd2cdcf4 relative=0x0000000000000154
Event: 6553.582 Thread 0x000001d0cef35890 Uncommon trap: reason=array_check action=maybe_recompile pc=0x000001d0bd2cdcf4 method=com.zaxxer.hikari.util.FastList.add(Ljava/lang/Object;)Z @ 28 c2
Event: 6553.582 Thread 0x000001d0cef35890 DEOPT PACKING pc=0x000001d0bd2cdcf4 sp=0x00000095020fbb00
Event: 6553.582 Thread 0x000001d0cef35890 DEOPT UNPACKING pc=0x000001d0b4e5239d sp=0x00000095020fba98 mode 2
Event: 6553.758 Thread 0x000001d0cef35890 Uncommon trap: trap_request=0xffffffd6 fr.pc=0x000001d0bd2cdcf4 relative=0x0000000000000154
Event: 6553.758 Thread 0x000001d0cef35890 Uncommon trap: reason=array_check action=maybe_recompile pc=0x000001d0bd2cdcf4 method=com.zaxxer.hikari.util.FastList.add(Ljava/lang/Object;)Z @ 28 c2
Event: 6553.758 Thread 0x000001d0cef35890 DEOPT PACKING pc=0x000001d0bd2cdcf4 sp=0x00000095020fdeb0
Event: 6553.764 Thread 0x000001d0cef35890 DEOPT UNPACKING pc=0x000001d0b4e5239d sp=0x00000095020fde48 mode 2
Event: 6553.777 Thread 0x000001d0cef39250 Uncommon trap: trap_request=0xffffffd6 fr.pc=0x000001d0bd2cdcf4 relative=0x0000000000000154
Event: 6553.777 Thread 0x000001d0cef39250 Uncommon trap: reason=array_check action=maybe_recompile pc=0x000001d0bd2cdcf4 method=com.zaxxer.hikari.util.FastList.add(Ljava/lang/Object;)Z @ 28 c2
Event: 6553.777 Thread 0x000001d0cef39250 DEOPT PACKING pc=0x000001d0bd2cdcf4 sp=0x0000009501dfb7f0
Event: 6553.777 Thread 0x000001d0cef39250 DEOPT UNPACKING pc=0x000001d0b4e5239d sp=0x0000009501dfb788 mode 2
Event: 6553.780 Thread 0x000001d0cef39bf0 Uncommon trap: trap_request=0xffffffd6 fr.pc=0x000001d0bd2cdcf4 relative=0x0000000000000154
Event: 6553.780 Thread 0x000001d0cef39bf0 Uncommon trap: reason=array_check action=maybe_recompile pc=0x000001d0bd2cdcf4 method=com.zaxxer.hikari.util.FastList.add(Ljava/lang/Object;)Z @ 28 c2
Event: 6553.780 Thread 0x000001d0cef39bf0 DEOPT PACKING pc=0x000001d0bd2cdcf4 sp=0x00000095022fb560
Event: 6553.780 Thread 0x000001d0cef39bf0 DEOPT UNPACKING pc=0x000001d0b4e5239d sp=0x00000095022fb4f8 mode 2
Event: 6555.885 Thread 0x000001d0cef35890 DEOPT PACKING pc=0x000001d0b5ef107c sp=0x00000095020fedf0
Event: 6555.887 Thread 0x000001d0cef35890 DEOPT UNPACKING pc=0x000001d0b4e52b24 sp=0x00000095020fe290 mode 0

Classes loaded (20 events):
Event: 140.840 Loading class java/util/concurrent/locks/ReentrantReadWriteLock$Sync$HoldCounter
Event: 140.848 Loading class java/util/concurrent/locks/ReentrantReadWriteLock$Sync$HoldCounter done
Event: 1121.744 Loading class java/lang/Throwable$WrappedPrintWriter
Event: 1121.774 Loading class java/lang/Throwable$PrintStreamOrWriter
Event: 1121.778 Loading class java/lang/Throwable$PrintStreamOrWriter done
Event: 1121.778 Loading class java/lang/Throwable$WrappedPrintWriter done
Event: 1136.807 Loading class java/util/concurrent/atomic/Striped64$Cell
Event: 1136.958 Loading class java/util/concurrent/atomic/Striped64$Cell done
Event: 1153.152 Loading class sun/util/locale/LocaleExtensions
Event: 1153.180 Loading class sun/util/locale/LocaleExtensions done
Event: 3914.676 Loading class sun/security/ssl/Alert
Event: 3915.625 Loading class sun/security/ssl/Alert done
Event: 3915.819 Loading class sun/security/ssl/Alert$AlertConsumer
Event: 3915.894 Loading class sun/security/ssl/Alert$AlertConsumer done
Event: 3915.895 Loading class sun/security/ssl/Alert$Level
Event: 3915.909 Loading class sun/security/ssl/Alert$Level done
Event: 3915.939 Loading class sun/net/ConnectionResetException
Event: 3915.952 Loading class sun/net/ConnectionResetException done
Event: 6509.132 Loading class java/util/concurrent/ConcurrentLinkedQueue$Itr
Event: 6509.177 Loading class java/util/concurrent/ConcurrentLinkedQueue$Itr done

Classes unloaded (20 events):
Event: 4066.509 Thread 0x000001d0ad5628d0 Unloading class 0x00000008016a4c00 'java/lang/invoke/LambdaForm$MH+0x00000008016a4c00'
Event: 6566.616 Thread 0x000001d0ad5628d0 Unloading class 0x000000080161c000 'java/lang/invoke/LambdaForm$MH+0x000000080161c000'
Event: 6566.616 Thread 0x000001d0ad5628d0 Unloading class 0x000000080161c800 'java/lang/invoke/LambdaForm$MH+0x000000080161c800'
Event: 6566.616 Thread 0x000001d0ad5628d0 Unloading class 0x0000000801620400 'java/lang/invoke/LambdaForm$MH+0x0000000801620400'
Event: 6566.616 Thread 0x000001d0ad5628d0 Unloading class 0x0000000801558800 'java/lang/invoke/LambdaForm$MH+0x0000000801558800'
Event: 6566.616 Thread 0x000001d0ad5628d0 Unloading class 0x0000000801620c00 'java/lang/invoke/LambdaForm$MH+0x0000000801620c00'
Event: 6566.616 Thread 0x000001d0ad5628d0 Unloading class 0x0000000801559000 'java/lang/invoke/LambdaForm$MH+0x0000000801559000'
Event: 6566.617 Thread 0x000001d0ad5628d0 Unloading class 0x0000000801634800 'java/lang/invoke/LambdaForm$MH+0x0000000801634800'
Event: 6566.617 Thread 0x000001d0ad5628d0 Unloading class 0x0000000801635400 'java/lang/invoke/LambdaForm$MH+0x0000000801635400'
Event: 6566.617 Thread 0x000001d0ad5628d0 Unloading class 0x0000000801635800 'java/lang/invoke/LambdaForm$MH+0x0000000801635800'
Event: 6566.617 Thread 0x000001d0ad5628d0 Unloading class 0x0000000801638c00 'java/lang/invoke/LambdaForm$MH+0x0000000801638c00'
Event: 6566.617 Thread 0x000001d0ad5628d0 Unloading class 0x0000000801680000 'java/lang/invoke/LambdaForm$MH+0x0000000801680000'
Event: 6566.617 Thread 0x000001d0ad5628d0 Unloading class 0x0000000801680800 'java/lang/invoke/LambdaForm$MH+0x0000000801680800'
Event: 6566.617 Thread 0x000001d0ad5628d0 Unloading class 0x0000000801636000 'java/lang/invoke/LambdaForm$MH+0x0000000801636000'
Event: 6566.617 Thread 0x000001d0ad5628d0 Unloading class 0x0000000800c14c00 'java/lang/invoke/LambdaForm$MH+0x0000000800c14c00'
Event: 6566.617 Thread 0x000001d0ad5628d0 Unloading class 0x00000008016a1000 'java/lang/invoke/LambdaForm$MH+0x00000008016a1000'
Event: 6566.617 Thread 0x000001d0ad5628d0 Unloading class 0x0000000800d0e000 'java/lang/invoke/LambdaForm$MH+0x0000000800d0e000'
Event: 6566.617 Thread 0x000001d0ad5628d0 Unloading class 0x0000000800c15c00 'java/lang/invoke/LambdaForm$MH+0x0000000800c15c00'
Event: 6566.617 Thread 0x000001d0ad5628d0 Unloading class 0x0000000800c15400 'java/lang/invoke/LambdaForm$MH+0x0000000800c15400'
Event: 6566.618 Thread 0x000001d0ad5628d0 Unloading class 0x00000008016a4c00 'java/lang/invoke/LambdaForm$MH+0x00000008016a4c00'

Classes redefined (0 events):
No events

Internal exceptions (20 events):
Event: 3959.944 Thread 0x000001d0cef33210 Exception <a 'java/io/IOException'{0x00000000c9528d20}> (0x00000000c9528d20) 
thrown [s\open\src\hotspot\share\prims\jni.cpp, line 516]
Event: 4218.363 Thread 0x000001d0cef3a590 Exception <a 'java/io/IOException'{0x00000000c868e3b0}> (0x00000000c868e3b0) 
thrown [s\open\src\hotspot\share\prims\jni.cpp, line 516]
Event: 4218.384 Thread 0x000001d0cef370a0 Exception <a 'java/io/IOException'{0x00000000c8678570}> (0x00000000c8678570) 
thrown [s\open\src\hotspot\share\prims\jni.cpp, line 516]
Event: 4218.394 Thread 0x000001d0cef33210 Exception <a 'java/io/IOException'{0x00000000c86ae1c0}> (0x00000000c86ae1c0) 
thrown [s\open\src\hotspot\share\prims\jni.cpp, line 516]
Event: 5413.794 Thread 0x000001d0cdc71ee0 Implicit null exception at 0x000001d0bd2a9715 to 0x000001d0bd2a99a8
Event: 5414.705 Thread 0x000001d0cdc71ee0 Implicit null exception at 0x000001d0bd2a9715 to 0x000001d0bd2a99a8
Event: 5415.707 Thread 0x000001d0cdc71ee0 Implicit null exception at 0x000001d0bd2a9715 to 0x000001d0bd2a99a8
Event: 5416.698 Thread 0x000001d0cdc71ee0 Implicit null exception at 0x000001d0bd2a9715 to 0x000001d0bd2a99a8
Event: 5675.361 Thread 0x000001d0c828a150 Exception <a 'java/io/IOException'{0x00000000c9b650b8}> (0x00000000c9b650b8) 
thrown [s\open\src\hotspot\share\prims\jni.cpp, line 516]
Event: 5675.374 Thread 0x000001d0c828a150 Exception <a 'java/io/IOException'{0x00000000c9b65bf0}> (0x00000000c9b65bf0) 
thrown [s\open\src\hotspot\share\prims\jni.cpp, line 516]
Event: 6493.054 Thread 0x000001d0cef383e0 Implicit null exception at 0x000001d0bce54461 to 0x000001d0bce54acc
Event: 6493.100 Thread 0x000001d0cef383e0 Implicit null exception at 0x000001d0bca9a012 to 0x000001d0bca9a314
Event: 6493.169 Thread 0x000001d0cef383e0 Implicit null exception at 0x000001d0bcba7e0e to 0x000001d0bcba81f8
Event: 6494.321 Thread 0x000001d0cef383e0 Implicit null exception at 0x000001d0bcbe4a3a to 0x000001d0bcbe5b34
Event: 6495.218 Thread 0x000001d0cef39bf0 Implicit null exception at 0x000001d0bcc8bed0 to 0x000001d0bcc8ca84
Event: 6495.305 Thread 0x000001d0cef39bf0 Implicit null exception at 0x000001d0bd202a6d to 0x000001d0bd2039c4
Event: 6495.305 Thread 0x000001d0cef383e0 Implicit null exception at 0x000001d0bd202a6d to 0x000001d0bd2039c4
Event: 6496.525 Thread 0x000001d0cef370a0 Implicit null exception at 0x000001d0bcefb2dc to 0x000001d0bcefbefc
Event: 6498.446 Thread 0x000001d0cef33210 Implicit null exception at 0x000001d0bce1b5a9 to 0x000001d0bce1b711
Event: 6498.590 Thread 0x000001d0cef370a0 Implicit null exception at 0x000001d0bcc3730d to 0x000001d0bcc375fa

VM Operations (20 events):
Event: 6588.046 Executing VM operation: Cleanup
Event: 6588.047 Executing VM operation: Cleanup done
Event: 6590.062 Executing VM operation: Cleanup
Event: 6590.063 Executing VM operation: Cleanup done
Event: 6591.076 Executing VM operation: Cleanup
Event: 6591.076 Executing VM operation: Cleanup done
Event: 6592.087 Executing VM operation: Cleanup
Event: 6592.184 Executing VM operation: Cleanup done
Event: 6597.213 Executing VM operation: Cleanup
Event: 6597.213 Executing VM operation: Cleanup done
Event: 6598.214 Executing VM operation: Cleanup
Event: 6598.214 Executing VM operation: Cleanup done
Event: 6599.229 Executing VM operation: Cleanup
Event: 6599.229 Executing VM operation: Cleanup done
Event: 6600.242 Executing VM operation: Cleanup
Event: 6600.242 Executing VM operation: Cleanup done
Event: 6605.296 Executing VM operation: Cleanup
Event: 6605.297 Executing VM operation: Cleanup done
Event: 6606.308 Executing VM operation: Cleanup
Event: 6606.308 Executing VM operation: Cleanup done

Events (20 events):
Event: 6547.344 Thread 0x000001d0ad58e450 flushing nmethod 0x000001d0b67cf810
Event: 6547.345 Thread 0x000001d0ad58e450 flushing nmethod 0x000001d0b685c790
Event: 6547.345 Thread 0x000001d0ad58e450 flushing nmethod 0x000001d0b685f510
Event: 6547.345 Thread 0x000001d0ad58e450 flushing nmethod 0x000001d0b686dd10
Event: 6547.345 Thread 0x000001d0ad58e450 flushing nmethod 0x000001d0b687ca10
Event: 6547.345 Thread 0x000001d0ad58e450 flushing nmethod 0x000001d0b68d5610
Event: 6547.345 Thread 0x000001d0ad58e450 flushing nmethod 0x000001d0b68df710
Event: 6547.346 Thread 0x000001d0ad58e450 flushing nmethod 0x000001d0b69f0090
Event: 6547.346 Thread 0x000001d0ad58e450 flushing nmethod 0x000001d0b6a14b10
Event: 6547.346 Thread 0x000001d0ad58e450 flushing nmethod 0x000001d0b6a69d90
Event: 6547.346 Thread 0x000001d0ad58e450 flushing nmethod 0x000001d0b6aab510
Event: 6547.346 Thread 0x000001d0ad58e450 flushing nmethod 0x000001d0b6aaf990
Event: 6547.347 Thread 0x000001d0ad58e450 flushing nmethod 0x000001d0b6b00890
Event: 6547.347 Thread 0x000001d0ad58e450 flushing nmethod 0x000001d0b6b1c090
Event: 6547.347 Thread 0x000001d0ad58e450 flushing nmethod 0x000001d0b6beba10
Event: 6547.347 Thread 0x000001d0ad58e450 flushing nmethod 0x000001d0b6bedb90
Event: 6547.348 Thread 0x000001d0ad58e450 flushing nmethod 0x000001d0b6cd0590
Event: 6547.348 Thread 0x000001d0ad58e450 flushing nmethod 0x000001d0b6cd2090
Event: 6547.348 Thread 0x000001d0ad58e450 flushing nmethod 0x000001d0b6dbf090
Event: 6547.348 Thread 0x000001d0ad58e450 flushing nmethod 0x000001d0b6dbfc10


Dynamic libraries:
0x00007ff7f8c80000 - 0x00007ff7f8c8e000 	C:\Users\felip\.jdks\openjdk-18.0.2.1\bin\java.exe
0x00007fffed4c0000 - 0x00007fffed6c9000 	C:\Windows\SYSTEM32\ntdll.dll
0x00007fffec350000 - 0x00007fffec40e000 	C:\Windows\System32\KERNEL32.DLL
0x00007fffeace0000 - 0x00007fffeb064000 	C:\Windows\System32\KERNELBASE.dll
0x00007fffea950000 - 0x00007fffeaa61000 	C:\Windows\System32\ucrtbase.dll
0x00007fffe67c0000 - 0x00007fffe67d7000 	C:\Users\felip\.jdks\openjdk-18.0.2.1\bin\jli.dll
0x00007fffecff0000 - 0x00007fffed19d000 	C:\Windows\System32\USER32.dll
0x00007fffeaa70000 - 0x00007fffeaa96000 	C:\Windows\System32\win32u.dll
0x00007fffed1a0000 - 0x00007fffed1ca000 	C:\Windows\System32\GDI32.dll
0x00007fffeab20000 - 0x00007fffeac3f000 	C:\Windows\System32\gdi32full.dll
0x00007fffeac40000 - 0x00007fffeacdd000 	C:\Windows\System32\msvcp_win.dll
0x00007fffe31b0000 - 0x00007fffe31ca000 	C:\Users\felip\.jdks\openjdk-18.0.2.1\bin\VCRUNTIME140.dll
0x00007fffd8bb0000 - 0x00007fffd8e55000 	C:\Windows\WinSxS\amd64_microsoft.windows.common-controls_6595b64144ccf1df_6.0.22000.120_none_9d947278b86cc467\COMCTL32.dll
0x00007fffebe00000 - 0x00007fffebea3000 	C:\Windows\System32\msvcrt.dll
0x00007fffecfb0000 - 0x00007fffecfe1000 	C:\Windows\System32\IMM32.DLL
0x00007fffe8670000 - 0x00007fffe867c000 	C:\Users\felip\.jdks\openjdk-18.0.2.1\bin\vcruntime140_1.dll
0x00007fff9dca0000 - 0x00007fff9dd2d000 	C:\Users\felip\.jdks\openjdk-18.0.2.1\bin\msvcp140.dll
0x00007fff691d0000 - 0x00007fff69de1000 	C:\Users\felip\.jdks\openjdk-18.0.2.1\bin\server\jvm.dll
0x00007fffeb6c0000 - 0x00007fffeb76f000 	C:\Windows\System32\ADVAPI32.dll
0x00007fffed1d0000 - 0x00007fffed26e000 	C:\Windows\System32\sechost.dll
0x00007fffebc60000 - 0x00007fffebd81000 	C:\Windows\System32\RPCRT4.dll
0x00007fffed320000 - 0x00007fffed328000 	C:\Windows\System32\PSAPI.DLL
0x00007fffe0bb0000 - 0x00007fffe0bb9000 	C:\Windows\SYSTEM32\WSOCK32.dll
0x00007fffed330000 - 0x00007fffed39f000 	C:\Windows\System32\WS2_32.dll
0x00007fffe2cd0000 - 0x00007fffe2d03000 	C:\Windows\SYSTEM32\WINMM.dll
0x00007fffe85e0000 - 0x00007fffe85ea000 	C:\Windows\SYSTEM32\VERSION.dll
0x00007fffe9970000 - 0x00007fffe9988000 	C:\Windows\SYSTEM32\kernel.appcore.dll
0x00007fffd88c0000 - 0x00007fffd88ca000 	C:\Users\felip\.jdks\openjdk-18.0.2.1\bin\jimage.dll
0x00007fffe7d40000 - 0x00007fffe7f61000 	C:\Windows\SYSTEM32\DBGHELP.DLL
0x00007fffce060000 - 0x00007fffce091000 	C:\Windows\SYSTEM32\dbgcore.DLL
0x00007fffeaaa0000 - 0x00007fffeab1f000 	C:\Windows\System32\bcryptPrimitives.dll
0x00007fffd8650000 - 0x00007fffd865e000 	C:\Users\felip\.jdks\openjdk-18.0.2.1\bin\instrument.dll
0x00007fffbedc0000 - 0x00007fffbede5000 	C:\Users\felip\.jdks\openjdk-18.0.2.1\bin\java.dll
0x00007fff9c3c0000 - 0x00007fff9c496000 	C:\Users\felip\.jdks\openjdk-18.0.2.1\bin\jsvml.dll
0x00007fffec5b0000 - 0x00007fffecd75000 	C:\Windows\System32\SHELL32.dll
0x00007fffe89d0000 - 0x00007fffe9234000 	C:\Windows\SYSTEM32\windows.storage.dll
0x00007fffeb8e0000 - 0x00007fffebc56000 	C:\Windows\System32\combase.dll
0x00007fffe8860000 - 0x00007fffe89c7000 	C:\Windows\SYSTEM32\wintypes.dll
0x00007fffec430000 - 0x00007fffec51a000 	C:\Windows\System32\SHCORE.dll
0x00007fffebda0000 - 0x00007fffebdfd000 	C:\Windows\System32\shlwapi.dll
0x00007fffea880000 - 0x00007fffea8a5000 	C:\Windows\SYSTEM32\profapi.dll
0x00007fffd6470000 - 0x00007fffd6488000 	C:\Users\felip\.jdks\openjdk-18.0.2.1\bin\zip.dll
0x00007fffd64b0000 - 0x00007fffd64c3000 	C:\Users\felip\.jdks\openjdk-18.0.2.1\bin\net.dll
0x00007fffe3290000 - 0x00007fffe33a3000 	C:\Windows\SYSTEM32\WINHTTP.dll
0x00007fffe9e10000 - 0x00007fffe9e77000 	C:\Windows\system32\mswsock.dll
0x00007fffd6490000 - 0x00007fffd64a6000 	C:\Users\felip\.jdks\openjdk-18.0.2.1\bin\nio.dll
0x00007fffd7d30000 - 0x00007fffd7d4a000 	C:\Program Files\JetBrains\IntelliJ IDEA Community Edition 2022.2.1\bin\breakgen64.dll
0x00007fffd8ec0000 - 0x00007fffd8ec9000 	C:\Users\felip\.jdks\openjdk-18.0.2.1\bin\management.dll
0x00007fffd7ec0000 - 0x00007fffd7ecb000 	C:\Users\felip\.jdks\openjdk-18.0.2.1\bin\management_ext.dll
0x00007fffbee30000 - 0x00007fffbee40000 	C:\Users\felip\.jdks\openjdk-18.0.2.1\bin\verify.dll
0x00007fffea0e0000 - 0x00007fffea0f8000 	C:\Windows\SYSTEM32\CRYPTSP.dll
0x00007fffe98d0000 - 0x00007fffe9905000 	C:\Windows\system32\rsaenh.dll
0x00007fffe9eb0000 - 0x00007fffe9edc000 	C:\Windows\SYSTEM32\USERENV.dll
0x00007fffea2a0000 - 0x00007fffea2c7000 	C:\Windows\SYSTEM32\bcrypt.dll
0x00007fffea000000 - 0x00007fffea00c000 	C:\Windows\SYSTEM32\CRYPTBASE.dll
0x00007fffe94d0000 - 0x00007fffe94fd000 	C:\Windows\SYSTEM32\IPHLPAPI.DLL
0x00007fffebd90000 - 0x00007fffebd99000 	C:\Windows\System32\NSI.dll
0x00007fffe31f0000 - 0x00007fffe3209000 	C:\Windows\SYSTEM32\dhcpcsvc6.DLL
0x00007fffe3790000 - 0x00007fffe37ae000 	C:\Windows\SYSTEM32\dhcpcsvc.DLL
0x00007fffe9500000 - 0x00007fffe95e7000 	C:\Windows\SYSTEM32\DNSAPI.dll
0x00007fffd7e90000 - 0x00007fffd7e9e000 	C:\Users\felip\.jdks\openjdk-18.0.2.1\bin\sunmscapi.dll
0x00007fffeb1a0000 - 0x00007fffeb30a000 	C:\Windows\System32\CRYPT32.dll
0x00007fffea270000 - 0x00007fffea29a000 	C:\Windows\SYSTEM32\ncrypt.dll
0x00007fffea230000 - 0x00007fffea267000 	C:\Windows\SYSTEM32\NTASN1.dll
0x00007fffd4920000 - 0x00007fffd492a000 	C:\Windows\System32\rasadhlp.dll
0x00007fffe17a0000 - 0x00007fffe1822000 	C:\Windows\System32\fwpuclnt.dll

dbghelp: loaded successfully - version: 4.0.5 - missing functions: none
symbol engine: initialized successfully - sym options: 0x614 - pdb path: .;C:\Users\felip\.jdks\openjdk-18.0.2.1\bin;C:\Windows\SYSTEM32;C:\Windows\WinSxS\amd64_microsoft.windows.common-controls_6595b64144ccf1df_6.0.22000.120_none_9d947278b86cc467;C:\Users\felip\.jdks\openjdk-18.0.2.1\bin\server;C:\Program Files\JetBrains\IntelliJ IDEA Community Edition 2022.2.1\bin

VM Arguments:
jvm_args: -javaagent:C:\Program Files\JetBrains\IntelliJ IDEA Community Edition 2022.2.1\lib\idea_rt.jar=50686:C:\Program Files\JetBrains\IntelliJ IDEA Community Edition 2022.2.1\bin -Dfile.encoding=UTF-8 -Dsun.stdout.encoding=UTF-8 -Dsun.stderr.encoding=UTF-8 
java_command: com.registration.registration.RegistrationApplication
java_class_path (initial): C:\Users\felip\Downloads\SUBIRGIT\java-system\backend\Chat\registration\target\classes;C:\Users\felip\.m2\repository\org\springframework\amqp\spring-amqp\3.0.2\spring-amqp-3.0.2.jar;C:\Users\felip\.m2\repository\org\springframework\spring-core\6.0.6\spring-core-6.0.6.jar;C:\Users\felip\.m2\repository\org\springframework\spring-jcl\6.0.6\spring-jcl-6.0.6.jar;C:\Users\felip\.m2\repository\org\springframework\retry\spring-retry\2.0.0\spring-retry-2.0.0.jar;C:\Users\felip\.m2\repository\org\springframework\amqp\spring-rabbit\3.0.2\spring-rabbit-3.0.2.jar;C:\Users\felip\.m2\repository\com\rabbitmq\amqp-client\5.16.0\amqp-client-5.16.0.jar;C:\Users\felip\.m2\repository\org\slf4j\slf4j-api\2.0.6\slf4j-api-2.0.6.jar;C:\Users\felip\.m2\repository\org\springframework\spring-context\6.0.6\spring-context-6.0.6.jar;C:\Users\felip\.m2\repository\org\springframework\spring-aop\6.0.6\spring-aop-6.0.6.jar;C:\Users\felip\.m2\repository\org\springframework\spring-beans\6.0.6\spring-beans-6.0.6.jar;C:\Users\felip\.m2\repository\org\springframework\spring-expression\6.0.6\spring-expression-6.0.6.jar;C:\Users\felip\.m2\repository\org\springframework\spring-messaging\6.0.6\spring-messaging-6.0.6.jar;C:\Users\felip\.m2\repository\org\springframework\spring-tx\6.0.6\spring-tx-6.0.6.jar;C:\Users\felip\.m2\repository\io\micrometer\micrometer-observation\1.10.4\micrometer-observation-1.10.4.jar;C:\Users\felip\.m2\repository\io\micrometer\micrometer-commons\1.10.4\micrometer-commons-1.10.4.jar;C:\Users\felip\.m2\repository\org\apache\logging\log4j\log4j-core\2.19.0\log4j-core-2.19.0.jar;C:\Users\felip\.m2\repository\org\apache\logging\log4j\log4j-api\2.19.0\log4j-api-2.19.0.jar;C:\Users\felip\.m2\repository\org\projectlombok\lombok\1.18.26\lombok-1.18.26.jar;C:\Users\felip\.m2\repository\org\springframework\boot\spring-boot-starter-actuator\3.0.4\spring-boot-starter-actuator-3.0.4.jar;C:\Users\felip\.m2\repository\org\springframework\boot\spring-boot-starter\3.0.4\spring-boot-starter-3.0.4.jar;C:\Users\felip\.m2\repository\org\springframework\boot\spring-boot-starter-logging\3.0.4\spring-boot-starter-logging-3.0.4.jar;C:\Users\felip\.m2\repository\ch\qos\logback\logback-classic\1.4.5\logback-classic-1.4.5.jar;C:\Users\felip\.m2\repository\ch\qos\logback\logback-core\1.4.5\logback-core-1.4.5.jar;C:\Users\felip\.m2\repository\org\apache\logging\log4j\log4j-to-slf4j\2.19.0\log4j-to-slf4j-2.19.0.jar;C:\Users\felip\.m2\repository\org\slf4j\jul-to-slf4j\2.0.6\jul-to-slf4j-2.0.6.jar;C:\Users\felip\.m2\repository\jakarta\annotation\jakarta.annotation-api\2.1.1\jakarta.annotation-api-2.1.1.jar;C:\Users\felip\.m2\repository\org\yaml\snakeyaml\1.33\snakeyaml-1.33.jar;C:\Users\felip\.m2\repository\org\springframework\boot\spring-boot-actuator-autoconfigure\3.0.4\spring-boot-actuator-autoconfigure-3.0.4.jar;C:\Users\felip\.m2\repository\org\springframework\boot\spring-boot-actuator\3.0.4\spring-boot-actuator-3.0.4.jar;C:\Users\felip\.m2\repository\com\fasterxml\jackson\datatype\jackson-datatype-jsr310\2.14.2\jackson-datatype-jsr310-2.14.2.jar;C:\Users\felip\.m2\repository\io\micrometer\micrometer-core\1.10.4\micrometer-core-1.10.4.jar;C:\Users\felip\.m2\repository\org\hdrhistogram\HdrHistogram\2.1.12\HdrHistogram-2.1.12.jar;C:\Users\felip\.m2\repository\org\latencyutils\LatencyUtils\2.0.3\LatencyUtils-2.0.3.jar;C:\Users\felip\.m2\repository\org\springframework\boot\spring-boot-starter-data-jpa\3.0.4\spring-boot-starter-data-jpa-3.0.4.jar;C:\Users\felip\.m2\repository\org\springframework\boot\spring-boot-starter-aop\3.0.4\spring-boot-starter-aop-3.0.4.jar;C:\Users\felip\.m2\repository\org\aspectj\aspectjweaver\1.9.19\aspectjweaver-1.9.19.jar;C:\Users\felip\.m2\repository\org\springframework\boot\spring-boot-starter-jdbc\3.0.4\spring-boot-starter-jdbc-3.0.4.jar;C:\Users\felip\.m2\repository\com\zaxxer\HikariCP\5.0.1\HikariCP-5.0.1.jar;C:\Users\felip\.m2\repository\org\springframework\spring-jdbc\6.0.6\spring-jdbc-6.0.6.jar;C:\Users\felip\.m2\repository\org\hibernate\orm\hibernate-core\6.1.7.Final\hibernate-core-6.1.7.Final.jar;C:\Users\felip\.m2\repository\jakarta\persistence\jakarta.persistence-api\3.1.0\jakarta.persistence-api-3.1.0.jar;C:\Users\felip\.m2\repository\jakarta\transaction\jakarta.transaction-api\2.0.1\jakarta.transaction-api-2.0.1.jar;C:\Users\felip\.m2\repository\org\jboss\logging\jboss-logging\3.5.0.Final\jboss-logging-3.5.0.Final.jar;C:\Users\felip\.m2\repository\org\hibernate\common\hibernate-commons-annotations\6.0.6.Final\hibernate-commons-annotations-6.0.6.Final.jar;C:\Users\felip\.m2\repository\org\jboss\jandex\2.4.2.Final\jandex-2.4.2.Final.jar;C:\Users\felip\.m2\repository\com\fasterxml\classmate\1.5.1\classmate-1.5.1.jar;C:\Users\felip\.m2\repository\net\bytebuddy\byte-buddy\1.12.23\byte-buddy-1.12.23.jar;C:\Users\felip\.m2\repository\org\glassfish\jaxb\jaxb-runtime\4.0.2\jaxb-runtime-4.0.2.jar;C:\Users\felip\.m2\repository\org\glassfish\jaxb\jaxb-core\4.0.2\jaxb-core-4.0.2.jar;C:\Users\felip\.m2\repository\org\eclipse\angus\angus-activation\2.0.0\angus-activation-2.0.0.jar;C:\Users\felip\.m2\repository\org\glassfish\jaxb\txw2\4.0.2\txw2-4.0.2.jar;C:\Users\felip\.m2\repository\com\sun\istack\istack-commons-runtime\4.1.1\istack-commons-runtime-4.1.1.jar;C:\Users\felip\.m2\repository\jakarta\inject\jakarta.inject-api\2.0.0\jakarta.inject-api-2.0.0.jar;C:\Users\felip\.m2\repository\org\antlr\antlr4-runtime\4.10.1\antlr4-runtime-4.10.1.jar;C:\Users\felip\.m2\repository\org\springframework\data\spring-data-jpa\3.0.3\spring-data-jpa-3.0.3.jar;C:\Users\felip\.m2\repository\org\springframework\data\spring-data-commons\3.0.3\spring-data-commons-3.0.3.jar;C:\Users\felip\.m2\repository\org\springframework\spring-orm\6.0.6\spring-orm-6.0.6.jar;C:\Users\felip\.m2\repository\org\springframework\spring-aspects\6.0.6\spring-aspects-6.0.6.jar;C:\Users\felip\.m2\repository\org\springframework\boot\spring-boot-starter-data-mongodb\3.0.4\spring-boot-starter-data-mongodb-3.0.4.jar;C:\Users\felip\.m2\repository\org\mongodb\mongodb-driver-sync\4.8.2\mongodb-driver-sync-4.8.2.jar;C:\Users\felip\.m2\repository\org\mongodb\bson\4.8.2\bson-4.8.2.jar;C:\Users\felip\.m2\repository\org\mongodb\mongodb-driver-core\4.8.2\mongodb-driver-core-4.8.2.jar;C:\Users\felip\.m2\repository\org\mongodb\bson-record-codec\4.8.2\bson-record-codec-4.8.2.jar;C:\Users\felip\.m2\repository\org\springframework\data\spring-data-mongodb\4.0.3\spring-data-mongodb-4.0.3.jar;C:\Users\felip\.m2\repository\org\springframework\boot\spring-boot-starter-web\3.0.4\spring-boot-starter-web-3.0.4.jar;C:\Users\felip\.m2\repository\org\springframework\boot\spring-boot-starter-json\3.0.4\spring-boot-starter-json-3.0.4.jar;C:\Users\felip\.m2\repository\com\fasterxml\jackson\datatype\jackson-datatype-jdk8\2.14.2\jackson-datatype-jdk8-2.14.2.jar;C:\Users\felip\.m2\repository\com\fasterxml\jackson\module\jackson-module-parameter-names\2.14.2\jackson-module-parameter-names-2.14.2.jar;C:\Users\felip\.m2\repository\org\springframework\boot\spring-boot-starter-tomcat\3.0.4\spring-boot-starter-tomcat-3.0.4.jar;C:\Users\felip\.m2\repository\org\apache\tomcat\embed\tomcat-embed-core\10.1.5\tomcat-embed-core-10.1.5.jar;C:\Users\felip\.m2\repository\org\apache\tomcat\embed\tomcat-embed-websocket\10.1.5\tomcat-embed-websocket-10.1.5.jar;C:\Users\felip\.m2\repository\org\springframework\spring-web\6.0.6\spring-web-6.0.6.jar;C:\Users\felip\.m2\repository\org\springframework\spring-webmvc\6.0.6\spring-webmvc-6.0.6.jar;C:\Users\felip\.m2\repository\org\springframework\boot\spring-boot-devtools\3.0.4\spring-boot-devtools-3.0.4.jar;C:\Users\felip\.m2\repository\org\springframework\boot\spring-boot\3.0.4\spring-boot-3.0.4.jar;C:\Users\felip\.m2\repository\org\springframework\boot\spring-boot-autoconfigure\3.0.4\spring-boot-autoconfigure-3.0.4.jar;C:\Users\felip\.m2\repository\com\mysql\mysql-connector-j\8.0.32\mysql-connector-j-8.0.32.jar;C:\Users\felip\.m2\repository\jakarta\xml\bind\jakarta.xml.bind-api\4.0.0\jakarta.xml.bind-api-4.0.0.jar;C:\Users\felip\.m2\repository\jakarta\activation\jakarta.activation-api\2.1.1\jakarta.activation-api-2.1.1.jar;C:\Users\felip\.m2\repository\org\springframework\boot\spring-boot-starter-validation\3.0.4\spring-boot-starter-validation-3.0.4.jar;C:\Users\felip\.m2\repository\org\apache\tomcat\embed\tomcat-embed-el\10.1.5\tomcat-embed-el-10.1.5.jar;C:\Users\felip\.m2\repository\org\hibernate\validator\hibernate-validator\8.0.0.Final\hibernate-validator-8.0.0.Final.jar;C:\Users\felip\.m2\repository\jakarta\validation\jakarta.validation-api\3.0.2\jakarta.validation-api-3.0.2.jar;C:\Users\felip\.m2\repository\io\jsonwebtoken\jjwt-api\0.11.5\jjwt-api-0.11.5.jar;C:\Users\felip\.m2\repository\io\jsonwebtoken\jjwt-impl\0.11.5\jjwt-impl-0.11.5.jar;C:\Users\felip\.m2\repository\io\jsonwebtoken\jjwt-jackson\0.11.5\jjwt-jackson-0.11.5.jar;C:\Users\felip\.m2\repository\com\fasterxml\jackson\core\jackson-databind\2.14.2\jackson-databind-2.14.2.jar;C:\Users\felip\.m2\repository\com\fasterxml\jackson\core\jackson-annotations\2.14.2\jackson-annotations-2.14.2.jar;C:\Users\felip\.m2\repository\com\fasterxml\jackson\core\jackson-core\2.14.2\jackson-core-2.14.2.jar;C:\Users\felip\.m2\repository\org\springframework\boot\spring-boot-starter-websocket\3.0.4\spring-boot-starter-websocket-3.0.4.jar;C:\Users\felip\.m2\repository\org\springframework\spring-websocket\6.0.6\spring-websocket-6.0.6.jar
Launcher Type: SUN_STANDARD

[Global flags]
     intx CICompilerCount                          = 2                                         {product} {ergonomic}
     uint ConcGCThreads                            = 1                                         {product} {ergonomic}
     uint G1ConcRefinementThreads                  = 2                                         {product} {ergonomic}
   size_t G1HeapRegionSize                         = 1048576                                   {product} {ergonomic}
    uintx GCDrainStackTargetSize                   = 64                                        {product} {ergonomic}
   size_t InitialHeapSize                          = 65011712                                  {product} {ergonomic}
   size_t MarkStackSize                            = 4194304                                   {product} {ergonomic}
   size_t MaxHeapSize                              = 1027604480                                {product} {ergonomic}
   size_t MaxNewSize                               = 616562688                                 {product} {ergonomic}
   size_t MinHeapDeltaBytes                        = 1048576                                   {product} {ergonomic}
   size_t MinHeapSize                              = 8388608                                   {product} {ergonomic}
    uintx NonNMethodCodeHeapSize                   = 5826188                                {pd product} {ergonomic}
    uintx NonProfiledCodeHeapSize                  = 122916026                              {pd product} {ergonomic}
    uintx ProfiledCodeHeapSize                     = 122916026                              {pd product} {ergonomic}
    uintx ReservedCodeCacheSize                    = 251658240                              {pd product} {ergonomic}
     bool SegmentedCodeCache                       = true                                      {product} {ergonomic}
   size_t SoftMaxHeapSize                          = 1027604480                             {manageable} {ergonomic}
     bool UseCompressedClassPointers               = true                           {product lp64_product} {ergonomic}
     bool UseCompressedOops                        = true                           {product lp64_product} {ergonomic}
     bool UseG1GC                                  = true                                      {product} {ergonomic}
     bool UseLargePagesIndividualAllocation        = false                                  {pd product} {ergonomic}

Logging:
Log output configuration:
 #0: stdout all=warning uptime,level,tags foldmultilines=false
 #1: stderr all=off uptime,level,tags foldmultilines=false

Environment Variables:
PATH=C:\Program Files\Common Files\Oracle\Java\javapath;C:\Windows\system32;C:\Windows;C:\Windows\System32\Wbem;C:\Windows\System32\WindowsPowerShell\v1.0\;C:\Windows\System32\OpenSSH\;C:\Program Files\nodejs\;C:\Program Files (x86)\Microsoft SQL Server\150\Tools\Binn\;C:\Program Files\Microsoft SQL Server\150\Tools\Binn\;C:\Program Files (x86)\Microsoft SQL Server\150\DTS\Binn\;C:\Program Files\Microsoft SQL Server\150\DTS\Binn\;C:\Program Files\Microsoft SQL Server\Client SDK\ODBC\170\Tools\Binn\;C:\ProgramData\chocolatey\bin;C:\Program Files\Git\cmd;C:\Program Files\Git\mingw64\bin;C:\Program Files\Git\usr\bin;C:\Users\felip\Downloads\apache-maven-3.8.6;C:\Users\felip\Downloads\apache-maven-3.8.6\bin;C:\Program Files\MongoDB\Server\6.0\bin;;C:\Program Files\Docker\Docker\resources\bin;C:\Users\felip\AppData\Local\Programs\Python\Python310;C:\Users\felip\AppData\Local\Programs\Python\Python310\Scripts;C:\Program Files\Java\jdk-19\bin;C:\Users\felip\AppData\Local\Programs\Python\Python39;C:\Users\felip\AppData\Local\Programs\Microsoft VS Code\bin;C:\Users\felip\AppData\Local\Programs\mongosh\;C:\Program Files\MongoDB\Server\6.0\bin;C:\Program Files\Docker\Docker\resources\bin;
USERNAME=felip
OS=Windows_NT
PROCESSOR_IDENTIFIER=Intel64 Family 6 Model 122 Stepping 8, GenuineIntel



---------------  S Y S T E M  ---------------

OS:
 Windows 11 , 64 bit Build 22000 (10.0.22000.2124)
OS uptime: 1 days 8:51 hours
Hyper-V role detected

CPU: total 2 (initial active 2) (2 cores per cpu, 1 threads per core) family 6 model 122 stepping 8 microcode 0x18, cx8, cmov, fxsr, mmx, 3dnowpref, sse, sse2, sse3, ssse3, sse4.1, sse4.2, popcnt, tsc, tscinvbit, aes, erms, clmul, sha, clflush, clflushopt, hv

Memory: 4k page, system-wide physical 3918M (289M free)
TotalPageFile size 15694M (AvailPageFile size 5M)
current process WorkingSet (physical memory assigned to process): 140M, peak: 280M
current process commit charge ("private bytes"): 383M, peak: 526M

vm_info: OpenJDK 64-Bit Server VM (18.0.2.1+1-1) for windows-amd64 JRE (18.0.2.1+1-1), built on Aug 16 2022 01:44:29 by "mach5one" with MS VC++ 16.8 / 16.9 (VS2019)

END.
