#
# There is insufficient memory for the Java Runtime Environment to continue.
# Native memory allocation (malloc) failed to allocate 262160 bytes for Chunk::new
# Possible reasons:
#   The system is out of physical RAM or swap space
#   The process is running with CompressedOops enabled, and the Java Heap may be blocking the growth of the native heap
# Possible solutions:
#   Reduce memory load on the system
#   Increase physical memory or swap space
#   Check if swap backing store is full
#   Decrease Java heap size (-Xmx/-Xms)
#   Decrease number of Java threads
#   Decrease Java thread stack sizes (-Xss)
#   Set larger code cache with -XX:ReservedCodeCacheSize=
#   JVM is running with Unscaled Compressed Oops mode in which the Java heap is
#     placed in the first 4GB address space. The Java Heap base address is the
#     maximum limit for the native heap growth. Please use -XX:HeapBaseMinAddress
#     to set the Java Heap base and to place the Java Heap above 4GB virtual address.
# This output file may be truncated or incomplete.
#
#  Out of Memory Error (arena.cpp:184), pid=2772, tid=10192
#
# JRE version: OpenJDK Runtime Environment (18.0.2.1+1) (build 18.0.2.1+1-1)
# Java VM: OpenJDK 64-Bit Server VM (18.0.2.1+1-1, mixed mode, sharing, tiered, compressed oops, compressed class ptrs, g1 gc, windows-amd64)
# No core dump will be written. Minidumps are not enabled by default on client versions of Windows
#

---------------  S U M M A R Y ------------

Command Line: -javaagent:C:\Program Files\JetBrains\IntelliJ IDEA Community Edition 2022.2.1\lib\idea_rt.jar=49745:C:\Program Files\JetBrains\IntelliJ IDEA Community Edition 2022.2.1\bin -Dfile.encoding=UTF-8 -Dsun.stdout.encoding=UTF-8 -Dsun.stderr.encoding=UTF-8 com.registration.registration.RegistrationApplication

Host: Intel(R) Celeron(R) N4020 CPU @ 1.10GHz, 2 cores, 3G,  Windows 11 , 64 bit Build 22000 (10.0.22000.2003)
Time: Thu Jul 13 12:06:29 2023 Hora oficial do Brasil elapsed time: 21335.159627 seconds (0d 5h 55m 35s)

---------------  T H R E A D  ---------------

Current thread (0x00000244cb6e70a0):  JavaThread "C2 CompilerThread0" daemon [_thread_in_native, id=10192, stack(0x000000634cc00000,0x000000634cd00000)]


Current CompileTask:
C2:21335160 9736       4       sun.security.ec.ECOperations::setSum (815 bytes)

Stack: [0x000000634cc00000,0x000000634cd00000]
Native frames: (J=compiled Java code, j=interpreted, Vv=VM code, C=native code)
V  [jvm.dll+0x6993aa]
V  [jvm.dll+0x7f46dd]
V  [jvm.dll+0x7f5fee]
V  [jvm.dll+0x7f66a3]
V  [jvm.dll+0x25cf1f]
V  [jvm.dll+0xb8c2f]
V  [jvm.dll+0xb8fa5]
V  [jvm.dll+0xb8d4b]
V  [jvm.dll+0x677efc]
V  [jvm.dll+0x5aeb0a]
V  [jvm.dll+0x59d74e]
V  [jvm.dll+0x59d2a5]
V  [jvm.dll+0x75bb4f]
V  [jvm.dll+0x754e63]
V  [jvm.dll+0x75e1df]
V  [jvm.dll+0x5a172d]
V  [jvm.dll+0x2388de]
V  [jvm.dll+0x231ea5]
V  [jvm.dll+0x22f3cb]
V  [jvm.dll+0x1ba01c]
V  [jvm.dll+0x23ee0a]
V  [jvm.dll+0x23d0f5]
V  [jvm.dll+0x7a6dd1]
V  [jvm.dll+0x7a120a]
V  [jvm.dll+0x698255]
C  [ucrtbase.dll+0x26c0c]
C  [KERNEL32.DLL+0x155a0]
C  [ntdll.dll+0x485b]


---------------  P R O C E S S  ---------------

Threads class SMR info:
_java_thread_list=0x00000244ecb985d0, length=36, elements={
0x00000244cb6ca000, 0x00000244cb6ca9a0, 0x00000244cb6e27d0, 0x00000244cb6e5090,
0x00000244cb6e5a30, 0x00000244cb6e63d0, 0x00000244cb6e70a0, 0x00000244cb6ee130,
0x00000244cb6ee630, 0x00000244e636ca70, 0x00000244eacb31c0, 0x00000244eacb3680,
0x00000244eb7f18a0, 0x00000244eb7f1d70, 0x00000244eb7f30b0, 0x00000244eb7f3580,
0x00000244eb7f3a50, 0x00000244eccbb250, 0x00000244eccbc590, 0x00000244eccba3e0,
0x00000244eccbca60, 0x00000244eccbdda0, 0x00000244eccba8b0, 0x00000244eccbcf30,
0x00000244eccbd400, 0x00000244eccb9570, 0x00000244eccbec10, 0x00000244eccbe270,
0x00000244eccb8230, 0x00000244eccb8bd0, 0x00000244eccbd8d0, 0x00000244eccbe740,
0x00000244eccbc0c0, 0x00000244eccbf0e0, 0x00000244eccb7890, 0x00000244eb2fb0d0
}

Java Threads: ( => current thread )
  0x00000244cb6ca000 JavaThread "Reference Handler" daemon [_thread_blocked, id=11184, stack(0x000000634c600000,0x000000634c700000)]
  0x00000244cb6ca9a0 JavaThread "Finalizer" daemon [_thread_blocked, id=12488, stack(0x000000634c700000,0x000000634c800000)]
  0x00000244cb6e27d0 JavaThread "Signal Dispatcher" daemon [_thread_blocked, id=10560, stack(0x000000634c800000,0x000000634c900000)]
  0x00000244cb6e5090 JavaThread "Attach Listener" daemon [_thread_blocked, id=12788, stack(0x000000634c900000,0x000000634ca00000)]
  0x00000244cb6e5a30 JavaThread "Service Thread" daemon [_thread_blocked, id=11664, stack(0x000000634ca00000,0x000000634cb00000)]
  0x00000244cb6e63d0 JavaThread "Monitor Deflation Thread" daemon [_thread_blocked, id=3868, stack(0x000000634cb00000,0x000000634cc00000)]
=>0x00000244cb6e70a0 JavaThread "C2 CompilerThread0" daemon [_thread_in_native, id=10192, stack(0x000000634cc00000,0x000000634cd00000)]
  0x00000244cb6ee130 JavaThread "C1 CompilerThread0" daemon [_thread_in_vm, id=1276, stack(0x000000634cd00000,0x000000634ce00000)]
  0x00000244cb6ee630 JavaThread "Sweeper thread" daemon [_thread_blocked, id=11764, stack(0x000000634ce00000,0x000000634cf00000)]
  0x00000244e636ca70 JavaThread "Common-Cleaner" daemon [_thread_blocked, id=5248, stack(0x000000634cf00000,0x000000634d000000)]
  0x00000244eacb31c0 JavaThread "Monitor Ctrl-Break" daemon [_thread_in_native, id=10272, stack(0x000000634d200000,0x000000634d300000)]
  0x00000244eacb3680 JavaThread "Notification Thread" daemon [_thread_blocked, id=7908, stack(0x000000634d300000,0x000000634d400000)]
  0x00000244eb7f18a0 JavaThread "mysql-cj-abandoned-connection-cleanup" daemon [_thread_blocked, id=11112, stack(0x000000634d700000,0x000000634d800000)]
  0x00000244eb7f1d70 JavaThread "HikariPool-1 housekeeper" daemon [_thread_blocked, id=5448, stack(0x000000634d900000,0x000000634da00000)]
  0x00000244eb7f30b0 JavaThread "Catalina-utility-1" [_thread_blocked, id=6412, stack(0x000000634db00000,0x000000634dc00000)]
  0x00000244eb7f3580 JavaThread "Catalina-utility-2" [_thread_blocked, id=7336, stack(0x000000634dc00000,0x000000634dd00000)]
  0x00000244eb7f3a50 JavaThread "container-0" [_thread_blocked, id=5240, stack(0x000000634dd00000,0x000000634de00000)]
  0x00000244eccbb250 JavaThread "BufferPoolPruner-1-thread-1" daemon [_thread_blocked, id=6672, stack(0x000000634da00000,0x000000634db00000)]
  0x00000244eccbc590 JavaThread "cluster-ClusterId{value='64afbfb828aea0162be045ff', description='null'}-localhost:27017" daemon [_thread_in_native, id=5908, stack(0x000000634de00000,0x000000634df00000)]
  0x00000244eccba3e0 JavaThread "cluster-rtt-ClusterId{value='64afbfb828aea0162be045ff', description='null'}-localhost:27017" daemon [_thread_blocked, id=1712, stack(0x000000634df00000,0x000000634e000000)]
  0x00000244eccbca60 JavaThread "MaintenanceTimer-2-thread-1" daemon [_thread_blocked, id=2016, stack(0x000000634e000000,0x000000634e100000)]
  0x00000244eccbdda0 JavaThread "File Watcher" daemon [_thread_blocked, id=9092, stack(0x000000634e100000,0x000000634e200000)]
  0x00000244eccba8b0 JavaThread "http-nio-8083-exec-1" daemon [_thread_blocked, id=1404, stack(0x000000634e200000,0x000000634e300000)]
  0x00000244eccbcf30 JavaThread "http-nio-8083-exec-2" daemon [_thread_blocked, id=8704, stack(0x000000634e300000,0x000000634e400000)]
  0x00000244eccbd400 JavaThread "http-nio-8083-exec-3" daemon [_thread_blocked, id=12408, stack(0x000000634e400000,0x000000634e500000)]
  0x00000244eccb9570 JavaThread "http-nio-8083-exec-4" daemon [_thread_blocked, id=9708, stack(0x000000634e500000,0x000000634e600000)]
  0x00000244eccbec10 JavaThread "http-nio-8083-exec-5" daemon [_thread_blocked, id=8612, stack(0x000000634e600000,0x000000634e700000)]
  0x00000244eccbe270 JavaThread "http-nio-8083-exec-6" daemon [_thread_blocked, id=1400, stack(0x000000634e700000,0x000000634e800000)]
  0x00000244eccb8230 JavaThread "http-nio-8083-exec-7" daemon [_thread_blocked, id=13012, stack(0x000000634e800000,0x000000634e900000)]
  0x00000244eccb8bd0 JavaThread "http-nio-8083-exec-8" daemon [_thread_blocked, id=11868, stack(0x000000634e900000,0x000000634ea00000)]
  0x00000244eccbd8d0 JavaThread "http-nio-8083-exec-9" daemon [_thread_blocked, id=3084, stack(0x000000634ea00000,0x000000634eb00000)]
  0x00000244eccbe740 JavaThread "http-nio-8083-exec-10" daemon [_thread_blocked, id=8388, stack(0x000000634eb00000,0x000000634ec00000)]
  0x00000244eccbc0c0 JavaThread "http-nio-8083-Poller" daemon [_thread_in_native, id=11108, stack(0x000000634ec00000,0x000000634ed00000)]
  0x00000244eccbf0e0 JavaThread "http-nio-8083-Acceptor" daemon [_thread_in_native, id=12908, stack(0x000000634ed00000,0x000000634ee00000)]
  0x00000244eccb7890 JavaThread "DestroyJavaVM" [_thread_blocked, id=7732, stack(0x000000634bf00000,0x000000634c000000)]
  0x00000244eb2fb0d0 JavaThread "HikariPool-1 connection adder" daemon [_thread_blocked, id=18592, stack(0x000000634be00000,0x000000634bf00000)]

Other Threads:
  0x00000244cb6c6300 VMThread "VM Thread" [stack: 0x000000634c500000,0x000000634c600000] [id=8768]
  0x00000244ead9f120 WatcherThread "VM Periodic Task Thread" [stack: 0x000000634d400000,0x000000634d500000] [id=9532]
  0x00000244cb6782d0 WorkerThread "GC Thread#0" [stack: 0x000000634c000000,0x000000634c100000] [id=6480]
  0x00000244eaaa1840 WorkerThread "GC Thread#1" [stack: 0x000000634d000000,0x000000634d100000] [id=2060]
  0x00000244cb680c80 ConcurrentGCThread "G1 Main Marker" [stack: 0x000000634c100000,0x000000634c200000] [id=13280]
  0x00000244cb6817d0 WorkerThread "G1 Conc#0" [stack: 0x000000634c200000,0x000000634c300000] [id=6312]
  0x00000244cb6a0110 ConcurrentGCThread "G1 Refine#0" [stack: 0x000000634c300000,0x000000634c400000] [id=10460]
  0x00000244ecf91a10 ConcurrentGCThread "G1 Refine#1" [stack: 0x000000634d600000,0x000000634d700000] [id=892]
  0x00000244cb6a0b80 ConcurrentGCThread "G1 Service" [stack: 0x000000634c400000,0x000000634c500000] [id=10288]

Threads with active compile tasks:
C2 CompilerThread0  21335242 9736       4       sun.security.ec.ECOperations::setSum (815 bytes)
C1 CompilerThread0  21335243 9744       3       sun.security.ssl.SSLCipher::createReadCipher (135 bytes)

VM state: not at safepoint (normal execution)

VM Mutex/Monitor currently owned by a thread: None

Heap address: 0x00000000c2c00000, size: 980 MB, Compressed Oops mode: 32-bit

CDS archive(s) mapped at: [0x0000000800000000-0x0000000800ba0000-0x0000000800ba0000), size 12189696, SharedBaseAddress: 0x0000000800000000, ArchiveRelocationMode: 0.
Compressed class space mapped at: 0x0000000800c00000-0x0000000840c00000, reserved size: 1073741824
Narrow klass base: 0x0000000800000000, Narrow klass shift: 0, Narrow klass range: 0x100000000

GC Precious Log:
 CardTable entry size: 512
 Card Set container configuration: InlinePtr #cards 5 size 8 Array Of Cards #cards 12 size 40 Howl #buckets 4 coarsen threshold 1843 Howl Bitmap #cards 512 size 80 coarsen threshold 460 Card regions per heap region 1 cards per card region 2048
 CPUs: 2 total, 2 available
 Memory: 3918M
 Large Page Support: Disabled
 NUMA Support: Disabled
 Compressed Oops: Enabled (32-bit)
 Heap Region Size: 1M
 Heap Min Capacity: 8M
 Heap Initial Capacity: 62M
 Heap Max Capacity: 980M
 Pre-touch: Disabled
 Parallel Workers: 2
 Concurrent Workers: 1
 Concurrent Refinement Workers: 2
 Periodic GC: Disabled

Heap:
 garbage-first heap   total 73728K, used 48784K [0x00000000c2c00000, 0x0000000100000000)
  region size 1024K, 14 young (14336K), 1 survivors (1024K)
 Metaspace       used 86011K, committed 86592K, reserved 1179648K
  class space    used 11587K, committed 11904K, reserved 1048576K

Heap Regions: E=young(eden), S=young(survivor), O=old, HS=humongous(starts), HC=humongous(continues), CS=collection set, F=free, OA=open archive, CA=closed archive, TAMS=top-at-mark-start (previous, next)
|   0|0x00000000c2c00000, 0x00000000c2d00000, 0x00000000c2d00000|100%|HS|  |TAMS 0x00000000c2d00000, 0x00000000c2c00000| Complete 
|   1|0x00000000c2d00000, 0x00000000c2e00000, 0x00000000c2e00000|100%| O|  |TAMS 0x00000000c2e00000, 0x00000000c2d00000| Untracked 
|   2|0x00000000c2e00000, 0x00000000c2f00000, 0x00000000c2f00000|100%| O|  |TAMS 0x00000000c2f00000, 0x00000000c2e00000| Untracked 
|   3|0x00000000c2f00000, 0x00000000c3000000, 0x00000000c3000000|100%| O|  |TAMS 0x00000000c3000000, 0x00000000c2f00000| Untracked 
|   4|0x00000000c3000000, 0x00000000c3100000, 0x00000000c3100000|100%| O|  |TAMS 0x00000000c3100000, 0x00000000c3000000| Untracked 
|   5|0x00000000c3100000, 0x00000000c3200000, 0x00000000c3200000|100%| O|  |TAMS 0x00000000c3200000, 0x00000000c3100000| Untracked 
|   6|0x00000000c3200000, 0x00000000c3300000, 0x00000000c3300000|100%| O|  |TAMS 0x00000000c3300000, 0x00000000c3200000| Untracked 
|   7|0x00000000c3300000, 0x00000000c3400000, 0x00000000c3400000|100%| O|  |TAMS 0x00000000c3400000, 0x00000000c3300000| Untracked 
|   8|0x00000000c3400000, 0x00000000c3500000, 0x00000000c3500000|100%| O|  |TAMS 0x00000000c3500000, 0x00000000c3400000| Untracked 
|   9|0x00000000c3500000, 0x00000000c3600000, 0x00000000c3600000|100%| O|  |TAMS 0x00000000c3600000, 0x00000000c3500000| Untracked 
|  10|0x00000000c3600000, 0x00000000c3700000, 0x00000000c3700000|100%| O|  |TAMS 0x00000000c3700000, 0x00000000c3600000| Untracked 
|  11|0x00000000c3700000, 0x00000000c3800000, 0x00000000c3800000|100%| O|  |TAMS 0x00000000c3800000, 0x00000000c3700000| Untracked 
|  12|0x00000000c3800000, 0x00000000c3900000, 0x00000000c3900000|100%| O|  |TAMS 0x00000000c3900000, 0x00000000c3800000| Untracked 
|  13|0x00000000c3900000, 0x00000000c3a00000, 0x00000000c3a00000|100%| O|  |TAMS 0x00000000c3a00000, 0x00000000c3900000| Untracked 
|  14|0x00000000c3a00000, 0x00000000c3b00000, 0x00000000c3b00000|100%| O|  |TAMS 0x00000000c3b00000, 0x00000000c3a00000| Untracked 
|  15|0x00000000c3b00000, 0x00000000c3c00000, 0x00000000c3c00000|100%| O|  |TAMS 0x00000000c3c00000, 0x00000000c3b00000| Untracked 
|  16|0x00000000c3c00000, 0x00000000c3d00000, 0x00000000c3d00000|100%| O|  |TAMS 0x00000000c3d00000, 0x00000000c3c00000| Untracked 
|  17|0x00000000c3d00000, 0x00000000c3e00000, 0x00000000c3e00000|100%| O|  |TAMS 0x00000000c3e00000, 0x00000000c3d00000| Untracked 
|  18|0x00000000c3e00000, 0x00000000c3f00000, 0x00000000c3f00000|100%| O|  |TAMS 0x00000000c3f00000, 0x00000000c3e00000| Untracked 
|  19|0x00000000c3f00000, 0x00000000c4000000, 0x00000000c4000000|100%| O|  |TAMS 0x00000000c4000000, 0x00000000c3f00000| Untracked 
|  20|0x00000000c4000000, 0x00000000c4100000, 0x00000000c4100000|100%| O|  |TAMS 0x00000000c4100000, 0x00000000c4000000| Untracked 
|  21|0x00000000c4100000, 0x00000000c4200000, 0x00000000c4200000|100%| O|  |TAMS 0x00000000c4200000, 0x00000000c4100000| Untracked 
|  22|0x00000000c4200000, 0x00000000c4300000, 0x00000000c4300000|100%| O|  |TAMS 0x00000000c42eaa00, 0x00000000c4200000| Untracked 
|  23|0x00000000c4300000, 0x00000000c4400000, 0x00000000c4400000|100%| O|  |TAMS 0x00000000c4400000, 0x00000000c4300000| Untracked 
|  24|0x00000000c4400000, 0x00000000c4400000, 0x00000000c4500000|  0%| F|  |TAMS 0x00000000c4400000, 0x00000000c4400000| Untracked 
|  25|0x00000000c4500000, 0x00000000c4600000, 0x00000000c4600000|100%| O|  |TAMS 0x00000000c4600000, 0x00000000c4500000| Untracked 
|  26|0x00000000c4600000, 0x00000000c4700000, 0x00000000c4700000|100%| O|  |TAMS 0x00000000c4700000, 0x00000000c4600000| Untracked 
|  27|0x00000000c4700000, 0x00000000c4800000, 0x00000000c4800000|100%| O|  |TAMS 0x00000000c4800000, 0x00000000c4700000| Untracked 
|  28|0x00000000c4800000, 0x00000000c48a0800, 0x00000000c4900000| 62%| O|  |TAMS 0x00000000c4800000, 0x00000000c4800000| Untracked 
|  29|0x00000000c4900000, 0x00000000c4900000, 0x00000000c4a00000|  0%| F|  |TAMS 0x00000000c4900000, 0x00000000c4900000| Untracked 
|  30|0x00000000c4a00000, 0x00000000c4b00000, 0x00000000c4b00000|100%| O|  |TAMS 0x00000000c4b00000, 0x00000000c4a00000| Untracked 
|  31|0x00000000c4b00000, 0x00000000c4b00000, 0x00000000c4c00000|  0%| F|  |TAMS 0x00000000c4b00000, 0x00000000c4b00000| Untracked 
|  32|0x00000000c4c00000, 0x00000000c4d00000, 0x00000000c4d00000|100%| O|  |TAMS 0x00000000c4d00000, 0x00000000c4c00000| Untracked 
|  33|0x00000000c4d00000, 0x00000000c4e00000, 0x00000000c4e00000|100%| O|  |TAMS 0x00000000c4e00000, 0x00000000c4d00000| Untracked 
|  34|0x00000000c4e00000, 0x00000000c4e00000, 0x00000000c4f00000|  0%| F|  |TAMS 0x00000000c4e00000, 0x00000000c4e00000| Untracked 
|  35|0x00000000c4f00000, 0x00000000c4f00000, 0x00000000c5000000|  0%| F|  |TAMS 0x00000000c4f00000, 0x00000000c4f00000| Untracked 
|  36|0x00000000c5000000, 0x00000000c5000000, 0x00000000c5100000|  0%| F|  |TAMS 0x00000000c5000000, 0x00000000c5000000| Untracked 
|  37|0x00000000c5100000, 0x00000000c5100000, 0x00000000c5200000|  0%| F|  |TAMS 0x00000000c5100000, 0x00000000c5100000| Untracked 
|  38|0x00000000c5200000, 0x00000000c5300000, 0x00000000c5300000|100%| O|  |TAMS 0x00000000c5300000, 0x00000000c5200000| Untracked 
|  39|0x00000000c5300000, 0x00000000c5300000, 0x00000000c5400000|  0%| F|  |TAMS 0x00000000c5300000, 0x00000000c5300000| Untracked 
|  40|0x00000000c5400000, 0x00000000c5400000, 0x00000000c5500000|  0%| F|  |TAMS 0x00000000c5400000, 0x00000000c5400000| Untracked 
|  41|0x00000000c5500000, 0x00000000c5600000, 0x00000000c5600000|100%| O|  |TAMS 0x00000000c5600000, 0x00000000c5500000| Untracked 
|  42|0x00000000c5600000, 0x00000000c5700000, 0x00000000c5700000|100%| O|  |TAMS 0x00000000c5700000, 0x00000000c5600000| Untracked 
|  43|0x00000000c5700000, 0x00000000c5800000, 0x00000000c5800000|100%| O|  |TAMS 0x00000000c5800000, 0x00000000c5700000| Untracked 
|  44|0x00000000c5800000, 0x00000000c5900000, 0x00000000c5900000|100%| O|  |TAMS 0x00000000c5900000, 0x00000000c5800000| Untracked 
|  45|0x00000000c5900000, 0x00000000c5900000, 0x00000000c5a00000|  0%| F|  |TAMS 0x00000000c5900000, 0x00000000c5900000| Untracked 
|  46|0x00000000c5a00000, 0x00000000c5a00000, 0x00000000c5b00000|  0%| F|  |TAMS 0x00000000c5a00000, 0x00000000c5a00000| Untracked 
|  47|0x00000000c5b00000, 0x00000000c5b00000, 0x00000000c5c00000|  0%| F|  |TAMS 0x00000000c5b00000, 0x00000000c5b00000| Untracked 
|  48|0x00000000c5c00000, 0x00000000c5c00000, 0x00000000c5d00000|  0%| F|  |TAMS 0x00000000c5c00000, 0x00000000c5c00000| Untracked 
|  49|0x00000000c5d00000, 0x00000000c5d00000, 0x00000000c5e00000|  0%| F|  |TAMS 0x00000000c5d00000, 0x00000000c5d00000| Untracked 
|  50|0x00000000c5e00000, 0x00000000c5e00000, 0x00000000c5f00000|  0%| F|  |TAMS 0x00000000c5e00000, 0x00000000c5e00000| Untracked 
|  51|0x00000000c5f00000, 0x00000000c5f00000, 0x00000000c6000000|  0%| F|  |TAMS 0x00000000c5f00000, 0x00000000c5f00000| Untracked 
|  52|0x00000000c6000000, 0x00000000c6000000, 0x00000000c6100000|  0%| F|  |TAMS 0x00000000c6000000, 0x00000000c6000000| Untracked 
|  53|0x00000000c6100000, 0x00000000c6100000, 0x00000000c6200000|  0%| F|  |TAMS 0x00000000c6100000, 0x00000000c6100000| Untracked 
|  54|0x00000000c6200000, 0x00000000c6200000, 0x00000000c6300000|  0%| F|  |TAMS 0x00000000c6200000, 0x00000000c6200000| Untracked 
|  55|0x00000000c6300000, 0x00000000c6300000, 0x00000000c6400000|  0%| F|  |TAMS 0x00000000c6300000, 0x00000000c6300000| Untracked 
|  56|0x00000000c6400000, 0x00000000c6400000, 0x00000000c6500000|  0%| F|  |TAMS 0x00000000c6400000, 0x00000000c6400000| Untracked 
|  57|0x00000000c6500000, 0x00000000c6500000, 0x00000000c6600000|  0%| F|  |TAMS 0x00000000c6500000, 0x00000000c6500000| Untracked 
|  58|0x00000000c6600000, 0x00000000c6628d80, 0x00000000c6700000| 15%| E|  |TAMS 0x00000000c6600000, 0x00000000c6600000| Complete 
|  59|0x00000000c6700000, 0x00000000c6800000, 0x00000000c6800000|100%| E|CS|TAMS 0x00000000c6700000, 0x00000000c6700000| Complete 
|  60|0x00000000c6800000, 0x00000000c6900000, 0x00000000c6900000|100%| E|CS|TAMS 0x00000000c6800000, 0x00000000c6800000| Complete 
|  61|0x00000000c6900000, 0x00000000c6a00000, 0x00000000c6a00000|100%| E|CS|TAMS 0x00000000c6900000, 0x00000000c6900000| Complete 
|  62|0x00000000c6a00000, 0x00000000c6b00000, 0x00000000c6b00000|100%| E|CS|TAMS 0x00000000c6a00000, 0x00000000c6a00000| Complete 
|  63|0x00000000c6b00000, 0x00000000c6c00000, 0x00000000c6c00000|100%| E|CS|TAMS 0x00000000c6b00000, 0x00000000c6b00000| Complete 
|  64|0x00000000c6c00000, 0x00000000c6d00000, 0x00000000c6d00000|100%| E|CS|TAMS 0x00000000c6c00000, 0x00000000c6c00000| Complete 
|  65|0x00000000c6d00000, 0x00000000c6e00000, 0x00000000c6e00000|100%| E|CS|TAMS 0x00000000c6d00000, 0x00000000c6d00000| Complete 
|  66|0x00000000c6e00000, 0x00000000c6f00000, 0x00000000c6f00000|100%| E|CS|TAMS 0x00000000c6e00000, 0x00000000c6e00000| Complete 
|  67|0x00000000c6f00000, 0x00000000c7000000, 0x00000000c7000000|100%| E|CS|TAMS 0x00000000c6f00000, 0x00000000c6f00000| Complete 
|  68|0x00000000c7000000, 0x00000000c7100000, 0x00000000c7100000|100%| E|CS|TAMS 0x00000000c7000000, 0x00000000c7000000| Complete 
|  69|0x00000000c7100000, 0x00000000c7103870, 0x00000000c7200000|  1%| S|CS|TAMS 0x00000000c7100000, 0x00000000c7100000| Complete 
|  70|0x00000000c7200000, 0x00000000c7300000, 0x00000000c7300000|100%| E|CS|TAMS 0x00000000c7200000, 0x00000000c7200000| Complete 
|  71|0x00000000c7300000, 0x00000000c7400000, 0x00000000c7400000|100%| E|CS|TAMS 0x00000000c7300000, 0x00000000c7300000| Complete 

Card table byte_map: [0x00000244cb3f0000,0x00000244cb5e0000] _byte_map_base: 0x00000244cadda000

Marking Bits (Prev, Next): (CMBitMap*) 0x00000244cb6788d0, (CMBitMap*) 0x00000244cb678910
 Prev Bits: [0x00000244e2150000, 0x00000244e30a0000)
 Next Bits: [0x00000244e30a0000, 0x00000244e3ff0000)

Polling page: 0x00000244c94f0000

Metaspace:

Usage:
  Non-class:     72.68 MB used.
      Class:     11.32 MB used.
       Both:     84.00 MB used.

Virtual space:
  Non-class space:      128.00 MB reserved,      72.94 MB ( 57%) committed,  2 nodes.
      Class space:        1.00 GB reserved,      11.62 MB (  1%) committed,  1 nodes.
             Both:        1.12 GB reserved,      84.56 MB (  7%) committed. 

Chunk freelists:
   Non-Class:  2.56 MB
       Class:  394.00 KB
        Both:  2.95 MB

MaxMetaspaceSize: unlimited
CompressedClassSpaceSize: 1.00 GB
Initial GC threshold: 21.00 MB
Current GC threshold: 140.94 MB
CDS: on
MetaspaceReclaimPolicy: balanced
 - commit_granule_bytes: 65536.
 - commit_granule_words: 8192.
 - virtual_space_node_default_size: 8388608.
 - enlarge_chunks_in_place: 1.
 - new_chunks_are_fully_committed: 0.
 - uncommit_free_chunks: 1.
 - use_allocation_guard: 0.


Internal statistics:

num_allocs_failed_limit: 9.
num_arena_births: 1210.
num_arena_deaths: 520.
num_vsnodes_births: 3.
num_vsnodes_deaths: 0.
num_space_committed: 1353.
num_space_uncommitted: 0.
num_chunks_returned_to_freelist: 577.
num_chunks_taken_from_freelist: 4506.
num_chunk_merges: 162.
num_chunk_splits: 2997.
num_chunks_enlarged: 2397.
num_inconsistent_stats: 0.

CodeHeap 'non-profiled nmethods': size=120064Kb used=4774Kb max_used=4774Kb free=115289Kb
 bounds [0x00000244daa20000, 0x00000244daed0000, 0x00000244e1f60000]
CodeHeap 'profiled nmethods': size=120000Kb used=16104Kb max_used=16104Kb free=103895Kb
 bounds [0x00000244d34f0000, 0x00000244d44b0000, 0x00000244daa20000]
CodeHeap 'non-nmethods': size=5696Kb used=1376Kb max_used=1413Kb free=4319Kb
 bounds [0x00000244d2f60000, 0x00000244d31d0000, 0x00000244d34f0000]
 total_blobs=8819 nmethods=8108 adapters=623
 compilation: enabled
              stopped_count=0, restarted_count=0
 full_count=0

Compilation events (20 events):
Event: 21333.699 Thread 0x00000244cb6ee130 nmethod 9729 0x00000244d44a5e90 code [0x00000244d44a6020, 0x00000244d44a6198]
Event: 21333.882 Thread 0x00000244cb6ee130 9730       3       sun.security.x509.X509Key::setKey (44 bytes)
Event: 21333.900 Thread 0x00000244cb6ee130 nmethod 9730 0x00000244d44a6290 code [0x00000244d44a64a0, 0x00000244d44a6d38]
Event: 21334.162 Thread 0x00000244cb6e70a0 9731   !   4       javax.crypto.Cipher::chooseFirstProvider (302 bytes)
Event: 21334.186 Thread 0x00000244cb6e70a0 nmethod 9731 0x00000244daec9290 code [0x00000244daec9400, 0x00000244daec9498]
Event: 21334.227 Thread 0x00000244cb6ee130 9733       3       java.security.SignatureSpi::<init> (10 bytes)
Event: 21334.228 Thread 0x00000244cb6ee130 nmethod 9733 0x00000244d44a6f90 code [0x00000244d44a7120, 0x00000244d44a72b8]
Event: 21334.228 Thread 0x00000244cb6e70a0 9734       4       java.security.MessageDigest::update (45 bytes)
Event: 21334.237 Thread 0x00000244cb6e70a0 nmethod 9734 0x00000244daec9590 code [0x00000244daec9720, 0x00000244daec9818]
Event: 21334.239 Thread 0x00000244cb6ee130 9735   !   3       com.mysql.cj.jdbc.ConnectionImpl::getAutoCommit (37 bytes)
Event: 21334.284 Thread 0x00000244cb6ee130 nmethod 9735 0x00000244d44a7390 code [0x00000244d44a7580, 0x00000244d44a7b48]
Event: 21334.688 Thread 0x00000244cb6e70a0 9736       4       sun.security.ec.ECOperations::setSum (815 bytes)
Event: 21334.697 Thread 0x00000244cb6ee130 9737       3       java.security.cert.CertificateFactory::generateCertificate (9 bytes)
Event: 21334.703 Thread 0x00000244cb6ee130 nmethod 9737 0x00000244d44a7e90 code [0x00000244d44a8040, 0x00000244d44a81a8]
Event: 21334.703 Thread 0x00000244cb6ee130 9738   !   3       sun.security.provider.X509Factory::engineGenerateCertificate (118 bytes)
Event: 21334.720 Thread 0x00000244cb6ee130 nmethod 9738 0x00000244d44a8290 code [0x00000244d44a8620, 0x00000244d44a9aa8]
Event: 21334.720 Thread 0x00000244cb6ee130 9739       3       sun.security.provider.SHA::resetHashes (41 bytes)
Event: 21334.721 Thread 0x00000244cb6ee130 nmethod 9739 0x00000244d44aa390 code [0x00000244d44aa520, 0x00000244d44aa6f8]
Event: 21334.721 Thread 0x00000244cb6ee130 9740   !   3       com.mysql.cj.jdbc.ConnectionImpl::setNetworkTimeout (90 bytes)
Event: 21334.740 Thread 0x00000244cb6ee130 nmethod 9740 0x00000244d44aa810 code [0x00000244d44aaaa0, 0x00000244d44ab578]

GC Heap History (20 events):
Event: 13014.798 GC heap before
{Heap before GC invocations=78 (full 0):
 garbage-first heap   total 73728K, used 39177K [0x00000000c2c00000, 0x0000000100000000)
  region size 1024K, 3 young (3072K), 1 survivors (1024K)
 Metaspace       used 85936K, committed 86528K, reserved 1179648K
  class space    used 11586K, committed 11904K, reserved 1048576K
}
Event: 13014.939 GC heap after
{Heap after GC invocations=79 (full 0):
 garbage-first heap   total 73728K, used 37011K [0x00000000c2c00000, 0x0000000100000000)
  region size 1024K, 1 young (1024K), 1 survivors (1024K)
 Metaspace       used 85936K, committed 86528K, reserved 1179648K
  class space    used 11586K, committed 11904K, reserved 1048576K
}
Event: 13365.116 GC heap before
{Heap before GC invocations=79 (full 0):
 garbage-first heap   total 73728K, used 63635K [0x00000000c2c00000, 0x0000000100000000)
  region size 1024K, 27 young (27648K), 1 survivors (1024K)
 Metaspace       used 85958K, committed 86528K, reserved 1179648K
  class space    used 11587K, committed 11904K, reserved 1048576K
}
Event: 13365.282 GC heap after
{Heap after GC invocations=80 (full 0):
 garbage-first heap   total 73728K, used 37406K [0x00000000c2c00000, 0x0000000100000000)
  region size 1024K, 1 young (1024K), 1 survivors (1024K)
 Metaspace       used 85958K, committed 86528K, reserved 1179648K
  class space    used 11587K, committed 11904K, reserved 1048576K
}
Event: 13894.742 GC heap before
{Heap before GC invocations=81 (full 0):
 garbage-first heap   total 73728K, used 63006K [0x00000000c2c00000, 0x0000000100000000)
  region size 1024K, 26 young (26624K), 1 survivors (1024K)
 Metaspace       used 85961K, committed 86528K, reserved 1179648K
  class space    used 11587K, committed 11904K, reserved 1048576K
}
Event: 13894.809 GC heap after
{Heap after GC invocations=82 (full 0):
 garbage-first heap   total 73728K, used 37438K [0x00000000c2c00000, 0x0000000100000000)
  region size 1024K, 1 young (1024K), 1 survivors (1024K)
 Metaspace       used 85961K, committed 86528K, reserved 1179648K
  class space    used 11587K, committed 11904K, reserved 1048576K
}
Event: 13935.312 GC heap before
{Heap before GC invocations=82 (full 0):
 garbage-first heap   total 73728K, used 39486K [0x00000000c2c00000, 0x0000000100000000)
  region size 1024K, 3 young (3072K), 1 survivors (1024K)
 Metaspace       used 85961K, committed 86528K, reserved 1179648K
  class space    used 11587K, committed 11904K, reserved 1048576K
}
Event: 13935.508 GC heap after
{Heap after GC invocations=83 (full 0):
 garbage-first heap   total 73728K, used 36956K [0x00000000c2c00000, 0x0000000100000000)
  region size 1024K, 1 young (1024K), 1 survivors (1024K)
 Metaspace       used 85961K, committed 86528K, reserved 1179648K
  class space    used 11587K, committed 11904K, reserved 1048576K
}
Event: 14488.271 GC heap before
{Heap before GC invocations=83 (full 0):
 garbage-first heap   total 73728K, used 63580K [0x00000000c2c00000, 0x0000000100000000)
  region size 1024K, 27 young (27648K), 1 survivors (1024K)
 Metaspace       used 85961K, committed 86528K, reserved 1179648K
  class space    used 11587K, committed 11904K, reserved 1048576K
}
Event: 14488.611 GC heap after
{Heap after GC invocations=84 (full 0):
 garbage-first heap   total 73728K, used 36949K [0x00000000c2c00000, 0x0000000100000000)
  region size 1024K, 1 young (1024K), 1 survivors (1024K)
 Metaspace       used 85961K, committed 86528K, reserved 1179648K
  class space    used 11587K, committed 11904K, reserved 1048576K
}
Event: 14836.580 GC heap before
{Heap before GC invocations=85 (full 0):
 garbage-first heap   total 73728K, used 63573K [0x00000000c2c00000, 0x0000000100000000)
  region size 1024K, 27 young (27648K), 1 survivors (1024K)
 Metaspace       used 85981K, committed 86592K, reserved 1179648K
  class space    used 11587K, committed 11904K, reserved 1048576K
}
Event: 14836.686 GC heap after
{Heap after GC invocations=86 (full 0):
 garbage-first heap   total 73728K, used 37308K [0x00000000c2c00000, 0x0000000100000000)
  region size 1024K, 1 young (1024K), 1 survivors (1024K)
 Metaspace       used 85981K, committed 86592K, reserved 1179648K
  class space    used 11587K, committed 11904K, reserved 1048576K
}
Event: 14881.878 GC heap before
{Heap before GC invocations=86 (full 0):
 garbage-first heap   total 73728K, used 39356K [0x00000000c2c00000, 0x0000000100000000)
  region size 1024K, 3 young (3072K), 1 survivors (1024K)
 Metaspace       used 85985K, committed 86592K, reserved 1179648K
  class space    used 11587K, committed 11904K, reserved 1048576K
}
Event: 14882.218 GC heap after
{Heap after GC invocations=87 (full 0):
 garbage-first heap   total 73728K, used 36911K [0x00000000c2c00000, 0x0000000100000000)
  region size 1024K, 1 young (1024K), 1 survivors (1024K)
 Metaspace       used 85985K, committed 86592K, reserved 1179648K
  class space    used 11587K, committed 11904K, reserved 1048576K
}
Event: 15424.928 GC heap before
{Heap before GC invocations=87 (full 0):
 garbage-first heap   total 73728K, used 62511K [0x00000000c2c00000, 0x0000000100000000)
  region size 1024K, 26 young (26624K), 1 survivors (1024K)
 Metaspace       used 85991K, committed 86592K, reserved 1179648K
  class space    used 11587K, committed 11904K, reserved 1048576K
}
Event: 15425.066 GC heap after
{Heap after GC invocations=88 (full 0):
 garbage-first heap   total 73728K, used 36813K [0x00000000c2c00000, 0x0000000100000000)
  region size 1024K, 1 young (1024K), 1 survivors (1024K)
 Metaspace       used 85991K, committed 86592K, reserved 1179648K
  class space    used 11587K, committed 11904K, reserved 1048576K
}
Event: 16018.080 GC heap before
{Heap before GC invocations=89 (full 0):
 garbage-first heap   total 73728K, used 63437K [0x00000000c2c00000, 0x0000000100000000)
  region size 1024K, 27 young (27648K), 1 survivors (1024K)
 Metaspace       used 85991K, committed 86592K, reserved 1179648K
  class space    used 11587K, committed 11904K, reserved 1048576K
}
Event: 16018.183 GC heap after
{Heap after GC invocations=90 (full 0):
 garbage-first heap   total 73728K, used 36789K [0x00000000c2c00000, 0x0000000100000000)
  region size 1024K, 1 young (1024K), 1 survivors (1024K)
 Metaspace       used 85991K, committed 86592K, reserved 1179648K
  class space    used 11587K, committed 11904K, reserved 1048576K
}
Event: 16076.499 GC heap before
{Heap before GC invocations=90 (full 0):
 garbage-first heap   total 73728K, used 38837K [0x00000000c2c00000, 0x0000000100000000)
  region size 1024K, 3 young (3072K), 1 survivors (1024K)
 Metaspace       used 85991K, committed 86592K, reserved 1179648K
  class space    used 11587K, committed 11904K, reserved 1048576K
}
Event: 16076.743 GC heap after
{Heap after GC invocations=91 (full 0):
 garbage-first heap   total 73728K, used 36496K [0x00000000c2c00000, 0x0000000100000000)
  region size 1024K, 1 young (1024K), 1 survivors (1024K)
 Metaspace       used 85991K, committed 86592K, reserved 1179648K
  class space    used 11587K, committed 11904K, reserved 1048576K
}

Deoptimization events (20 events):
Event: 11398.800 Thread 0x00000244eb7f18a0 DEOPT PACKING pc=0x00000244dad3d798 sp=0x000000634d7ff020
Event: 11398.800 Thread 0x00000244eb7f18a0 DEOPT UNPACKING pc=0x00000244d2fb239d sp=0x000000634d7feff0 mode 2
Event: 14811.812 Thread 0x00000244eb2f8f20 DEOPT PACKING pc=0x00000244d3cde750 sp=0x000000634befd970
Event: 14811.814 Thread 0x00000244eb2f8f20 DEOPT UNPACKING pc=0x00000244d2fb2b24 sp=0x000000634befcdd0 mode 0
Event: 14812.120 Thread 0x00000244eb2f8f20 Uncommon trap: trap_request=0xffffffbe fr.pc=0x00000244daec1a10 relative=0x00000000000002f0
Event: 14812.120 Thread 0x00000244eb2f8f20 Uncommon trap: reason=profile_predicate action=maybe_recompile pc=0x00000244daec1a10 method=sun.security.provider.HashDrbg.addBytes([BI[[B)V @ 36 c2
Event: 14812.120 Thread 0x00000244eb2f8f20 DEOPT PACKING pc=0x00000244daec1a10 sp=0x000000634befdb90
Event: 14812.120 Thread 0x00000244eb2f8f20 DEOPT UNPACKING pc=0x00000244d2fb239d sp=0x000000634befdae0 mode 2
Event: 14812.121 Thread 0x00000244eb2f8f20 Uncommon trap: trap_request=0xffffffbe fr.pc=0x00000244daec1a10 relative=0x00000000000002f0
Event: 14812.121 Thread 0x00000244eb2f8f20 Uncommon trap: reason=profile_predicate action=maybe_recompile pc=0x00000244daec1a10 method=sun.security.provider.HashDrbg.addBytes([BI[[B)V @ 36 c2
Event: 14812.121 Thread 0x00000244eb2f8f20 DEOPT PACKING pc=0x00000244daec1a10 sp=0x000000634befdf60
Event: 14812.121 Thread 0x00000244eb2f8f20 DEOPT UNPACKING pc=0x00000244d2fb239d sp=0x000000634befdeb0 mode 2
Event: 14812.127 Thread 0x00000244eb2f8f20 Uncommon trap: trap_request=0xffffffbe fr.pc=0x00000244daec1a10 relative=0x00000000000002f0
Event: 14812.127 Thread 0x00000244eb2f8f20 Uncommon trap: reason=profile_predicate action=maybe_recompile pc=0x00000244daec1a10 method=sun.security.provider.HashDrbg.addBytes([BI[[B)V @ 36 c2
Event: 14812.127 Thread 0x00000244eb2f8f20 DEOPT PACKING pc=0x00000244daec1a10 sp=0x000000634befdeb0
Event: 14812.128 Thread 0x00000244eb2f8f20 DEOPT UNPACKING pc=0x00000244d2fb239d sp=0x000000634befde00 mode 2
Event: 14812.128 Thread 0x00000244eb2f8f20 Uncommon trap: trap_request=0xffffffbe fr.pc=0x00000244daec1a10 relative=0x00000000000002f0
Event: 14812.128 Thread 0x00000244eb2f8f20 Uncommon trap: reason=profile_predicate action=maybe_recompile pc=0x00000244daec1a10 method=sun.security.provider.HashDrbg.addBytes([BI[[B)V @ 36 c2
Event: 14812.128 Thread 0x00000244eb2f8f20 DEOPT PACKING pc=0x00000244daec1a10 sp=0x000000634befdea0
Event: 14812.129 Thread 0x00000244eb2f8f20 DEOPT UNPACKING pc=0x00000244d2fb239d sp=0x000000634befddf0 mode 2

Classes loaded (20 events):
Event: 1240.819 Loading class java/time/format/DateTimeFormatterBuilder$ReducedPrinterParser
Event: 1240.820 Loading class java/time/format/DateTimeFormatterBuilder$ReducedPrinterParser done
Event: 1241.341 Loading class java/util/ArrayDeque$DescendingIterator
Event: 1241.342 Loading class java/util/ArrayDeque$DescendingIterator done
Event: 1241.787 Loading class java/util/AbstractMap$SimpleEntry
Event: 1241.787 Loading class java/util/AbstractMap$SimpleEntry done
Event: 1344.004 Loading class org/w3c/dom/Node
Event: 1344.041 Loading class org/w3c/dom/Node done
Event: 1344.041 Loading class org/w3c/dom/Document
Event: 1344.043 Loading class org/w3c/dom/Document done
Event: 1346.402 Loading class com/sun/crypto/provider/HmacCore$HmacSHA256
Event: 1346.405 Loading class com/sun/crypto/provider/HmacCore$HmacSHA256 done
Event: 1790.006 Loading class sun/security/ssl/Alert
Event: 1790.151 Loading class sun/security/ssl/Alert done
Event: 1790.157 Loading class sun/security/ssl/Alert$AlertConsumer
Event: 1790.190 Loading class sun/security/ssl/Alert$AlertConsumer done
Event: 1790.191 Loading class sun/security/ssl/Alert$Level
Event: 1790.191 Loading class sun/security/ssl/Alert$Level done
Event: 1790.194 Loading class sun/net/ConnectionResetException
Event: 1790.201 Loading class sun/net/ConnectionResetException done

Classes unloaded (20 events):
Event: 2304.019 Thread 0x00000244cb6c6300 Unloading class 0x0000000801541400 'java/lang/invoke/LambdaForm$MH+0x0000000801541400'
Event: 2304.020 Thread 0x00000244cb6c6300 Unloading class 0x0000000801564c00 'java/lang/invoke/LambdaForm$MH+0x0000000801564c00'
Event: 2304.020 Thread 0x00000244cb6c6300 Unloading class 0x0000000801565000 'java/lang/invoke/LambdaForm$MH+0x0000000801565000'
Event: 2304.020 Thread 0x00000244cb6c6300 Unloading class 0x0000000801585400 'java/lang/invoke/LambdaForm$MH+0x0000000801585400'
Event: 2304.020 Thread 0x00000244cb6c6300 Unloading class 0x000000080158cc00 'java/lang/invoke/LambdaForm$MH+0x000000080158cc00'
Event: 2304.020 Thread 0x00000244cb6c6300 Unloading class 0x000000080158d400 'java/lang/invoke/LambdaForm$MH+0x000000080158d400'
Event: 2304.020 Thread 0x00000244cb6c6300 Unloading class 0x000000080158d800 'java/lang/invoke/LambdaForm$MH+0x000000080158d800'
Event: 2304.020 Thread 0x00000244cb6c6300 Unloading class 0x000000080164c000 'java/lang/invoke/LambdaForm$MH+0x000000080164c000'
Event: 2304.020 Thread 0x00000244cb6c6300 Unloading class 0x000000080164cc00 'java/lang/invoke/LambdaForm$MH+0x000000080164cc00'
Event: 2304.020 Thread 0x00000244cb6c6300 Unloading class 0x000000080164e000 'java/lang/invoke/LambdaForm$MH+0x000000080164e000'
Event: 2304.020 Thread 0x00000244cb6c6300 Unloading class 0x000000080164e800 'java/lang/invoke/LambdaForm$MH+0x000000080164e800'
Event: 2304.020 Thread 0x00000244cb6c6300 Unloading class 0x0000000801660800 'java/lang/invoke/LambdaForm$MH+0x0000000801660800'
Event: 2304.020 Thread 0x00000244cb6c6300 Unloading class 0x0000000801684800 'java/lang/invoke/LambdaForm$MH+0x0000000801684800'
Event: 2304.021 Thread 0x00000244cb6c6300 Unloading class 0x0000000801688400 'java/lang/invoke/LambdaForm$MH+0x0000000801688400'
Event: 2304.021 Thread 0x00000244cb6c6300 Unloading class 0x00000008016a8800 'java/lang/invoke/LambdaForm$MH+0x00000008016a8800'
Event: 2304.021 Thread 0x00000244cb6c6300 Unloading class 0x00000008016a9000 'java/lang/invoke/LambdaForm$MH+0x00000008016a9000'
Event: 2304.021 Thread 0x00000244cb6c6300 Unloading class 0x00000008016aa400 'java/lang/invoke/LambdaForm$MH+0x00000008016aa400'
Event: 5262.319 Thread 0x00000244cb6c6300 Unloading class 0x00000008017a4000 'java/lang/invoke/LambdaForm$MH+0x00000008017a4000'
Event: 11397.570 Thread 0x00000244cb6c6300 Unloading class 0x00000008017a4000 'java/lang/invoke/LambdaForm$MH+0x00000008017a4000'
Event: 14490.153 Thread 0x00000244cb6c6300 Unloading class 0x0000000800c89400 'java/lang/invoke/LambdaForm$MH+0x0000000800c89400'

Classes redefined (0 events):
No events

Internal exceptions (20 events):
Event: 5407.761 Thread 0x00000244eb7f30b0 Implicit null exception at 0x00000244dae60e15 to 0x00000244dae610a8
Event: 5408.080 Thread 0x00000244eb7f30b0 Implicit null exception at 0x00000244dae60e15 to 0x00000244dae610a8
Event: 5409.070 Thread 0x00000244eb7f3580 Implicit null exception at 0x00000244dae60e15 to 0x00000244dae610a8
Event: 5410.066 Thread 0x00000244eb7f3580 Implicit null exception at 0x00000244dae60e15 to 0x00000244dae610a8
Event: 7090.798 Thread 0x00000244eb7f2710 Exception <a 'java/io/IOException'{0x00000000c5a26a60}> (0x00000000c5a26a60) 
thrown [s\open\src\hotspot\share\prims\jni.cpp, line 516]
Event: 7090.879 Thread 0x00000244eb7f2710 Exception <a 'java/io/IOException'{0x00000000c5a27598}> (0x00000000c5a27598) 
thrown [s\open\src\hotspot\share\prims\jni.cpp, line 516]
Event: 7128.957 Thread 0x00000244eb7f2be0 Exception <a 'java/net/SocketException'{0x00000000c7205af8}: Connection reset by peer: shutdown> (0x00000000c7205af8) 
thrown [s\open\src\hotspot\share\prims\jni.cpp, line 535]
Event: 11249.350 Thread 0x00000244eb7f2be0 Exception <a 'java/net/SocketException'{0x00000000c6b9e6c0}: Connection reset by peer: shutdown> (0x00000000c6b9e6c0) 
thrown [s\open\src\hotspot\share\prims\jni.cpp, line 535]
Event: 11249.789 Thread 0x00000244eb7f2be0 Exception <a 'java/io/IOException'{0x00000000c6ba72f0}> (0x00000000c6ba72f0) 
thrown [s\open\src\hotspot\share\prims\jni.cpp, line 516]
Event: 11249.846 Thread 0x00000244eb7f2be0 Exception <a 'java/io/IOException'{0x00000000c6ba7e28}> (0x00000000c6ba7e28) 
thrown [s\open\src\hotspot\share\prims\jni.cpp, line 516]
Event: 11398.752 Thread 0x00000244eb7f18a0 Implicit null exception at 0x00000244dae6a41e to 0x00000244dae6abd8
Event: 11398.800 Thread 0x00000244eb7f18a0 Implicit null exception at 0x00000244dad3d367 to 0x00000244dad3d788
Event: 13014.158 Thread 0x00000244eb2f5a30 Exception <a 'java/io/IOException'{0x00000000c5b73598}> (0x00000000c5b73598) 
thrown [s\open\src\hotspot\share\prims\jni.cpp, line 516]
Event: 13014.167 Thread 0x00000244eb2f5a30 Exception <a 'java/io/IOException'{0x00000000c5b740d0}> (0x00000000c5b740d0) 
thrown [s\open\src\hotspot\share\prims\jni.cpp, line 516]
Event: 14778.640 Thread 0x00000244eb2fc8e0 Exception <a 'java/io/IOException'{0x00000000c68f6a58}> (0x00000000c68f6a58) 
thrown [s\open\src\hotspot\share\prims\jni.cpp, line 516]
Event: 14778.651 Thread 0x00000244eb2fc8e0 Exception <a 'java/io/IOException'{0x00000000c68f7590}> (0x00000000c68f7590) 
thrown [s\open\src\hotspot\share\prims\jni.cpp, line 516]
Event: 14791.339 Thread 0x00000244eb2f6d70 Exception <a 'java/io/IOException'{0x00000000c63eaf38}> (0x00000000c63eaf38) 
thrown [s\open\src\hotspot\share\prims\jni.cpp, line 516]
Event: 14791.344 Thread 0x00000244eb2f6d70 Exception <a 'java/io/IOException'{0x00000000c63eba70}> (0x00000000c63eba70) 
thrown [s\open\src\hotspot\share\prims\jni.cpp, line 516]
Event: 21329.080 Thread 0x00000244eb2fb5a0 Exception <a 'java/io/IOException'{0x00000000c6c5aa60}> (0x00000000c6c5aa60) 
thrown [s\open\src\hotspot\share\prims\jni.cpp, line 516]
Event: 21329.254 Thread 0x00000244eb2fb5a0 Exception <a 'java/io/IOException'{0x00000000c6c5b598}> (0x00000000c6c5b598) 
thrown [s\open\src\hotspot\share\prims\jni.cpp, line 516]

VM Operations (20 events):
Event: 14879.045 Executing VM operation: G1CollectForAllocation
Event: 14882.905 Executing VM operation: G1CollectForAllocation done
Event: 14883.909 Executing VM operation: Cleanup
Event: 14883.909 Executing VM operation: Cleanup done
Event: 15005.861 Executing VM operation: Cleanup
Event: 15005.866 Executing VM operation: Cleanup done
Event: 15424.922 Executing VM operation: G1CollectForAllocation
Event: 15425.091 Executing VM operation: G1CollectForAllocation done
Event: 15425.877 Executing VM operation: G1Concurrent
Event: 15426.227 Executing VM operation: G1Concurrent done
Event: 15426.326 Executing VM operation: G1Concurrent
Event: 15426.326 Executing VM operation: G1Concurrent done
Event: 16018.067 Executing VM operation: G1CollectForAllocation
Event: 16018.184 Executing VM operation: G1CollectForAllocation done
Event: 16076.455 Executing VM operation: G1CollectForAllocation
Event: 16076.743 Executing VM operation: G1CollectForAllocation done
Event: 21331.874 Executing VM operation: Cleanup
Event: 21331.928 Executing VM operation: Cleanup done
Event: 21334.959 Executing VM operation: Cleanup
Event: 21334.959 Executing VM operation: Cleanup done

Events (20 events):
Event: 14787.149 Thread 0x00000244eb2fc8e0 Thread exited: 0x00000244eb2fc8e0
Event: 14791.295 Thread 0x00000244eb2f6d70 Thread added: 0x00000244eb2f6d70
Event: 14791.296 Thread 0x00000244eb2fa730 Thread added: 0x00000244eb2fa730
Event: 14800.924 Thread 0x00000244eb2f6d70 Thread exited: 0x00000244eb2f6d70
Event: 14800.971 Thread 0x00000244eb2fa730 Thread exited: 0x00000244eb2fa730
Event: 14811.739 Thread 0x00000244eb2f68a0 Thread added: 0x00000244eb2f68a0
Event: 14811.739 Thread 0x00000244eb2f8f20 Thread added: 0x00000244eb2f8f20
Event: 14817.121 Thread 0x00000244eb2f68a0 Thread exited: 0x00000244eb2f68a0
Event: 14817.219 Thread 0x00000244eb2f8f20 Thread exited: 0x00000244eb2f8f20
Event: 14826.827 Thread 0x00000244eb2fa730 Thread added: 0x00000244eb2fa730
Event: 14826.827 Thread 0x00000244eb2fc8e0 Thread added: 0x00000244eb2fc8e0
Event: 14831.913 Thread 0x00000244eb2fa730 Thread exited: 0x00000244eb2fa730
Event: 14832.040 Thread 0x00000244eb2fc8e0 Thread exited: 0x00000244eb2fc8e0
Event: 14834.081 Thread 0x00000244eb2fc410 Thread added: 0x00000244eb2fc410
Event: 14834.081 Thread 0x00000244eb2fc8e0 Thread added: 0x00000244eb2fc8e0
Event: 14839.094 Thread 0x00000244eb2fc410 Thread exited: 0x00000244eb2fc410
Event: 14839.138 Thread 0x00000244eb2fc8e0 Thread exited: 0x00000244eb2fc8e0
Event: 21328.675 Thread 0x00000244eb2fb5a0 Thread added: 0x00000244eb2fb5a0
Event: 21328.845 Thread 0x00000244eb2fb0d0 Thread added: 0x00000244eb2fb0d0
Event: 21334.369 Thread 0x00000244eb2fb5a0 Thread exited: 0x00000244eb2fb5a0


Dynamic libraries:
0x00007ff691360000 - 0x00007ff69136e000 	C:\Users\felip\.jdks\openjdk-18.0.2.1\bin\java.exe
0x00007ffda06a0000 - 0x00007ffda08a9000 	C:\Windows\SYSTEM32\ntdll.dll
0x00007ffd9eed0000 - 0x00007ffd9ef8e000 	C:\Windows\System32\KERNEL32.DLL
0x00007ffd9e140000 - 0x00007ffd9e4c4000 	C:\Windows\System32\KERNELBASE.dll
0x00007ffd9e020000 - 0x00007ffd9e131000 	C:\Windows\System32\ucrtbase.dll
0x00007ffd9b700000 - 0x00007ffd9b717000 	C:\Users\felip\.jdks\openjdk-18.0.2.1\bin\jli.dll
0x00007ffd9a740000 - 0x00007ffd9a75a000 	C:\Users\felip\.jdks\openjdk-18.0.2.1\bin\VCRUNTIME140.dll
0x00007ffd9e6c0000 - 0x00007ffd9e86d000 	C:\Windows\System32\USER32.dll
0x00007ffd9e4d0000 - 0x00007ffd9e4f6000 	C:\Windows\System32\win32u.dll
0x00007ffda04b0000 - 0x00007ffda04da000 	C:\Windows\System32\GDI32.dll
0x00007ffd9db40000 - 0x00007ffd9dc5f000 	C:\Windows\System32\gdi32full.dll
0x00007ffd9dda0000 - 0x00007ffd9de3d000 	C:\Windows\System32\msvcp_win.dll
0x00007ffd89da0000 - 0x00007ffd8a045000 	C:\Windows\WinSxS\amd64_microsoft.windows.common-controls_6595b64144ccf1df_6.0.22000.120_none_9d947278b86cc467\COMCTL32.dll
0x00007ffd9f0b0000 - 0x00007ffd9f153000 	C:\Windows\System32\msvcrt.dll
0x00007ffd9fb10000 - 0x00007ffd9fb41000 	C:\Windows\System32\IMM32.DLL
0x00007ffd976e0000 - 0x00007ffd976ec000 	C:\Users\felip\.jdks\openjdk-18.0.2.1\bin\vcruntime140_1.dll
0x00007ffd6acd0000 - 0x00007ffd6ad5d000 	C:\Users\felip\.jdks\openjdk-18.0.2.1\bin\msvcp140.dll
0x00007ffd3aae0000 - 0x00007ffd3b6f1000 	C:\Users\felip\.jdks\openjdk-18.0.2.1\bin\server\jvm.dll
0x00007ffd9fd60000 - 0x00007ffd9fe0f000 	C:\Windows\System32\ADVAPI32.dll
0x00007ffda04e0000 - 0x00007ffda057e000 	C:\Windows\System32\sechost.dll
0x00007ffd9f160000 - 0x00007ffd9f281000 	C:\Windows\System32\RPCRT4.dll
0x00007ffd9ef90000 - 0x00007ffd9ef98000 	C:\Windows\System32\PSAPI.DLL
0x00007ffd6b770000 - 0x00007ffd6b779000 	C:\Windows\SYSTEM32\WSOCK32.dll
0x00007ffd9fb50000 - 0x00007ffd9fbbf000 	C:\Windows\System32\WS2_32.dll
0x00007ffd969c0000 - 0x00007ffd969f3000 	C:\Windows\SYSTEM32\WINMM.dll
0x00007ffd9b800000 - 0x00007ffd9b80a000 	C:\Windows\SYSTEM32\VERSION.dll
0x00007ffd9cb70000 - 0x00007ffd9cb88000 	C:\Windows\SYSTEM32\kernel.appcore.dll
0x00007ffd96a00000 - 0x00007ffd96a0a000 	C:\Users\felip\.jdks\openjdk-18.0.2.1\bin\jimage.dll
0x00007ffd9ad10000 - 0x00007ffd9af31000 	C:\Windows\SYSTEM32\DBGHELP.DLL
0x00007ffd83100000 - 0x00007ffd83131000 	C:\Windows\SYSTEM32\dbgcore.DLL
0x00007ffd9dc60000 - 0x00007ffd9dcdf000 	C:\Windows\System32\bcryptPrimitives.dll
0x00007ffd98f30000 - 0x00007ffd98f3e000 	C:\Users\felip\.jdks\openjdk-18.0.2.1\bin\instrument.dll
0x00007ffd6adf0000 - 0x00007ffd6ae15000 	C:\Users\felip\.jdks\openjdk-18.0.2.1\bin\java.dll
0x00007ffd6abf0000 - 0x00007ffd6acc6000 	C:\Users\felip\.jdks\openjdk-18.0.2.1\bin\jsvml.dll
0x00007ffd9f300000 - 0x00007ffd9fac5000 	C:\Windows\System32\SHELL32.dll
0x00007ffd9bbd0000 - 0x00007ffd9c434000 	C:\Windows\SYSTEM32\windows.storage.dll
0x00007ffd9eae0000 - 0x00007ffd9ee56000 	C:\Windows\System32\combase.dll
0x00007ffd9ba60000 - 0x00007ffd9bbc7000 	C:\Windows\SYSTEM32\wintypes.dll
0x00007ffd9e970000 - 0x00007ffd9ea5a000 	C:\Windows\System32\SHCORE.dll
0x00007ffd9e900000 - 0x00007ffd9e95d000 	C:\Windows\System32\shlwapi.dll
0x00007ffd9da70000 - 0x00007ffd9da91000 	C:\Windows\SYSTEM32\profapi.dll
0x00007ffd6ba20000 - 0x00007ffd6ba38000 	C:\Users\felip\.jdks\openjdk-18.0.2.1\bin\zip.dll
0x00007ffd6ada0000 - 0x00007ffd6adb3000 	C:\Users\felip\.jdks\openjdk-18.0.2.1\bin\net.dll
0x00007ffd95680000 - 0x00007ffd95793000 	C:\Windows\SYSTEM32\WINHTTP.dll
0x00007ffd9d010000 - 0x00007ffd9d077000 	C:\Windows\system32\mswsock.dll
0x00007ffd6ad80000 - 0x00007ffd6ad96000 	C:\Users\felip\.jdks\openjdk-18.0.2.1\bin\nio.dll
0x00007ffd882d0000 - 0x00007ffd882ea000 	C:\Program Files\JetBrains\IntelliJ IDEA Community Edition 2022.2.1\bin\breakgen64.dll
0x00007ffd87ab0000 - 0x00007ffd87ab9000 	C:\Users\felip\.jdks\openjdk-18.0.2.1\bin\management.dll
0x00007ffd7ff50000 - 0x00007ffd7ff5b000 	C:\Users\felip\.jdks\openjdk-18.0.2.1\bin\management_ext.dll
0x00007ffd7ff20000 - 0x00007ffd7ff30000 	C:\Users\felip\.jdks\openjdk-18.0.2.1\bin\verify.dll
0x00007ffd9d2e0000 - 0x00007ffd9d2f8000 	C:\Windows\SYSTEM32\CRYPTSP.dll
0x00007ffd9cad0000 - 0x00007ffd9cb05000 	C:\Windows\system32\rsaenh.dll
0x00007ffd9d0b0000 - 0x00007ffd9d0d9000 	C:\Windows\SYSTEM32\USERENV.dll
0x00007ffd9d4a0000 - 0x00007ffd9d4c7000 	C:\Windows\SYSTEM32\bcrypt.dll
0x00007ffd9d200000 - 0x00007ffd9d20c000 	C:\Windows\SYSTEM32\CRYPTBASE.dll
0x00007ffd9c6d0000 - 0x00007ffd9c6fd000 	C:\Windows\SYSTEM32\IPHLPAPI.DLL
0x00007ffd9f0a0000 - 0x00007ffd9f0a9000 	C:\Windows\System32\NSI.dll
0x00007ffd95660000 - 0x00007ffd95679000 	C:\Windows\SYSTEM32\dhcpcsvc6.DLL
0x00007ffd973b0000 - 0x00007ffd973ce000 	C:\Windows\SYSTEM32\dhcpcsvc.DLL
0x00007ffd9c700000 - 0x00007ffd9c7e7000 	C:\Windows\SYSTEM32\DNSAPI.dll
0x00007ffd7ff30000 - 0x00007ffd7ff3e000 	C:\Users\felip\.jdks\openjdk-18.0.2.1\bin\sunmscapi.dll
0x00007ffd9de40000 - 0x00007ffd9dfaa000 	C:\Windows\System32\CRYPT32.dll
0x00007ffd9d470000 - 0x00007ffd9d49a000 	C:\Windows\SYSTEM32\ncrypt.dll
0x00007ffd9d430000 - 0x00007ffd9d467000 	C:\Windows\SYSTEM32\NTASN1.dll
0x00007ffd8aca0000 - 0x00007ffd8acaa000 	C:\Windows\System32\rasadhlp.dll
0x00007ffd8fba0000 - 0x00007ffd8fc22000 	C:\Windows\System32\fwpuclnt.dll

dbghelp: loaded successfully - version: 4.0.5 - missing functions: none
symbol engine: initialized successfully - sym options: 0x614 - pdb path: .;C:\Users\felip\.jdks\openjdk-18.0.2.1\bin;C:\Windows\SYSTEM32;C:\Windows\WinSxS\amd64_microsoft.windows.common-controls_6595b64144ccf1df_6.0.22000.120_none_9d947278b86cc467;C:\Users\felip\.jdks\openjdk-18.0.2.1\bin\server;C:\Program Files\JetBrains\IntelliJ IDEA Community Edition 2022.2.1\bin

VM Arguments:
jvm_args: -javaagent:C:\Program Files\JetBrains\IntelliJ IDEA Community Edition 2022.2.1\lib\idea_rt.jar=49745:C:\Program Files\JetBrains\IntelliJ IDEA Community Edition 2022.2.1\bin -Dfile.encoding=UTF-8 -Dsun.stdout.encoding=UTF-8 -Dsun.stderr.encoding=UTF-8 
java_command: com.registration.registration.RegistrationApplication
java_class_path (initial): C:\Users\felip\Downloads\Projetos finais\idiota\registration\registration\target\classes;C:\Users\felip\.m2\repository\org\springframework\boot\spring-boot-starter-websocket\3.0.4\spring-boot-starter-websocket-3.0.4.jar;C:\Users\felip\.m2\repository\org\springframework\spring-messaging\6.0.6\spring-messaging-6.0.6.jar;C:\Users\felip\.m2\repository\org\springframework\spring-beans\6.0.6\spring-beans-6.0.6.jar;C:\Users\felip\.m2\repository\org\springframework\spring-websocket\6.0.6\spring-websocket-6.0.6.jar;C:\Users\felip\.m2\repository\org\springframework\boot\spring-boot-starter-webflux\3.0.4\spring-boot-starter-webflux-3.0.4.jar;C:\Users\felip\.m2\repository\org\springframework\boot\spring-boot-starter\3.0.4\spring-boot-starter-3.0.4.jar;C:\Users\felip\.m2\repository\org\springframework\boot\spring-boot-starter-logging\3.0.4\spring-boot-starter-logging-3.0.4.jar;C:\Users\felip\.m2\repository\ch\qos\logback\logback-classic\1.4.5\logback-classic-1.4.5.jar;C:\Users\felip\.m2\repository\ch\qos\logback\logback-core\1.4.5\logback-core-1.4.5.jar;C:\Users\felip\.m2\repository\org\apache\logging\log4j\log4j-to-slf4j\2.19.0\log4j-to-slf4j-2.19.0.jar;C:\Users\felip\.m2\repository\org\slf4j\jul-to-slf4j\2.0.6\jul-to-slf4j-2.0.6.jar;C:\Users\felip\.m2\repository\jakarta\annotation\jakarta.annotation-api\2.1.1\jakarta.annotation-api-2.1.1.jar;C:\Users\felip\.m2\repository\org\yaml\snakeyaml\1.33\snakeyaml-1.33.jar;C:\Users\felip\.m2\repository\org\springframework\boot\spring-boot-starter-json\3.0.4\spring-boot-starter-json-3.0.4.jar;C:\Users\felip\.m2\repository\com\fasterxml\jackson\datatype\jackson-datatype-jdk8\2.14.2\jackson-datatype-jdk8-2.14.2.jar;C:\Users\felip\.m2\repository\com\fasterxml\jackson\datatype\jackson-datatype-jsr310\2.14.2\jackson-datatype-jsr310-2.14.2.jar;C:\Users\felip\.m2\repository\com\fasterxml\jackson\module\jackson-module-parameter-names\2.14.2\jackson-module-parameter-names-2.14.2.jar;C:\Users\felip\.m2\repository\org\springframework\boot\spring-boot-starter-reactor-netty\3.0.4\spring-boot-starter-reactor-netty-3.0.4.jar;C:\Users\felip\.m2\repository\io\projectreactor\netty\reactor-netty-http\1.1.4\reactor-netty-http-1.1.4.jar;C:\Users\felip\.m2\repository\io\netty\netty-codec-http\4.1.89.Final\netty-codec-http-4.1.89.Final.jar;C:\Users\felip\.m2\repository\io\netty\netty-common\4.1.89.Final\netty-common-4.1.89.Final.jar;C:\Users\felip\.m2\repository\io\netty\netty-buffer\4.1.89.Final\netty-buffer-4.1.89.Final.jar;C:\Users\felip\.m2\repository\io\netty\netty-transport\4.1.89.Final\netty-transport-4.1.89.Final.jar;C:\Users\felip\.m2\repository\io\netty\netty-codec\4.1.89.Final\netty-codec-4.1.89.Final.jar;C:\Users\felip\.m2\repository\io\netty\netty-handler\4.1.89.Final\netty-handler-4.1.89.Final.jar;C:\Users\felip\.m2\repository\io\netty\netty-codec-http2\4.1.89.Final\netty-codec-http2-4.1.89.Final.jar;C:\Users\felip\.m2\repository\io\netty\netty-resolver-dns\4.1.89.Final\netty-resolver-dns-4.1.89.Final.jar;C:\Users\felip\.m2\repository\io\netty\netty-resolver\4.1.89.Final\netty-resolver-4.1.89.Final.jar;C:\Users\felip\.m2\repository\io\netty\netty-codec-dns\4.1.89.Final\netty-codec-dns-4.1.89.Final.jar;C:\Users\felip\.m2\repository\io\netty\netty-resolver-dns-native-macos\4.1.89.Final\netty-resolver-dns-native-macos-4.1.89.Final-osx-x86_64.jar;C:\Users\felip\.m2\repository\io\netty\netty-resolver-dns-classes-macos\4.1.89.Final\netty-resolver-dns-classes-macos-4.1.89.Final.jar;C:\Users\felip\.m2\repository\io\netty\netty-transport-native-epoll\4.1.89.Final\netty-transport-native-epoll-4.1.89.Final-linux-x86_64.jar;C:\Users\felip\.m2\repository\io\netty\netty-transport-native-unix-common\4.1.89.Final\netty-transport-native-unix-common-4.1.89.Final.jar;C:\Users\felip\.m2\repository\io\netty\netty-transport-classes-epoll\4.1.89.Final\netty-transport-classes-epoll-4.1.89.Final.jar;C:\Users\felip\.m2\repository\io\projectreactor\netty\reactor-netty-core\1.1.4\reactor-netty-core-1.1.4.jar;C:\Users\felip\.m2\repository\io\netty\netty-handler-proxy\4.1.89.Final\netty-handler-proxy-4.1.89.Final.jar;C:\Users\felip\.m2\repository\io\netty\netty-codec-socks\4.1.89.Final\netty-codec-socks-4.1.89.Final.jar;C:\Users\felip\.m2\repository\org\springframework\spring-web\6.0.6\spring-web-6.0.6.jar;C:\Users\felip\.m2\repository\org\springframework\spring-webflux\6.0.6\spring-webflux-6.0.6.jar;C:\Users\felip\.m2\repository\io\projectreactor\reactor-core\3.5.3\reactor-core-3.5.3.jar;C:\Users\felip\.m2\repository\org\reactivestreams\reactive-streams\1.0.4\reactive-streams-1.0.4.jar;C:\Users\felip\.m2\repository\org\springframework\amqp\spring-amqp\3.0.2\spring-amqp-3.0.2.jar;C:\Users\felip\.m2\repository\org\springframework\spring-core\6.0.6\spring-core-6.0.6.jar;C:\Users\felip\.m2\repository\org\springframework\spring-jcl\6.0.6\spring-jcl-6.0.6.jar;C:\Users\felip\.m2\repository\org\springframework\retry\spring-retry\2.0.0\spring-retry-2.0.0.jar;C:\Users\felip\.m2\repository\org\springframework\amqp\spring-rabbit\3.0.2\spring-rabbit-3.0.2.jar;C:\Users\felip\.m2\repository\com\rabbitmq\amqp-client\5.16.0\amqp-client-5.16.0.jar;C:\Users\felip\.m2\repository\org\slf4j\slf4j-api\2.0.6\slf4j-api-2.0.6.jar;C:\Users\felip\.m2\repository\org\springframework\spring-context\6.0.6\spring-context-6.0.6.jar;C:\Users\felip\.m2\repository\org\springframework\spring-expression\6.0.6\spring-expression-6.0.6.jar;C:\Users\felip\.m2\repository\org\springframework\spring-tx\6.0.6\spring-tx-6.0.6.jar;C:\Users\felip\.m2\repository\io\micrometer\micrometer-observation\1.10.4\micrometer-observation-1.10.4.jar;C:\Users\felip\.m2\repository\io\micrometer\micrometer-commons\1.10.4\micrometer-commons-1.10.4.jar;C:\Users\felip\.m2\repository\org\apache\logging\log4j\log4j-core\2.19.0\log4j-core-2.19.0.jar;C:\Users\felip\.m2\repository\org\apache\logging\log4j\log4j-api\2.19.0\log4j-api-2.19.0.jar;C:\Users\felip\.m2\repository\org\projectlombok\lombok\1.18.26\lombok-1.18.26.jar;C:\Users\felip\.m2\repository\org\springframework\boot\spring-boot-starter-actuator\3.0.4\spring-boot-starter-actuator-3.0.4.jar;C:\Users\felip\.m2\repository\org\springframework\boot\spring-boot-actuator-autoconfigure\3.0.4\spring-boot-actuator-autoconfigure-3.0.4.jar;C:\Users\felip\.m2\repository\org\springframework\boot\spring-boot-actuator\3.0.4\spring-boot-actuator-3.0.4.jar;C:\Users\felip\.m2\repository\io\micrometer\micrometer-core\1.10.4\micrometer-core-1.10.4.jar;C:\Users\felip\.m2\repository\org\hdrhistogram\HdrHistogram\2.1.12\HdrHistogram-2.1.12.jar;C:\Users\felip\.m2\repository\org\latencyutils\LatencyUtils\2.0.3\LatencyUtils-2.0.3.jar;C:\Users\felip\.m2\repository\org\springframework\boot\spring-boot-starter-data-jpa\3.0.4\spring-boot-starter-data-jpa-3.0.4.jar;C:\Users\felip\.m2\repository\org\springframework\boot\spring-boot-starter-aop\3.0.4\spring-boot-starter-aop-3.0.4.jar;C:\Users\felip\.m2\repository\org\aspectj\aspectjweaver\1.9.19\aspectjweaver-1.9.19.jar;C:\Users\felip\.m2\repository\org\springframework\boot\spring-boot-starter-jdbc\3.0.4\spring-boot-starter-jdbc-3.0.4.jar;C:\Users\felip\.m2\repository\com\zaxxer\HikariCP\5.0.1\HikariCP-5.0.1.jar;C:\Users\felip\.m2\repository\org\springframework\spring-jdbc\6.0.6\spring-jdbc-6.0.6.jar;C:\Users\felip\.m2\repository\org\hibernate\orm\hibernate-core\6.1.7.Final\hibernate-core-6.1.7.Final.jar;C:\Users\felip\.m2\repository\jakarta\persistence\jakarta.persistence-api\3.1.0\jakarta.persistence-api-3.1.0.jar;C:\Users\felip\.m2\repository\jakarta\transaction\jakarta.transaction-api\2.0.1\jakarta.transaction-api-2.0.1.jar;C:\Users\felip\.m2\repository\org\jboss\logging\jboss-logging\3.5.0.Final\jboss-logging-3.5.0.Final.jar;C:\Users\felip\.m2\repository\org\hibernate\common\hibernate-commons-annotations\6.0.6.Final\hibernate-commons-annotations-6.0.6.Final.jar;C:\Users\felip\.m2\repository\org\jboss\jandex\2.4.2.Final\jandex-2.4.2.Final.jar;C:\Users\felip\.m2\repository\com\fasterxml\classmate\1.5.1\classmate-1.5.1.jar;C:\Users\felip\.m2\repository\net\bytebuddy\byte-buddy\1.12.23\byte-buddy-1.12.23.jar;C:\Users\felip\.m2\repository\org\glassfish\jaxb\jaxb-runtime\4.0.2\jaxb-runtime-4.0.2.jar;C:\Users\felip\.m2\repository\org\glassfish\jaxb\jaxb-core\4.0.2\jaxb-core-4.0.2.jar;C:\Users\felip\.m2\repository\org\eclipse\angus\angus-activation\2.0.0\angus-activation-2.0.0.jar;C:\Users\felip\.m2\repository\org\glassfish\jaxb\txw2\4.0.2\txw2-4.0.2.jar;C:\Users\felip\.m2\repository\com\sun\istack\istack-commons-runtime\4.1.1\istack-commons-runtime-4.1.1.jar;C:\Users\felip\.m2\repository\jakarta\inject\jakarta.inject-api\2.0.0\jakarta.inject-api-2.0.0.jar;C:\Users\felip\.m2\repository\org\antlr\antlr4-runtime\4.10.1\antlr4-runtime-4.10.1.jar;C:\Users\felip\.m2\repository\org\springframework\data\spring-data-jpa\3.0.3\spring-data-jpa-3.0.3.jar;C:\Users\felip\.m2\repository\org\springframework\data\spring-data-commons\3.0.3\spring-data-commons-3.0.3.jar;C:\Users\felip\.m2\repository\org\springframework\spring-orm\6.0.6\spring-orm-6.0.6.jar;C:\Users\felip\.m2\repository\org\springframework\spring-aspects\6.0.6\spring-aspects-6.0.6.jar;C:\Users\felip\.m2\repository\org\springframework\boot\spring-boot-starter-data-mongodb\3.0.4\spring-boot-starter-data-mongodb-3.0.4.jar;C:\Users\felip\.m2\repository\org\mongodb\mongodb-driver-sync\4.8.2\mongodb-driver-sync-4.8.2.jar;C:\Users\felip\.m2\repository\org\mongodb\bson\4.8.2\bson-4.8.2.jar;C:\Users\felip\.m2\repository\org\mongodb\mongodb-driver-core\4.8.2\mongodb-driver-core-4.8.2.jar;C:\Users\felip\.m2\repository\org\mongodb\bson-record-codec\4.8.2\bson-record-codec-4.8.2.jar;C:\Users\felip\.m2\repository\org\springframework\data\spring-data-mongodb\4.0.3\spring-data-mongodb-4.0.3.jar;C:\Users\felip\.m2\repository\org\springframework\boot\spring-boot-starter-security\3.0.4\spring-boot-starter-security-3.0.4.jar;C:\Users\felip\.m2\repository\org\springframework\spring-aop\6.0.6\spring-aop-6.0.6.jar;C:\Users\felip\.m2\repository\org\springframework\security\spring-security-config\6.0.2\spring-security-config-6.0.2.jar;C:\Users\felip\.m2\repository\org\springframework\security\spring-security-core\6.0.2\spring-security-core-6.0.2.jar;C:\Users\felip\.m2\repository\org\springframework\security\spring-security-crypto\6.0.2\spring-security-crypto-6.0.2.jar;C:\Users\felip\.m2\repository\org\springframework\security\spring-security-web\6.0.2\spring-security-web-6.0.2.jar;C:\Users\felip\.m2\repository\org\springframework\boot\spring-boot-starter-web\3.0.4\spring-boot-starter-web-3.0.4.jar;C:\Users\felip\.m2\repository\org\springframework\boot\spring-boot-starter-tomcat\3.0.4\spring-boot-starter-tomcat-3.0.4.jar;C:\Users\felip\.m2\repository\org\apache\tomcat\embed\tomcat-embed-core\10.1.5\tomcat-embed-core-10.1.5.jar;C:\Users\felip\.m2\repository\org\apache\tomcat\embed\tomcat-embed-websocket\10.1.5\tomcat-embed-websocket-10.1.5.jar;C:\Users\felip\.m2\repository\org\springframework\spring-webmvc\6.0.6\spring-webmvc-6.0.6.jar;C:\Users\felip\.m2\repository\org\springframework\boot\spring-boot-devtools\3.0.4\spring-boot-devtools-3.0.4.jar;C:\Users\felip\.m2\repository\org\springframework\boot\spring-boot\3.0.4\spring-boot-3.0.4.jar;C:\Users\felip\.m2\repository\org\springframework\boot\spring-boot-autoconfigure\3.0.4\spring-boot-autoconfigure-3.0.4.jar;C:\Users\felip\.m2\repository\com\mysql\mysql-connector-j\8.0.32\mysql-connector-j-8.0.32.jar;C:\Users\felip\.m2\repository\jakarta\xml\bind\jakarta.xml.bind-api\4.0.0\jakarta.xml.bind-api-4.0.0.jar;C:\Users\felip\.m2\repository\jakarta\activation\jakarta.activation-api\2.1.1\jakarta.activation-api-2.1.1.jar;C:\Users\felip\.m2\repository\org\springframework\boot\spring-boot-starter-validation\3.0.4\spring-boot-starter-validation-3.0.4.jar;C:\Users\felip\.m2\repository\org\apache\tomcat\embed\tomcat-embed-el\10.1.5\tomcat-embed-el-10.1.5.jar;C:\Users\felip\.m2\repository\org\hibernate\validator\hibernate-validator\8.0.0.Final\hibernate-validator-8.0.0.Final.jar;C:\Users\felip\.m2\repository\jakarta\validation\jakarta.validation-api\3.0.2\jakarta.validation-api-3.0.2.jar;C:\Users\felip\.m2\repository\io\jsonwebtoken\jjwt-api\0.11.5\jjwt-api-0.11.5.jar;C:\Users\felip\.m2\repository\io\jsonwebtoken\jjwt-impl\0.11.5\jjwt-impl-0.11.5.jar;C:\Users\felip\.m2\repository\io\jsonwebtoken\jjwt-jackson\0.11.5\jjwt-jackson-0.11.5.jar;C:\Users\felip\.m2\repository\com\fasterxml\jackson\core\jackson-databind\2.14.2\jackson-databind-2.14.2.jar;C:\Users\felip\.m2\repository\com\fasterxml\jackson\core\jackson-annotations\2.14.2\jackson-annotations-2.14.2.jar;C:\Users\felip\.m2\repository\com\fasterxml\jackson\core\jackson-core\2.14.2\jackson-core-2.14.2.jar
Launcher Type: SUN_STANDARD

[Global flags]
     intx CICompilerCount                          = 2                                         {product} {ergonomic}
     uint ConcGCThreads                            = 1                                         {product} {ergonomic}
     uint G1ConcRefinementThreads                  = 2                                         {product} {ergonomic}
   size_t G1HeapRegionSize                         = 1048576                                   {product} {ergonomic}
    uintx GCDrainStackTargetSize                   = 64                                        {product} {ergonomic}
   size_t InitialHeapSize                          = 65011712                                  {product} {ergonomic}
   size_t MarkStackSize                            = 4194304                                   {product} {ergonomic}
   size_t MaxHeapSize                              = 1027604480                                {product} {ergonomic}
   size_t MaxNewSize                               = 616562688                                 {product} {ergonomic}
   size_t MinHeapDeltaBytes                        = 1048576                                   {product} {ergonomic}
   size_t MinHeapSize                              = 8388608                                   {product} {ergonomic}
    uintx NonNMethodCodeHeapSize                   = 5826188                                {pd product} {ergonomic}
    uintx NonProfiledCodeHeapSize                  = 122916026                              {pd product} {ergonomic}
    uintx ProfiledCodeHeapSize                     = 122916026                              {pd product} {ergonomic}
    uintx ReservedCodeCacheSize                    = 251658240                              {pd product} {ergonomic}
     bool SegmentedCodeCache                       = true                                      {product} {ergonomic}
   size_t SoftMaxHeapSize                          = 1027604480                             {manageable} {ergonomic}
     bool UseCompressedClassPointers               = true                           {product lp64_product} {ergonomic}
     bool UseCompressedOops                        = true                           {product lp64_product} {ergonomic}
     bool UseG1GC                                  = true                                      {product} {ergonomic}
     bool UseLargePagesIndividualAllocation        = false                                  {pd product} {ergonomic}

Logging:
Log output configuration:
 #0: stdout all=warning uptime,level,tags foldmultilines=false
 #1: stderr all=off uptime,level,tags foldmultilines=false

Environment Variables:
PATH=C:\Program Files\Common Files\Oracle\Java\javapath;C:\Windows\system32;C:\Windows;C:\Windows\System32\Wbem;C:\Windows\System32\WindowsPowerShell\v1.0\;C:\Windows\System32\OpenSSH\;C:\Program Files\nodejs\;C:\Program Files (x86)\Microsoft SQL Server\150\Tools\Binn\;C:\Program Files\Microsoft SQL Server\150\Tools\Binn\;C:\Program Files (x86)\Microsoft SQL Server\150\DTS\Binn\;C:\Program Files\Microsoft SQL Server\150\DTS\Binn\;C:\Program Files\Microsoft SQL Server\Client SDK\ODBC\170\Tools\Binn\;C:\ProgramData\chocolatey\bin;C:\Program Files\Git\cmd;C:\Program Files\Git\mingw64\bin;C:\Program Files\Git\usr\bin;C:\Users\felip\Downloads\apache-maven-3.8.6;C:\Users\felip\Downloads\apache-maven-3.8.6\bin;C:\Program Files\MongoDB\Server\6.0\bin;;C:\Program Files\Docker\Docker\resources\bin;C:\Users\felip\AppData\Local\Programs\Python\Python310;C:\Users\felip\AppData\Local\Programs\Python\Python310\Scripts;C:\Program Files\Java\jdk-19\bin;C:\Users\felip\AppData\Local\Programs\Python\Python39;C:\Users\felip\AppData\Local\Programs\Microsoft VS Code\bin;C:\Users\felip\AppData\Local\Programs\mongosh\;C:\Program Files\MongoDB\Server\6.0\bin;C:\Program Files\Docker\Docker\resources\bin;
USERNAME=felip
OS=Windows_NT
PROCESSOR_IDENTIFIER=Intel64 Family 6 Model 122 Stepping 8, GenuineIntel



---------------  S Y S T E M  ---------------

OS:
 Windows 11 , 64 bit Build 22000 (10.0.22000.2003)
OS uptime: 0 days 12:10 hours
Hyper-V role detected

CPU: total 2 (initial active 2) (2 cores per cpu, 1 threads per core) family 6 model 122 stepping 8 microcode 0x18, cx8, cmov, fxsr, mmx, 3dnowpref, sse, sse2, sse3, ssse3, sse4.1, sse4.2, popcnt, tsc, tscinvbit, aes, erms, clmul, sha, clflush, clflushopt, hv

Memory: 4k page, system-wide physical 3918M (48M free)
TotalPageFile size 15694M (AvailPageFile size 3M)
current process WorkingSet (physical memory assigned to process): 68M, peak: 262M
current process commit charge ("private bytes"): 310M, peak: 310M

vm_info: OpenJDK 64-Bit Server VM (18.0.2.1+1-1) for windows-amd64 JRE (18.0.2.1+1-1), built on Aug 16 2022 01:44:29 by "mach5one" with MS VC++ 16.8 / 16.9 (VS2019)

END.
